#
# A fatal error has been detected by the Java Runtime Environment:
#
#  EXCEPTION_ACCESS_VIOLATION (0xc0000005) at pc=0x00007ffe0a1718b1, pid=20392, tid=9856
#
# JRE version: OpenJDK Runtime Environment (25.0.2+12) (build 25.0.2+12-LTS)
# Java VM: OpenJDK 64-Bit Server VM (25.0.2+12-LTS, mixed mode, sharing, tiered, compressed oops, compressed class ptrs, g1 gc, windows-amd64)
# Problematic frame:
# C  [libnative.dll+0x18b1]
#
# No core dump will be written. Minidumps are not enabled by default on client versions of Windows
#
# If you would like to submit a bug report, please visit:
#   https://bell-sw.com/support
# The crash happened outside the Java Virtual Machine in native code.
# See problematic frame for where to report the bug.
#

---------------  S U M M A R Y ------------

Command Line: -javaagent:C:\Program Files\JetBrains\IntelliJ IDEA 2025.3.4\lib\idea_rt.jar=49728 -Dfile.encoding=UTF-8 -Dsun.stdout.encoding=UTF-8 -Dsun.stderr.encoding=UTF-8 pwr.karmil.Main

Host: 11th Gen Intel(R) Core(TM) i5-11320H @ 3.20GHz, 8 cores, 15G,  Windows 11 , 64 bit Build 26100 (10.0.26100.8246)
Time: Wed May 13 02:19:44 2026 GMT (czas letni) elapsed time: 0.874558 seconds (0d 0h 0m 0s)

---------------  T H R E A D  ---------------

Current thread (0x000001beef774c40):  JavaThread "main"             [_thread_in_native, id=9856, stack(0x00000015b2a00000,0x00000015b2b00000) (1024K)]

Stack: [0x00000015b2a00000,0x00000015b2b00000],  sp=0x00000015b2aff480,  free space=1021k
Native frames: (J=compiled Java code, j=interpreted, Vv=VM code, C=native code)
C  [libnative.dll+0x18b1]  (no source info available)
C  0x000001be8753d2b3  (no source info available)

The last pc belongs to native method entry point (kind = native) (printed below).
Java frames: (J=compiled Java code, j=interpreted, Vv=VM code)
j  pwr.karmil.DiscreteFunc.nativeFunc([[D[[D)[[D+0
j  pwr.karmil.Main.useFilter(Ljava/lang/String;Ljava/lang/String;)V+273
j  pwr.karmil.Main.main([Ljava/lang/String;)V+13
v  ~StubRoutines::call_stub 0x000001be875312ed

siginfo: EXCEPTION_ACCESS_VIOLATION (0xc0000005), writing address 0x000001beefaaf000


Registers:
RAX=0x000001be9688f2e0, RBX=0x000001be96873b40, RCX=0x000001be968942e0, RDX=0x000001be96891ae0
RSP=0x00000015b2aff480, RBP=0x0000000000000000, RSI=0x000001beef775088, RDI=0x000001beefaad980
R8 =0x000001be96874120, R9 =0x000001be96873d00, R10=0x0000000000001680, R11=0x00000000000027e0
R12=0x00000000000027f0, R13=0x00000000000027e8, R14=0x00000000000027e0, R15=0x000001beefab0100
RIP=0x00007ffe0a1718b1, EFLAGS=0x0000000000010287

XMM[0]=0x0000000000000000 0x0000000000000000
XMM[1]=0x3ff0000000000000 0x3ff0000000000000
XMM[2]=0x0000000000000000 0x0000000000000000
XMM[3]=0xbff0000000000000 0xbff0000000000000
XMM[4]=0x4000000000000000 0x4000000000000000
XMM[5]=0x0000000000000000 0x0000000000000000
XMM[6]=0xc000000000000000 0xc000000000000000
XMM[7]=0x3ff0000000000000 0x3ff0000000000000
XMM[8]=0x0000000000000000 0x0000000000000000
XMM[9]=0xbff0000000000000 0xbff0000000000000
XMM[10]=0x406fc00000000000 0x406fc00000000000
XMM[11]=0x0000000000000000 0x0000000000000000
XMM[12]=0x0000000000000000 0x8000000000000000
XMM[13]=0x0000000000000000 0xbff0000000000000
XMM[14]=0x0000000000000000 0x8000000000000000
XMM[15]=0x0000000000000000 0xc000000000000000
  MXCSR=0x00001fa0


Register to memory mapping:

RAX=0x000001be9688f2e0 points into unknown readable memory: 0x0000000000000000 | 00 00 00 00 00 00 00 00
RBX=0x000001be96873b40 points into unknown readable memory: 0xbff0000000000000 | 00 00 00 00 00 00 f0 bf
RCX=0x000001be968942e0 points into unknown readable memory: 0x0000000000000000 | 00 00 00 00 00 00 00 00
RDX=0x000001be96891ae0 points into unknown readable memory: 0x0000000000000000 | 00 00 00 00 00 00 00 00
RSP=0x00000015b2aff480 is pointing into the stack for thread: 0x000001beef774c40
RBP=0x0 is null
RSI=0x000001beef775088 points into unknown readable memory: 0x00007ffd334631d0 | d0 31 46 33 fd 7f 00 00
RDI=0x000001beefaad980 points into unknown readable memory: 0x4087d00000000000 | 00 00 00 00 00 d0 87 40
R8 =0x000001be96874120 points into unknown readable memory: 0xc000000000000000 | 00 00 00 00 00 00 00 c0
R9 =0x000001be96873d00 points into unknown readable memory: 0xbff0000000000000 | 00 00 00 00 00 00 f0 bf
R10=0x0000000000001680 is an unknown value
R11=0x00000000000027e0 is an unknown value
R12=0x00000000000027f0 is an unknown value
R13=0x00000000000027e8 is an unknown value
R14=0x00000000000027e0 is an unknown value
R15=0x000001beefab0100 points into unknown readable memory: 0x00000000000010e0 | e0 10 00 00 00 00 00 00

Top of Stack: (sp=0x00000015b2aff480)
0x00000015b2aff480:   000001be96873b40 000001beef775088   @;.......Pw.....
0x00000015b2aff490:   00000015b2aff550 00000015b2aff550   P.......P.......
0x00000015b2aff4a0:   0000000000000000 0000000000000000   ................
0x00000015b2aff4b0:   000001beefab0160 000001be967446c8   `........Ft.....
0x00000015b2aff4c0:   0000000000000000 000001beefab0168   ........h.......
0x00000015b2aff4d0:   000001be91de41a0 000001be967446c0   .A.......Ft.....
0x00000015b2aff4e0:   00000000000004fd 000004fe000004ff   ................
0x00000015b2aff4f0:   01000000000004fd 00000000000004fd   ................
0x00000015b2aff500:   00000000000027e0 000001beefaab180   .'..............
0x00000015b2aff510:   000004ff00000001 00000000000027f8   .........'......
0x00000015b2aff520:   00000015b2aff530 00000015b2aff550   0.......P.......
0x00000015b2aff530:   000001be914891d8 000001be914891e0   ..H.......H.....
0x00000015b2aff540:   000001be914891e8 000001be00000002   ..H.............
0x00000015b2aff550:   000001be96873b40 000001be96874120   @;...... A......
0x00000015b2aff560:   000001be96873d00 000001be92409290   .=........@.....
0x00000015b2aff570:   0000000000000160 0000000000000000   `...............
0x00000015b2aff580:   0000000713353910 0000000000000000   .95.............
0x00000015b2aff590:   0000000000000054 0000000000000000   T...............
0x00000015b2aff5a0:   0000000000000000 0000000000000000   ................
0x00000015b2aff5b0:   0000000000000000 0000000000000000   ................
0x00000015b2aff5c0:   000001be92409290 000001be92409290   ..@.......@.....
0x00000015b2aff5d0:   0000000000000000 000001be87538b18   ..........S.....
0x00000015b2aff5e0:   00000015b2aff690 0000000000000000   ................
0x00000015b2aff5f0:   000001be92409290 00000015b2aff6b8   ..@.............
0x00000015b2aff600:   000001beef774c40 000001be8753d2b3   @Lw.......S.....
0x00000015b2aff610:   000001be87538b18 000001be8753cfe3   ..S.......S.....
0x00000015b2aff620:   000001be92409290 0000000000000000   ..@.............
0x00000015b2aff630:   00000015b2aff690 00000015b2aff708   ................
0x00000015b2aff640:   000001be8753cf8b fffffffffffffff7   ..S.............
0x00000015b2aff650:   000001be92409290 0000000000000005   ..@.............
0x00000015b2aff660:   000001be92409400 0000000000000000   ..@.............
0x00000015b2aff670:   000000070b1011c0 000001be92409290   ..........@.....

Instructions: (pc=0x00007ffe0a1718b1)
  0x00007ffe0a1717b1:   fb 10 41 0f 97 c3 45 21 d3 4d 8d 51 18 4c 39 d7
  0x00007ffe0a1717c1:   41 0f 93 c2 4d 39 f9 41 0f 93 c7 45 09 fa 45 84
  0x00007ffe0a1717d1:   d3 0f 84 f8 02 00 00 80 7c 24 77 00 0f 84 ed 02
  0x00007ffe0a1717e1:   00 00 4c 8b 9c 24 80 00 00 00 45 31 d2 f2 44 0f
  0x00007ffe0a1717f1:   12 0b f2 44 0f 12 43 08 f2 0f 12 7b 10 f2 41 0f
  0x00007ffe0a171801:   12 30 f2 41 0f 12 19 f2 41 0f 12 68 08 f2 41 0f
  0x00007ffe0a171811:   12 60 10 f2 41 0f 12 51 08 f2 41 0f 12 49 10 66
  0x00007ffe0a171821:   42 0f 10 04 10 66 46 0f 10 54 10 08 66 41 0f 59
  0x00007ffe0a171831:   c1 66 45 0f 59 d0 66 41 0f 58 c2 66 46 0f 10 54
  0x00007ffe0a171841:   10 10 66 44 0f 59 d7 66 41 0f 58 c2 66 46 0f 10
  0x00007ffe0a171851:   14 12 66 44 0f 59 d6 66 41 0f 58 c2 66 46 0f 10
  0x00007ffe0a171861:   54 12 08 66 44 0f 59 d5 66 41 0f 58 c2 66 46 0f
  0x00007ffe0a171871:   10 54 12 10 66 44 0f 59 d4 66 41 0f 58 c2 66 46
  0x00007ffe0a171881:   0f 10 14 11 66 44 0f 59 d3 66 41 0f 58 c2 66 46
  0x00007ffe0a171891:   0f 10 54 11 08 66 44 0f 59 d2 66 41 0f 58 c2 66
  0x00007ffe0a1718a1:   46 0f 10 54 11 10 66 44 0f 59 d1 66 41 0f 58 c2
=>0x00007ffe0a1718b1:   42 0f 11 04 17 49 83 c2 10 4d 39 da 0f 85 5d ff
  0x00007ffe0a1718c1:   ff ff 44 8b 94 24 90 00 00 00 45 85 d2 0f 84 8f
  0x00007ffe0a1718d1:   00 00 00 f2 42 0f 10 04 28 f2 42 0f 10 0c 30 f2
  0x00007ffe0a1718e1:   0f 59 43 08 f2 0f 59 0b f2 0f 58 c1 f2 42 0f 10
  0x00007ffe0a1718f1:   0c 20 f2 0f 59 4b 10 48 8b 44 24 30 f2 0f 58 c1
  0x00007ffe0a171901:   f2 42 0f 10 0c 32 f2 41 0f 59 08 f2 0f 58 c1 f2
  0x00007ffe0a171911:   42 0f 10 0c 2a f2 41 0f 59 48 08 f2 0f 58 c1 f2
  0x00007ffe0a171921:   42 0f 10 0c 22 f2 41 0f 59 48 10 f2 0f 58 c1 f2
  0x00007ffe0a171931:   42 0f 10 0c 31 f2 41 0f 59 09 f2 0f 58 c1 f2 42
  0x00007ffe0a171941:   0f 10 0c 29 f2 41 0f 59 49 08 f2 0f 58 c1 f2 42
  0x00007ffe0a171951:   0f 10 0c 21 f2 41 0f 59 49 10 f2 0f 58 c1 f2 0f
  0x00007ffe0a171961:   11 00 4c 8b 7c 24 38 48 8b 06 45 31 c0 48 89 f1
  0x00007ffe0a171971:   44 8b 4c 24 6c 48 89 7c 24 20 48 83 c5 01 4c 89
  0x00007ffe0a171981:   fa ff 90 b0 06 00 00 48 8b 06 4d 89 f9 48 89 f1
  0x00007ffe0a171991:   44 8b 44 24 44 48 8b 54 24 58 ff 90 70 05 00 00
  0x00007ffe0a1719a1:   48 8b 06 4c 89 fa 48 89 f1 ff 90 b8 00 00 00 48


Stack slot to memory mapping:

stack at sp + 0 slots: 0x000001be96873b40 points into unknown readable memory: 0xbff0000000000000 | 00 00 00 00 00 00 f0 bf
stack at sp + 1 slots: 0x000001beef775088 points into unknown readable memory: 0x00007ffd334631d0 | d0 31 46 33 fd 7f 00 00
stack at sp + 2 slots: 0x00000015b2aff550 is pointing into the stack for thread: 0x000001beef774c40
stack at sp + 3 slots: 0x00000015b2aff550 is pointing into the stack for thread: 0x000001beef774c40
stack at sp + 4 slots: 0x0 is null
stack at sp + 5 slots: 0x0 is null
stack at sp + 6 slots: 0x000001beefab0160 points into unknown readable memory: 0x0000000000000000 | 00 00 00 00 00 00 00 00
stack at sp + 7 slots: 0x000001be967446c8 points into unknown readable memory: 0x0000000713354e08 | 08 4e 35 13 07 00 00 00

Lock stack of current Java thread (top to bottom):

native method entry point (kind = native)  [0x000001be8753cee0, 0x000001be8753dae0]  3072 bytes
[MachCode]
  0x000001be8753cee0: 488b 4b08 | 0fb7 492e | 584c 8d74 | ccf8 6800 | 0000 0068 | 0000 0000 | 5055 488b | ec41 5548 
  0x000001be8753cf00: 8b43 084c | 8d68 3848 | 8b40 0868 | 0000 0000 | 5348 8b50 | 1848 8b52 | 7048 8b12 | 5248 8b53 
  0x000001be8753cf20: 1048 85d2 | 7407 4881 | c2d0 0000 | 0052 488b | 5010 5249 | 8bc6 482b | c548 c1e8 | 0350 6800 
  0x000001be8753cf40: 0000 0068 | f7ff ffff | 41c6 87f1 | 0400 0001 | 488b 4310 | 4885 c074 | 208b 8890 | 0000 0083 
  0x000001be8753cf60: c102 8988 | 9000 0000 | 2388 a400 | 0000 0f84 | b80a 0000 | e9cf 0000 | 0048 8b43 | 1848 85c0 
  0x000001be8753cf80: 0f85 b000 | 0000 e805 | 0000 00e9 | 9900 0000 | 488b d348 | 8d44 2408 | 4c89 6dc0 | 498b cfc5 
  0x000001be8753cfa0: f877 4989 | af38 0400 | 0049 8987 | 2804 0000 | 4883 ec20 | 40f6 c40f | 0f84 1900 | 0000 4883 
  0x000001be8753cfc0: ec08 48b8 | 5041 b332 | fd7f 0000 | ffd0 4883 | c408 e90c | 0000 0048 | b850 41b3 | 32fd 7f00 
  0x000001be8753cfe0: 00ff d048 | 83c4 2049 | c787 2804 | 0000 0000 | 0000 49c7 | 8738 0400 | 0000 0000 | 0049 c787 
  0x000001be8753d000: 3004 0000 | 0000 0000 | c5f8 7749 | 837f 0800 | 0f84 0500 | 0000 e9c5 | 41ff ff4c | 8b6d c04c 
  0x000001be8753d020: 8b75 c84e | 8d74 f500 | c348 8b43 | 1848 85c0 | 0f84 1200 | 0000 8b48 | 0883 c102 | 8948 0823 
  0x000001be8753d040: 482c 0f84 | e409 0000 | 493b a770 | 0500 000f | 8748 0000 | 0089 8424 | 00f0 ffff | 8984 2400 
  0x000001be8753d060: e0ff ff89 | 8424 00d0 | ffff 8984 | 2400 c0ff | ff89 8424 | 00b0 ffff | 8984 2400 | a0ff ff89 
  0x000001be8753d080: 8424 0090 | ffff 8984 | 2400 80ff | ff49 3ba7 | 6805 0000 | 7607 4989 | a770 0500 | 0041 c687 
  0x000001be8753d0a0: f104 0000 | 0048 8b5d | e84c 8b5b | 0845 0fb7 | 5b2e 41c1 | e303 492b | e348 83ec | 2048 83e4 
  0x000001be8753d0c0: f04c 8b5b | 604d 85db | 0f85 ab00 | 0000 e805 | 0000 00e9 | 9900 0000 | 488b d348 | 8d44 2408 
  0x000001be8753d0e0: 4c89 6dc0 | 498b cfc5 | f877 4989 | af38 0400 | 0049 8987 | 2804 0000 | 4883 ec20 | 40f6 c40f 
  0x000001be8753d100: 0f84 1900 | 0000 4883 | ec08 48b8 | 506a b332 | fd7f 0000 | ffd0 4883 | c408 e90c | 0000 0048 
  0x000001be8753d120: b850 6ab3 | 32fd 7f00 | 00ff d048 | 83c4 2049 | c787 2804 | 0000 0000 | 0000 49c7 | 8738 0400 
  0x000001be8753d140: 0000 0000 | 0049 c787 | 3004 0000 | 0000 0000 | c5f8 7749 | 837f 0800 | 0f84 0500 | 0000 e97d 
  0x000001be8753d160: 40ff ff4c | 8b6d c04c | 8b75 c84e | 8d74 f500 | c348 8b5d | e84c 8b5b | 6041 ffd3 | 488b 5de8 
  0x000001be8753d180: 4889 4518 | 440f b75b | 2c41 f6c3 | 080f 841b | 0000 004c | 8b5b 084d | 8b5b 084d | 8b5b 184d 
  0x000001be8753d1a0: 8b5b 704d | 8b1b 4c89 | 5d10 488d | 5510 488b | 4358 49ba | 404a ee32 | fd7f 0000 | 493b c20f 
  0x000001be8753d1c0: 85ab 0000 | 00e8 0500 | 0000 e999 | 0000 0048 | 8bd3 488d | 4424 084c | 896d c049 | 8bcf c5f8 
  0x000001be8753d1e0: 7749 89af | 3804 0000 | 4989 8728 | 0400 0048 | 83ec 2040 | f6c4 0f0f | 8419 0000 | 0048 83ec 
  0x000001be8753d200: 0848 b850 | 6ab3 32fd | 7f00 00ff | d048 83c4 | 08e9 0c00 | 0000 48b8 | 506a b332 | fd7f 0000 
  0x000001be8753d220: ffd0 4883 | c420 49c7 | 8728 0400 | 0000 0000 | 0049 c787 | 3804 0000 | 0000 0000 | 49c7 8730 
  0x000001be8753d240: 0400 0000 | 0000 00c5 | f877 4983 | 7f08 000f | 8405 0000 | 00e9 863f | ffff 4c8b | 6dc0 4c8b 
  0x000001be8753d260: 75c8 4e8d | 74f5 00c3 | 488b 5de8 | 488b 4358 | 498d 8f48 | 0400 004c | 8d15 d500 | 0000 4d89 
  0x000001be8753d280: 9730 0400 | 00c5 f877 | 4989 af38 | 0400 0049 | 89a7 2804 | 0000 41c7 | 87d4 0400 | 0004 0000 
  0x000001be8753d2a0: 0049 3ba7 | c805 0000 | 7607 4989 | a7c8 0500 | 00ff d049 | 3ba7 c805 | 0000 720b | 49c7 87c8 
  0x000001be8753d2c0: 0500 0000 | 0000 00c5 | f877 4883 | ec10 c5fb | 1104 2448 | 83ec 1048 | 8904 2448 | c744 2408 
  0x000001be8753d2e0: 0000 0000 | 41c7 87d4 | 0400 0005 | 0000 00f0 | 8344 24c0 | 0049 3b6f | 280f 870e | 0000 0041 
  0x000001be8753d300: 83bf d004 | 0000 000f | 8420 0000 | 0049 8bcf | 4c8b e448 | 83ec 2048 | 83e4 f048 | b810 d4b4 
  0x000001be8753d320: 32fd 7f00 | 00ff d049 | 8be4 4d33 | e441 c787 | d404 0000 | 0800 0000 | 4d8b 97f0 | 0500 0049 
  0x000001be8753d340: 83fa 0074 | 3549 c787 | f005 0000 | 0000 0000 | 41ff e249 | ba60 be53 | 87be 0100 | 0041 ffd2 
  0x000001be8753d360: 4883 ec10 | c5fb 1104 | 2448 83ec | 1048 8904 | 2448 c744 | 2408 0000 | 0000 49c7 | 8728 0400 
  0x000001be8753d380: 0000 0000 | 0049 c787 | 3804 0000 | 0000 0000 | 49c7 8730 | 0400 0000 | 0000 00c5 | f877 4d8b 
  0x000001be8753d3a0: 9fb8 0400 | 0041 c783 | 0001 0000 | 0000 0000 | 49bb 5aa7 | 5387 be01 | 0000 4c3b | 5d18 0f85 
  0x000001be8753d3c0: 5b02 0000 | 488b 0424 | 4883 c410 | 4885 c00f | 8435 0200 | 00a8 030f | 8508 0000 | 0048 8b00 
  0x000001be8753d3e0: e925 0200 | 00a8 010f | 8509 0000 | 0048 8b40 | fee9 1402 | 0000 488b | 40ff 4180 | 7f48 000f 
  0x000001be8753d400: 8405 0200 | 0048 83f8 | 000f 84fb | 0100 004d | 8b5f 384d | 85db 0f84 | 1400 0000 | 4983 eb08 
  0x000001be8753d420: 4d89 5f38 | 4d03 5f40 | 4989 03e9 | da01 0000 | 4881 ecf0 | 0000 0048 | 8904 2448 | 894c 2408 
  0x000001be8753d440: 4889 5424 | 104c 8944 | 2418 4c89 | 4c24 204c | 8954 2428 | 4c89 5c24 | 30c5 fb11 | 4424 40c5 
  0x000001be8753d460: fb11 4c24 | 48c5 fb11 | 5424 50c5 | fb11 5c24 | 58c5 fb11 | 6424 60c5 | fb11 6c24 | 6862 e1ff 
  0x000001be8753d480: 0811 4424 | 0e62 e1ff | 0811 4c24 | 0f62 e1ff | 0811 5424 | 1062 e1ff | 0811 5c24 | 1162 e1ff 
  0x000001be8753d4a0: 0811 6424 | 1262 e1ff | 0811 6c24 | 1362 e1ff | 0811 7424 | 1462 e1ff | 0811 7c24 | 1562 61ff 
  0x000001be8753d4c0: 0811 4424 | 1662 61ff | 0811 4c24 | 1762 61ff | 0811 5424 | 1862 61ff | 0811 5c24 | 1962 61ff 
  0x000001be8753d4e0: 0811 6424 | 1a62 61ff | 0811 6c24 | 1b62 61ff | 0811 7424 | 1c62 61ff | 0811 7c24 | 1d49 8bd7 
  0x000001be8753d500: 488b c848 | 83ec 2040 | f6c4 0f0f | 8419 0000 | 0048 83ec | 0848 b8e0 | 76a7 32fd | 7f00 00ff 
  0x000001be8753d520: d048 83c4 | 08e9 0c00 | 0000 48b8 | e076 a732 | fd7f 0000 | ffd0 4883 | c420 6261 | ff08 107c 
  0x000001be8753d540: 241d 6261 | ff08 1074 | 241c 6261 | ff08 106c | 241b 6261 | ff08 1064 | 241a 6261 | ff08 105c 
  0x000001be8753d560: 2419 6261 | ff08 1054 | 2418 6261 | ff08 104c | 2417 6261 | ff08 1044 | 2416 62e1 | ff08 107c 
  0x000001be8753d580: 2415 62e1 | ff08 1074 | 2414 62e1 | ff08 106c | 2413 62e1 | ff08 1064 | 2412 62e1 | ff08 105c 
  0x000001be8753d5a0: 2411 62e1 | ff08 1054 | 2410 62e1 | ff08 104c | 240f 62e1 | ff08 1044 | 240e c5fb | 106c 2468 
  0x000001be8753d5c0: c5fb 1064 | 2460 c5fb | 105c 2458 | c5fb 1054 | 2450 c5fb | 104c 2448 | c5fb 1044 | 2440 4c8b 
  0x000001be8753d5e0: 5c24 304c | 8b54 2428 | 4c8b 4c24 | 204c 8b44 | 2418 488b | 5424 1048 | 8b4c 2408 | 488b 0424 
  0x000001be8753d600: 4881 c4f0 | 0000 00c5 | f877 4889 | 4510 4883 | ec10 4889 | 0424 48c7 | 4424 0800 | 0000 0041 
  0x000001be8753d620: 83bf 5005 | 0000 020f | 85bf 0000 | 0048 81ec | 8000 0000 | 4889 4424 | 7848 894c | 2470 4889 
  0x000001be8753d640: 5424 6848 | 895c 2460 | 4889 6c24 | 5048 8974 | 2448 4889 | 7c24 404c | 8944 2438 | 4c89 4c24 
  0x000001be8753d660: 304c 8954 | 2428 4c89 | 5c24 204c | 8964 2418 | 4c89 6c24 | 104c 8974 | 2408 4c89 | 3c24 4c8b 
  0x000001be8753d680: e448 83ec | 2048 83e4 | f048 b8c0 | 31ee 32fd | 7f00 00ff | d049 8be4 | 4c8b 3c24 | 4c8b 7424 
  0x000001be8753d6a0: 084c 8b6c | 2410 4c8b | 6424 184c | 8b5c 2420 | 4c8b 5424 | 284c 8b4c | 2430 4c8b | 4424 3848 
  0x000001be8753d6c0: 8b7c 2440 | 488b 7424 | 4848 8b6c | 2450 488b | 5c24 6048 | 8b54 2468 | 488b 4c24 | 7048 8b44 
  0x000001be8753d6e0: 2478 4881 | c480 0000 | 004d 33e4 | 488b 5de8 | 4c8b 6b08 | 4d8d 6d38 | 4983 7f08 | 000f 84bb 
  0x000001be8753d700: 0000 00e8 | 0500 0000 | e996 0000 | 0048 8d44 | 2408 4c89 | 6dc0 498b | cfc5 f877 | 4989 af38 
  0x000001be8753d720: 0400 0049 | 8987 2804 | 0000 4883 | ec20 40f6 | c40f 0f84 | 1900 0000 | 4883 ec08 | 48b8 f088 
  0x000001be8753d740: b332 fd7f | 0000 ffd0 | 4883 c408 | e90c 0000 | 0048 b8f0 | 88b3 32fd | 7f00 00ff | d048 83c4 
  0x000001be8753d760: 2049 c787 | 2804 0000 | 0000 0000 | 49c7 8738 | 0400 0000 | 0000 0049 | c787 3004 | 0000 0000 
  0x000001be8753d780: 0000 c5f8 | 7749 837f | 0800 0f84 | 0500 0000 | e94b 3aff | ff4c 8b6d | c04c 8b75 | c84e 8d74 
  0x000001be8753d7a0: f500 c348 | b9f8 2620 | 33fd 7f00 | 0048 83e4 | f048 b8c0 | afda 32fd | 7f00 00ff | d0f4 440f 
  0x000001be8753d7c0: b75b 2c41 | f6c3 200f | 8472 0100 | 0048 8d55 | a84c 8b5a | 084d 85db | 0f85 bb00 | 0000 e805 
  0x000001be8753d7e0: 0000 00e9 | 9600 0000 | 488d 4424 | 084c 896d | c049 8bcf | c5f8 7749 | 89af 3804 | 0000 4989 
  0x000001be8753d800: 8728 0400 | 0048 83ec | 2040 f6c4 | 0f0f 8419 | 0000 0048 | 83ec 0848 | b820 88b3 | 32fd 7f00 
  0x000001be8753d820: 00ff d048 | 83c4 08e9 | 0c00 0000 | 48b8 2088 | b332 fd7f | 0000 ffd0 | 4883 c420 | 49c7 8728 
  0x000001be8753d840: 0400 0000 | 0000 0049 | c787 3804 | 0000 0000 | 0000 49c7 | 8730 0400 | 0000 0000 | 00c5 f877 
  0x000001be8753d860: 4983 7f08 | 000f 8405 | 0000 00e9 | 7039 ffff | 4c8b 6dc0 | 4c8b 75c8 | 4e8d 74f5 | 00c3 48b9 
  0x000001be8753d880: f826 2033 | fd7f 0000 | 4883 e4f0 | 48b8 c0af | da32 fd7f | 0000 ffd0 | f44c 896d | c04c 8b4a 
  0x000001be8753d8a0: 0848 c742 | 0800 0000 | 0045 8b87 | d806 0000 | 4f3b 4c07 | f80f 8542 | 0000 0041 | 83af d806 
  0x000001be8753d8c0: 0000 084f | 3b4c 07f0 | 0f84 2a00 | 0000 498b | 01a8 020f | 8512 0000 | 004c 8bc0 | 4983 c801 
  0x000001be8753d8e0: f04d 0fb1 | 010f 840d | 0000 0041 | 8387 d806 | 0000 08e9 | 0500 0000 | e93e 0000 | 004c 894a 
  0x000001be8753d900: 0848 8bca | 4883 ec20 | 40f6 c40f | 0f84 1900 | 0000 4883 | ec08 48b8 | 205a b332 | fd7f 0000 
  0x000001be8753d920: ffd0 4883 | c408 e90c | 0000 0048 | b820 5ab3 | 32fd 7f00 | 00ff d048 | 83c4 204c | 8b6d c041 
  0x000001be8753d940: c687 9603 | 0000 0149 | 3b6f 280f | 8705 0000 | 00e9 ab00 | 0000 4883 | ec10 c5fb | 1104 2448 
  0x000001be8753d960: 83ec 1048 | 8904 2448 | c744 2408 | 0000 0000 | c5f8 7749 | 89af 3804 | 0000 49ba | 70d9 5387 
  0x000001be8753d980: be01 0000 | 4d89 9730 | 0400 0049 | 89a7 2804 | 0000 498b | cf48 83ec | 2040 f6c4 | 0f0f 8419 
  0x000001be8753d9a0: 0000 0048 | 83ec 0848 | b8e0 40b3 | 32fd 7f00 | 00ff d048 | 83c4 08e9 | 0c00 0000 | 48b8 e040 
  0x000001be8753d9c0: b332 fd7f | 0000 ffd0 | 4883 c420 | 49c7 8728 | 0400 0000 | 0000 0049 | c787 3804 | 0000 0000 
  0x000001be8753d9e0: 0000 49c7 | 8730 0400 | 0000 0000 | 00c5 f877 | 488b 0424 | 4883 c410 | c5fb 1004 | 2448 83c4 
  0x000001be8753da00: 1048 8b04 | 2448 83c4 | 10c5 fb10 | 0424 4883 | c410 4c8b | 5d18 41ff | d34c 8b5d | f8c9 41c6 
  0x000001be8753da20: 8796 0300 | 0000 5f49 | 8be3 ffe7 | ba00 0000 | 00e8 0500 | 0000 e996 | 0000 0048 | 8d44 2408 
  0x000001be8753da40: 4c89 6dc0 | 498b cfc5 | f877 4989 | af38 0400 | 0049 8987 | 2804 0000 | 4883 ec20 | 40f6 c40f 
  0x000001be8753da60: 0f84 1900 | 0000 4883 | ec08 48b8 | 3050 b332 | fd7f 0000 | ffd0 4883 | c408 e90c | 0000 0048 
  0x000001be8753da80: b830 50b3 | 32fd 7f00 | 00ff d048 | 83c4 2049 | c787 2804 | 0000 0000 | 0000 49c7 | 8738 0400 
  0x000001be8753daa0: 0000 0000 | 0049 c787 | 3004 0000 | 0000 0000 | c5f8 7749 | 837f 0800 | 0f84 0500 | 0000 e91d 
  0x000001be8753dac0: 37ff ff4c | 8b6d c04c | 8b75 c84e | 8d74 f500 | c348 8b5d | e8e9 6ef5 | ffff 660f | 1f44 0000 
[/MachCode]

---------------  P R O C E S S  ---------------

Threads class SMR info:
_java_thread_list=0x000001be96624270, length=17, elements={
0x000001beef774c40, 0x000001be9149a930, 0x000001be9149bf10, 0x000001be9149efc0,
0x000001be914a2f10, 0x000001be914a4640, 0x000001be914ac1b0, 0x000001be914b9900,
0x000001be914c9af0, 0x000001be916cfc20, 0x000001be916e8770, 0x000001be916eb620,
0x000001be917324a0, 0x000001be960748d0, 0x000001be96622d10, 0x000001be965fcf00,
0x000001be9661ea30
}

Java Threads: ( => current thread )
=>0x000001beef774c40 JavaThread "main"                              [_thread_in_native, id=9856, stack(0x00000015b2a00000,0x00000015b2b00000) (1024K)]
  0x000001be9149a930 JavaThread "Reference Handler"          daemon [_thread_blocked, id=9712, stack(0x00000015b3200000,0x00000015b3300000) (1024K)]
  0x000001be9149bf10 JavaThread "Finalizer"                  daemon [_thread_blocked, id=30752, stack(0x00000015b3300000,0x00000015b3400000) (1024K)]
  0x000001be9149efc0 JavaThread "Signal Dispatcher"          daemon [_thread_blocked, id=26132, stack(0x00000015b3400000,0x00000015b3500000) (1024K)]
  0x000001be914a2f10 JavaThread "Attach Listener"            daemon [_thread_blocked, id=32960, stack(0x00000015b3500000,0x00000015b3600000) (1024K)]
  0x000001be914a4640 JavaThread "Service Thread"             daemon [_thread_blocked, id=34724, stack(0x00000015b3600000,0x00000015b3700000) (1024K)]
  0x000001be914ac1b0 JavaThread "Monitor Deflation Thread"   daemon [_thread_blocked, id=34452, stack(0x00000015b3700000,0x00000015b3800000) (1024K)]
  0x000001be914b9900 JavaThread "C2 CompilerThread0"         daemon [_thread_blocked, id=25752, stack(0x00000015b3800000,0x00000015b3900000) (1024K)]
  0x000001be914c9af0 JavaThread "C1 CompilerThread0"         daemon [_thread_blocked, id=25416, stack(0x00000015b3900000,0x00000015b3a00000) (1024K)]
  0x000001be916cfc20 JavaThread "Common-Cleaner"             daemon [_thread_blocked, id=23032, stack(0x00000015b3a00000,0x00000015b3b00000) (1024K)]
  0x000001be916e8770 JavaThread "Monitor Ctrl-Break"         daemon [_thread_in_native, id=12692, stack(0x00000015b3b00000,0x00000015b3c00000) (1024K)]
  0x000001be916eb620 JavaThread "Notification Thread"        daemon [_thread_blocked, id=29180, stack(0x00000015b3c00000,0x00000015b3d00000) (1024K)]
  0x000001be917324a0 JavaThread "Java2D Disposer"            daemon [_thread_blocked, id=28088, stack(0x00000015b3e00000,0x00000015b3f00000) (1024K)]
  0x000001be960748d0 JavaThread "RMI TCP Accept-0"           daemon [_thread_in_native, id=9004, stack(0x00000015b4400000,0x00000015b4500000) (1024K)]
  0x000001be96622d10 JavaThread "RMI TCP Connection(1)-192.168.0.208" daemon [_thread_in_native, id=10844, stack(0x00000015b4500000,0x00000015b4600000) (1024K)]
  0x000001be965fcf00 JavaThread "RMI Scheduler(0)"           daemon [_thread_blocked, id=42076, stack(0x00000015b4600000,0x00000015b4700000) (1024K)]
  0x000001be9661ea30 JavaThread "JMX server connection timeout 38" daemon [_thread_blocked, id=26760, stack(0x00000015b4700000,0x00000015b4800000) (1024K)]
Total: 17

Other Threads:
  0x000001be91486e30 VMThread "VM Thread"                           [id=24320, stack(0x00000015b3100000,0x00000015b3200000) (1024K)]
  0x000001be91477740 WatcherThread "VM Periodic Task Thread"        [id=18728, stack(0x00000015b3000000,0x00000015b3100000) (1024K)]
  0x000001bef1c25490 WorkerThread "GC Thread#0"                     [id=16328, stack(0x00000015b2b00000,0x00000015b2c00000) (1024K)]
  0x000001be96537160 WorkerThread "GC Thread#1"                     [id=20784, stack(0x00000015b3f00000,0x00000015b4000000) (1024K)]
  0x000001be965379a0 WorkerThread "GC Thread#2"                     [id=42464, stack(0x00000015b4000000,0x00000015b4100000) (1024K)]
  0x000001be965381e0 WorkerThread "GC Thread#3"                     [id=35792, stack(0x00000015b4100000,0x00000015b4200000) (1024K)]
  0x000001be965c9b50 WorkerThread "GC Thread#4"                     [id=9320, stack(0x00000015b4200000,0x00000015b4300000) (1024K)]
  0x000001be965c9f80 WorkerThread "GC Thread#5"                     [id=22344, stack(0x00000015b4300000,0x00000015b4400000) (1024K)]
  0x000001bef1c3ef30 ConcurrentGCThread "G1 Main Marker"            [id=30692, stack(0x00000015b2c00000,0x00000015b2d00000) (1024K)]
  0x000001bef1c3fad0 WorkerThread "G1 Conc#0"                       [id=40324, stack(0x00000015b2d00000,0x00000015b2e00000) (1024K)]
  0x000001be9665aac0 WorkerThread "G1 Conc#1"                       [id=26164, stack(0x00000015b4800000,0x00000015b4900000) (1024K)]
  0x000001be91345660 ConcurrentGCThread "G1 Refine#0"               [id=23384, stack(0x00000015b2e00000,0x00000015b2f00000) (1024K)]
  0x000001be91346270 ConcurrentGCThread "G1 Service"                [id=27052, stack(0x00000015b2f00000,0x00000015b3000000) (1024K)]
Total: 13

Threads with active compile tasks:
Total: 0

VM state: not at safepoint (normal execution)

VM Mutex/Monitor currently owned by a thread: None

Heap address: 0x0000000703600000, size: 4042 MB, Compressed Oops mode: Zero based, Oop shift amount: 3

CDS archive(s) mapped at: [0x000000000e000000-0x000000000edd0000-0x000000000edd0000), size 14483456, SharedBaseAddress: 0x000000000e000000, ArchiveRelocationMode: 1.
Compressed class space mapped at: 0x000000000f000000-0x000000004f000000, reserved size: 1073741824
UseCompressedClassPointers 1, UseCompactObjectHeaders 0
Narrow klass pointer bits 32, Max shift 3
Narrow klass base: 0x000000000e000000, Narrow klass shift: 0
Encoding Range: [0x000000000e000000 - 0x000000010e000000), (4294967296 bytes)
Klass Range:    [0x000000000e010000 - 0x000000004f000000), (1090453504 bytes)
Klass ID Range:  [65536 - 1090519033) (1090453497)
Protection zone: [0x000000000e000000 - 0x000000000e010000), (65536 bytes)

GC Precious Log:
 CardTable entry size: 512
 Card Set container configuration: InlinePtr #cards 4 size 8 Array Of Cards #cards 16 size 48 Howl #buckets 8 coarsen threshold 3686 Howl Bitmap #cards 512 size 80 coarsen threshold 460 Card regions per heap region 1 cards per card region 4096
 CPUs: 8 total, 8 available
 Memory: 16167M
 Large Page Support: Disabled
 NUMA Support: Disabled
 Compressed Oops: Enabled (Zero based)
 Heap Region Size: 2M
 Heap Min Capacity: 8M
 Heap Initial Capacity: 254M
 Heap Max Capacity: 4042M
 Pre-touch: Disabled
 Parallel Workers: 8
 Concurrent Workers: 2
 Concurrent Refinement Workers: 8
 Periodic GC: Disabled

Heap:
 garbage-first heap   total reserved 4139008K, committed 262144K, used 147705K [0x0000000703600000, 0x0000000800000000)
  region size 2048K, 2 young (4096K), 1 survivors (2048K)

Heap Regions: E=young(eden), S=young(survivor), O=old, HS=humongous(starts), HC=humongous(continues), CS=collection set, F=free, TAMS=top-at-mark-start, PB=parsable bottom
|   0|0x0000000703600000, 0x0000000703800000, 0x0000000703800000|100%| O|  |TAMS 0x0000000703600000| PB 0x0000000703600000| Untracked |  0
|   1|0x0000000703800000, 0x0000000703a00000, 0x0000000703a00000|100%| O|  |TAMS 0x0000000703800000| PB 0x0000000703800000| Untracked |  0
|   2|0x0000000703a00000, 0x0000000703c00000, 0x0000000703c00000|100%| O|  |TAMS 0x0000000703a00000| PB 0x0000000703a00000| Untracked |  0
|   3|0x0000000703c00000, 0x0000000703e00000, 0x0000000703e00000|100%| O|  |TAMS 0x0000000703c00000| PB 0x0000000703c00000| Untracked |  0
|   4|0x0000000703e00000, 0x0000000704000000, 0x0000000704000000|100%| O|  |TAMS 0x0000000703e00000| PB 0x0000000703e00000| Untracked |  0
|   5|0x0000000704000000, 0x0000000704200000, 0x0000000704200000|100%| O|  |TAMS 0x0000000704000000| PB 0x0000000704000000| Untracked |  0
|   6|0x0000000704200000, 0x0000000704400000, 0x0000000704400000|100%| O|  |TAMS 0x0000000704200000| PB 0x0000000704200000| Untracked |  0
|   7|0x0000000704400000, 0x0000000704600000, 0x0000000704600000|100%| O|  |TAMS 0x0000000704400000| PB 0x0000000704400000| Untracked |  0
|   8|0x0000000704600000, 0x0000000704800000, 0x0000000704800000|100%| O|  |TAMS 0x0000000704600000| PB 0x0000000704600000| Untracked |  0
|   9|0x0000000704800000, 0x0000000704a00000, 0x0000000704a00000|100%| O|  |TAMS 0x0000000704800000| PB 0x0000000704800000| Untracked |  0
|  10|0x0000000704a00000, 0x0000000704c00000, 0x0000000704c00000|100%| O|  |TAMS 0x0000000704a00000| PB 0x0000000704a00000| Untracked |  0
|  11|0x0000000704c00000, 0x0000000704e00000, 0x0000000704e00000|100%| O|  |TAMS 0x0000000704c00000| PB 0x0000000704c00000| Untracked |  0
|  12|0x0000000704e00000, 0x0000000705000000, 0x0000000705000000|100%| O|  |TAMS 0x0000000704e00000| PB 0x0000000704e00000| Untracked |  0
|  13|0x0000000705000000, 0x0000000705200000, 0x0000000705200000|100%| O|  |TAMS 0x0000000705000000| PB 0x0000000705000000| Untracked |  0
|  14|0x0000000705200000, 0x0000000705400000, 0x0000000705400000|100%| O|  |TAMS 0x0000000705200000| PB 0x0000000705200000| Untracked |  0
|  15|0x0000000705400000, 0x0000000705600000, 0x0000000705600000|100%| O|  |TAMS 0x0000000705400000| PB 0x0000000705400000| Untracked |  0
|  16|0x0000000705600000, 0x0000000705800000, 0x0000000705800000|100%| O|  |TAMS 0x0000000705600000| PB 0x0000000705600000| Untracked |  0
|  17|0x0000000705800000, 0x0000000705a00000, 0x0000000705a00000|100%| O|  |TAMS 0x0000000705800000| PB 0x0000000705800000| Untracked |  0
|  18|0x0000000705a00000, 0x0000000705c00000, 0x0000000705c00000|100%| O|  |TAMS 0x0000000705a00000| PB 0x0000000705a00000| Untracked |  0
|  19|0x0000000705c00000, 0x0000000705e00000, 0x0000000705e00000|100%| O|  |TAMS 0x0000000705c00000| PB 0x0000000705c00000| Untracked |  0
|  20|0x0000000705e00000, 0x0000000706000000, 0x0000000706000000|100%| O|  |TAMS 0x0000000705e00000| PB 0x0000000705e00000| Untracked |  0
|  21|0x0000000706000000, 0x0000000706200000, 0x0000000706200000|100%| O|  |TAMS 0x0000000706000000| PB 0x0000000706000000| Untracked |  0
|  22|0x0000000706200000, 0x0000000706400000, 0x0000000706400000|100%| O|  |TAMS 0x0000000706200000| PB 0x0000000706200000| Untracked |  0
|  23|0x0000000706400000, 0x0000000706600000, 0x0000000706600000|100%| O|  |TAMS 0x0000000706400000| PB 0x0000000706400000| Untracked |  0
|  24|0x0000000706600000, 0x0000000706800000, 0x0000000706800000|100%| O|  |TAMS 0x0000000706600000| PB 0x0000000706600000| Untracked |  0
|  25|0x0000000706800000, 0x0000000706a00000, 0x0000000706a00000|100%| O|  |TAMS 0x0000000706800000| PB 0x0000000706800000| Untracked |  0
|  26|0x0000000706a00000, 0x0000000706c00000, 0x0000000706c00000|100%| O|  |TAMS 0x0000000706a00000| PB 0x0000000706a00000| Untracked |  0
|  27|0x0000000706c00000, 0x0000000706e00000, 0x0000000706e00000|100%| O|  |TAMS 0x0000000706c00000| PB 0x0000000706c00000| Untracked |  0
|  28|0x0000000706e00000, 0x0000000707000000, 0x0000000707000000|100%| O|  |TAMS 0x0000000706e00000| PB 0x0000000706e00000| Untracked |  0
|  29|0x0000000707000000, 0x0000000707200000, 0x0000000707200000|100%| O|  |TAMS 0x0000000707000000| PB 0x0000000707000000| Untracked |  0
|  30|0x0000000707200000, 0x0000000707400000, 0x0000000707400000|100%| O|  |TAMS 0x0000000707200000| PB 0x0000000707200000| Untracked |  0
|  31|0x0000000707400000, 0x0000000707600000, 0x0000000707600000|100%| O|  |TAMS 0x0000000707400000| PB 0x0000000707400000| Untracked |  0
|  32|0x0000000707600000, 0x0000000707800000, 0x0000000707800000|100%| O|  |TAMS 0x0000000707600000| PB 0x0000000707600000| Untracked |  0
|  33|0x0000000707800000, 0x0000000707a00000, 0x0000000707a00000|100%| O|  |TAMS 0x0000000707800000| PB 0x0000000707800000| Untracked |  0
|  34|0x0000000707a00000, 0x0000000707c00000, 0x0000000707c00000|100%| O|  |TAMS 0x0000000707a00000| PB 0x0000000707a00000| Untracked |  0
|  35|0x0000000707c00000, 0x0000000707e00000, 0x0000000707e00000|100%| O|  |TAMS 0x0000000707c00000| PB 0x0000000707c00000| Untracked |  0
|  36|0x0000000707e00000, 0x0000000708000000, 0x0000000708000000|100%| O|  |TAMS 0x0000000707e00000| PB 0x0000000707e00000| Untracked |  0
|  37|0x0000000708000000, 0x0000000708200000, 0x0000000708200000|100%| O|  |TAMS 0x0000000708000000| PB 0x0000000708000000| Untracked |  0
|  38|0x0000000708200000, 0x0000000708400000, 0x0000000708400000|100%| O|  |TAMS 0x0000000708200000| PB 0x0000000708200000| Untracked |  0
|  39|0x0000000708400000, 0x0000000708600000, 0x0000000708600000|100%| O|  |TAMS 0x0000000708400000| PB 0x0000000708400000| Untracked |  0
|  40|0x0000000708600000, 0x0000000708800000, 0x0000000708800000|100%| O|  |TAMS 0x0000000708600000| PB 0x0000000708600000| Untracked |  0
|  41|0x0000000708800000, 0x0000000708a00000, 0x0000000708a00000|100%| O|  |TAMS 0x0000000708800000| PB 0x0000000708800000| Untracked |  0
|  42|0x0000000708a00000, 0x0000000708c00000, 0x0000000708c00000|100%| O|  |TAMS 0x0000000708a00000| PB 0x0000000708a00000| Untracked |  0
|  43|0x0000000708c00000, 0x0000000708e00000, 0x0000000708e00000|100%| O|  |TAMS 0x0000000708c00000| PB 0x0000000708c00000| Untracked |  0
|  44|0x0000000708e00000, 0x0000000709000000, 0x0000000709000000|100%| O|  |TAMS 0x0000000708e00000| PB 0x0000000708e00000| Untracked |  0
|  45|0x0000000709000000, 0x0000000709200000, 0x0000000709200000|100%| O|  |TAMS 0x0000000709000000| PB 0x0000000709000000| Untracked |  0
|  46|0x0000000709200000, 0x0000000709400000, 0x0000000709400000|100%| O|  |TAMS 0x0000000709200000| PB 0x0000000709200000| Untracked |  0
|  47|0x0000000709400000, 0x0000000709600000, 0x0000000709600000|100%| O|  |TAMS 0x0000000709400000| PB 0x0000000709400000| Untracked |  0
|  48|0x0000000709600000, 0x0000000709800000, 0x0000000709800000|100%| O|  |TAMS 0x0000000709600000| PB 0x0000000709600000| Untracked |  0
|  49|0x0000000709800000, 0x0000000709a00000, 0x0000000709a00000|100%| O|  |TAMS 0x0000000709800000| PB 0x0000000709800000| Untracked |  0
|  50|0x0000000709a00000, 0x0000000709c00000, 0x0000000709c00000|100%| O|  |TAMS 0x0000000709a00000| PB 0x0000000709a00000| Untracked |  0
|  51|0x0000000709c00000, 0x0000000709e00000, 0x0000000709e00000|100%| O|  |TAMS 0x0000000709c00000| PB 0x0000000709c00000| Untracked |  0
|  52|0x0000000709e00000, 0x000000070a000000, 0x000000070a000000|100%| O|  |TAMS 0x0000000709e00000| PB 0x0000000709e00000| Untracked |  0
|  53|0x000000070a000000, 0x000000070a200000, 0x000000070a200000|100%| O|  |TAMS 0x000000070a000000| PB 0x000000070a000000| Untracked |  0
|  54|0x000000070a200000, 0x000000070a400000, 0x000000070a400000|100%| O|  |TAMS 0x000000070a200000| PB 0x000000070a200000| Untracked |  0
|  55|0x000000070a400000, 0x000000070a600000, 0x000000070a600000|100%| O|Cm|TAMS 0x000000070a400000| PB 0x000000070a400000| Complete |  0
|  56|0x000000070a600000, 0x000000070a800000, 0x000000070a800000|100%| O|  |TAMS 0x000000070a600000| PB 0x000000070a600000| Untracked |  0
|  57|0x000000070a800000, 0x000000070aa00000, 0x000000070aa00000|100%| O|Cm|TAMS 0x000000070a800000| PB 0x000000070a800000| Complete |  0
|  58|0x000000070aa00000, 0x000000070abec3f0, 0x000000070ac00000| 96%| O|  |TAMS 0x000000070aa00000| PB 0x000000070aa00000| Untracked |  0
|  59|0x000000070ac00000, 0x000000070ac00000, 0x000000070ae00000|  0%| F|  |TAMS 0x000000070ac00000| PB 0x000000070ac00000| Untracked |  0
|  60|0x000000070ae00000, 0x000000070ae00000, 0x000000070b000000|  0%| F|  |TAMS 0x000000070ae00000| PB 0x000000070ae00000| Untracked |  0
|  61|0x000000070b000000, 0x000000070b200000, 0x000000070b200000|100%| O|  |TAMS 0x000000070b000000| PB 0x000000070b000000| Untracked |  0
|  62|0x000000070b200000, 0x000000070b400000, 0x000000070b400000|100%| O|  |TAMS 0x000000070b200000| PB 0x000000070b200000| Untracked |  0
|  63|0x000000070b400000, 0x000000070b600000, 0x000000070b600000|100%| O|  |TAMS 0x000000070b400000| PB 0x000000070b400000| Untracked |  0
|  64|0x000000070b600000, 0x000000070b800000, 0x000000070b800000|100%| O|  |TAMS 0x000000070b600000| PB 0x000000070b600000| Untracked |  0
|  65|0x000000070b800000, 0x000000070ba00000, 0x000000070ba00000|100%| O|  |TAMS 0x000000070b800000| PB 0x000000070b800000| Untracked |  0
|  66|0x000000070ba00000, 0x000000070bc00000, 0x000000070bc00000|100%| O|  |TAMS 0x000000070ba00000| PB 0x000000070ba00000| Untracked |  0
|  67|0x000000070bc00000, 0x000000070be00000, 0x000000070be00000|100%| O|  |TAMS 0x000000070bc00000| PB 0x000000070bc00000| Untracked |  0
|  68|0x000000070be00000, 0x000000070c000000, 0x000000070c000000|100%| O|  |TAMS 0x000000070be00000| PB 0x000000070be00000| Untracked |  0
|  69|0x000000070c000000, 0x000000070c200000, 0x000000070c200000|100%|HS|  |TAMS 0x000000070c000000| PB 0x000000070c000000| Complete |  0
|  70|0x000000070c200000, 0x000000070c400000, 0x000000070c400000|100%|HC|  |TAMS 0x000000070c200000| PB 0x000000070c200000| Complete |  0
|  71|0x000000070c400000, 0x000000070c600000, 0x000000070c600000|100%|HC|  |TAMS 0x000000070c400000| PB 0x000000070c400000| Complete |  0
|  72|0x000000070c600000, 0x000000070c800000, 0x000000070c800000|100%|HC|  |TAMS 0x000000070c600000| PB 0x000000070c600000| Complete |  0
|  73|0x000000070c800000, 0x000000070c800000, 0x000000070ca00000|  0%| F|  |TAMS 0x000000070c800000| PB 0x000000070c800000| Untracked |  0
|  74|0x000000070ca00000, 0x000000070ca00000, 0x000000070cc00000|  0%| F|  |TAMS 0x000000070ca00000| PB 0x000000070ca00000| Untracked |  0
|  75|0x000000070cc00000, 0x000000070cc00000, 0x000000070ce00000|  0%| F|  |TAMS 0x000000070cc00000| PB 0x000000070cc00000| Untracked |  0
|  76|0x000000070ce00000, 0x000000070ce00000, 0x000000070d000000|  0%| F|  |TAMS 0x000000070ce00000| PB 0x000000070ce00000| Untracked |  0
|  77|0x000000070d000000, 0x000000070d000000, 0x000000070d200000|  0%| F|  |TAMS 0x000000070d000000| PB 0x000000070d000000| Untracked |  0
|  78|0x000000070d200000, 0x000000070d200000, 0x000000070d400000|  0%| F|  |TAMS 0x000000070d200000| PB 0x000000070d200000| Untracked |  0
|  79|0x000000070d400000, 0x000000070d400000, 0x000000070d600000|  0%| F|  |TAMS 0x000000070d400000| PB 0x000000070d400000| Untracked |  0
|  80|0x000000070d600000, 0x000000070d600000, 0x000000070d800000|  0%| F|  |TAMS 0x000000070d600000| PB 0x000000070d600000| Untracked |  0
|  81|0x000000070d800000, 0x000000070d800000, 0x000000070da00000|  0%| F|  |TAMS 0x000000070d800000| PB 0x000000070d800000| Untracked |  0
|  82|0x000000070da00000, 0x000000070da00000, 0x000000070dc00000|  0%| F|  |TAMS 0x000000070da00000| PB 0x000000070da00000| Untracked |  0
|  83|0x000000070dc00000, 0x000000070dc00000, 0x000000070de00000|  0%| F|  |TAMS 0x000000070dc00000| PB 0x000000070dc00000| Untracked |  0
|  84|0x000000070de00000, 0x000000070de00000, 0x000000070e000000|  0%| F|  |TAMS 0x000000070de00000| PB 0x000000070de00000| Untracked |  0
|  85|0x000000070e000000, 0x000000070e000000, 0x000000070e200000|  0%| F|  |TAMS 0x000000070e000000| PB 0x000000070e000000| Untracked |  0
|  86|0x000000070e200000, 0x000000070e200000, 0x000000070e400000|  0%| F|  |TAMS 0x000000070e200000| PB 0x000000070e200000| Untracked |  0
|  87|0x000000070e400000, 0x000000070e400000, 0x000000070e600000|  0%| F|  |TAMS 0x000000070e400000| PB 0x000000070e400000| Untracked |  0
|  88|0x000000070e600000, 0x000000070e600000, 0x000000070e800000|  0%| F|  |TAMS 0x000000070e600000| PB 0x000000070e600000| Untracked |  0
|  89|0x000000070e800000, 0x000000070e800000, 0x000000070ea00000|  0%| F|  |TAMS 0x000000070e800000| PB 0x000000070e800000| Untracked |  0
|  90|0x000000070ea00000, 0x000000070ea00000, 0x000000070ec00000|  0%| F|  |TAMS 0x000000070ea00000| PB 0x000000070ea00000| Untracked |  0
|  91|0x000000070ec00000, 0x000000070ec00000, 0x000000070ee00000|  0%| F|  |TAMS 0x000000070ec00000| PB 0x000000070ec00000| Untracked |  0
|  92|0x000000070ee00000, 0x000000070ee00000, 0x000000070f000000|  0%| F|  |TAMS 0x000000070ee00000| PB 0x000000070ee00000| Untracked |  0
|  93|0x000000070f000000, 0x000000070f000000, 0x000000070f200000|  0%| F|  |TAMS 0x000000070f000000| PB 0x000000070f000000| Untracked |  0
|  94|0x000000070f200000, 0x000000070f200000, 0x000000070f400000|  0%| F|  |TAMS 0x000000070f200000| PB 0x000000070f200000| Untracked |  0
|  95|0x000000070f400000, 0x000000070f400000, 0x000000070f600000|  0%| F|  |TAMS 0x000000070f400000| PB 0x000000070f400000| Untracked |  0
|  96|0x000000070f600000, 0x000000070f600000, 0x000000070f800000|  0%| F|  |TAMS 0x000000070f600000| PB 0x000000070f600000| Untracked |  0
|  97|0x000000070f800000, 0x000000070f800000, 0x000000070fa00000|  0%| F|  |TAMS 0x000000070f800000| PB 0x000000070f800000| Untracked |  0
|  98|0x000000070fa00000, 0x000000070fa00000, 0x000000070fc00000|  0%| F|  |TAMS 0x000000070fa00000| PB 0x000000070fa00000| Untracked |  0
|  99|0x000000070fc00000, 0x000000070fc00000, 0x000000070fe00000|  0%| F|  |TAMS 0x000000070fc00000| PB 0x000000070fc00000| Untracked |  0
| 100|0x000000070fe00000, 0x000000070fe00000, 0x0000000710000000|  0%| F|  |TAMS 0x000000070fe00000| PB 0x000000070fe00000| Untracked |  0
| 101|0x0000000710000000, 0x0000000710000000, 0x0000000710200000|  0%| F|  |TAMS 0x0000000710000000| PB 0x0000000710000000| Untracked |  0
| 102|0x0000000710200000, 0x0000000710200000, 0x0000000710400000|  0%| F|  |TAMS 0x0000000710200000| PB 0x0000000710200000| Untracked |  0
| 103|0x0000000710400000, 0x0000000710400000, 0x0000000710600000|  0%| F|  |TAMS 0x0000000710400000| PB 0x0000000710400000| Untracked |  0
| 104|0x0000000710600000, 0x000000071072d540, 0x0000000710800000| 58%| S|CS|TAMS 0x0000000710600000| PB 0x0000000710600000| Complete |  0
| 105|0x0000000710800000, 0x0000000710800000, 0x0000000710a00000|  0%| F|  |TAMS 0x0000000710800000| PB 0x0000000710800000| Untracked |  0
| 106|0x0000000710a00000, 0x0000000710a00000, 0x0000000710c00000|  0%| F|  |TAMS 0x0000000710a00000| PB 0x0000000710a00000| Untracked |  0
| 107|0x0000000710c00000, 0x0000000710c00000, 0x0000000710e00000|  0%| F|  |TAMS 0x0000000710c00000| PB 0x0000000710c00000| Untracked |  0
| 108|0x0000000710e00000, 0x0000000710e00000, 0x0000000711000000|  0%| F|  |TAMS 0x0000000710e00000| PB 0x0000000710e00000| Untracked |  0
| 109|0x0000000711000000, 0x0000000711000000, 0x0000000711200000|  0%| F|  |TAMS 0x0000000711000000| PB 0x0000000711000000| Untracked |  0
| 110|0x0000000711200000, 0x0000000711200000, 0x0000000711400000|  0%| F|  |TAMS 0x0000000711200000| PB 0x0000000711200000| Untracked |  0
| 111|0x0000000711400000, 0x0000000711400000, 0x0000000711600000|  0%| F|  |TAMS 0x0000000711400000| PB 0x0000000711400000| Untracked |  0
| 112|0x0000000711600000, 0x0000000711600000, 0x0000000711800000|  0%| F|  |TAMS 0x0000000711600000| PB 0x0000000711600000| Untracked |  0
| 113|0x0000000711800000, 0x0000000711800000, 0x0000000711a00000|  0%| F|  |TAMS 0x0000000711800000| PB 0x0000000711800000| Untracked |  0
| 114|0x0000000711a00000, 0x0000000711a00000, 0x0000000711c00000|  0%| F|  |TAMS 0x0000000711a00000| PB 0x0000000711a00000| Untracked |  0
| 115|0x0000000711c00000, 0x0000000711c00000, 0x0000000711e00000|  0%| F|  |TAMS 0x0000000711c00000| PB 0x0000000711c00000| Untracked |  0
| 116|0x0000000711e00000, 0x0000000711e00000, 0x0000000712000000|  0%| F|  |TAMS 0x0000000711e00000| PB 0x0000000711e00000| Untracked |  0
| 117|0x0000000712000000, 0x0000000712000000, 0x0000000712200000|  0%| F|  |TAMS 0x0000000712000000| PB 0x0000000712000000| Untracked |  0
| 118|0x0000000712200000, 0x0000000712200000, 0x0000000712400000|  0%| F|  |TAMS 0x0000000712200000| PB 0x0000000712200000| Untracked |  0
| 119|0x0000000712400000, 0x0000000712400000, 0x0000000712600000|  0%| F|  |TAMS 0x0000000712400000| PB 0x0000000712400000| Untracked |  0
| 120|0x0000000712600000, 0x0000000712600000, 0x0000000712800000|  0%| F|  |TAMS 0x0000000712600000| PB 0x0000000712600000| Untracked |  0
| 121|0x0000000712800000, 0x0000000712800000, 0x0000000712a00000|  0%| F|  |TAMS 0x0000000712800000| PB 0x0000000712800000| Untracked |  0
| 122|0x0000000712a00000, 0x0000000712a00000, 0x0000000712c00000|  0%| F|  |TAMS 0x0000000712a00000| PB 0x0000000712a00000| Untracked |  0
| 123|0x0000000712c00000, 0x0000000712c00000, 0x0000000712e00000|  0%| F|  |TAMS 0x0000000712c00000| PB 0x0000000712c00000| Untracked |  0
| 124|0x0000000712e00000, 0x0000000712e00000, 0x0000000713000000|  0%| F|  |TAMS 0x0000000712e00000| PB 0x0000000712e00000| Untracked |  0
| 125|0x0000000713000000, 0x0000000713000000, 0x0000000713200000|  0%| F|  |TAMS 0x0000000713000000| PB 0x0000000713000000| Untracked |  0
| 126|0x0000000713200000, 0x0000000713400000, 0x0000000713400000|100%| E|  |TAMS 0x0000000713200000| PB 0x0000000713200000| Complete |  0
|2020|0x00000007ffe00000, 0x00000007fff24c48, 0x0000000800000000| 57%| O|  |TAMS 0x00000007ffe00000| PB 0x00000007ffe00000| Untracked |  0

Card table byte_map: [0x000001befb2f0000,0x000001befbae0000] _byte_map_base: 0x000001bef7ad5000

Marking Bits: (CMBitMap*) 0x000001bef1c25c20
 Bits: [0x000001befbae0000, 0x000001beffa08000)

Polling page: 0x000001beef720000

Metaspace:
Metaspace        used 7576K, committed 7808K, reserved 1114112K
 class space     used 781K, committed 896K, reserved 1048576K

Usage:
  Non-class:      6.63 MB used.
      Class:    781.95 KB used.
       Both:      7.40 MB used.

Virtual space:
  Non-class space:       64.00 MB reserved,       6.75 MB ( 11%) committed,  1 nodes.
      Class space:        1.00 GB reserved,     896.00 KB ( <1%) committed,  1 nodes.
             Both:        1.06 GB reserved,       7.62 MB ( <1%) committed. 

Chunk freelists:
   Non-Class:  8.92 MB
       Class:  15.08 MB
        Both:  24.00 MB

MaxMetaspaceSize: unlimited
CompressedClassSpaceSize: 1.00 GB
Initial GC threshold: 21.00 MB
Current GC threshold: 21.00 MB
CDS: on
 - commit_granule_bytes: 65536.
 - commit_granule_words: 8192.
 - virtual_space_node_default_size: 8388608.
 - enlarge_chunks_in_place: 1.
UseCompressedClassPointers 1, UseCompactObjectHeaders 0
Narrow klass pointer bits 32, Max shift 3
Narrow klass base: 0x000000000e000000, Narrow klass shift: 0
Encoding Range: [0x000000000e000000 - 0x000000010e000000), (4294967296 bytes)
Klass Range:    [0x000000000e010000 - 0x000000004f000000), (1090453504 bytes)
Klass ID Range:  [65536 - 1090519033) (1090453497)
Protection zone: [0x000000000e000000 - 0x000000000e010000), (65536 bytes)


Internal statistics:

num_allocs_failed_limit: 0.
num_arena_births: 146.
num_arena_deaths: 0.
num_vsnodes_births: 2.
num_vsnodes_deaths: 0.
num_space_committed: 122.
num_space_uncommitted: 0.
num_chunks_returned_to_freelist: 0.
num_chunks_taken_from_freelist: 172.
num_chunk_merges: 0.
num_chunk_splits: 114.
num_chunks_enlarged: 64.
num_inconsistent_stats: 0.

CodeHeap 'non-profiled nmethods': size=120064Kb used=460Kb max_used=460Kb free=119604Kb
 bounds [0x000001be87ac0000, 0x000001be87d30000, 0x000001be8f000000]
CodeHeap 'profiled nmethods': size=120000Kb used=1738Kb max_used=1738Kb free=118261Kb
 bounds [0x000001be80000000, 0x000001be80270000, 0x000001be87530000]
CodeHeap 'non-nmethods': size=5696Kb used=1546Kb max_used=1583Kb free=4149Kb
 bounds [0x000001be87530000, 0x000001be877a0000, 0x000001be87ac0000]
CodeCache: size=245760Kb, used=3744Kb, max_used=3781Kb, free=242014Kb
 total_blobs=1913, nmethods=1367, adapters=450, full_count=0
Compilation: enabled, stopped_count=0, restarted_count=0

Compilation events (20 events):
Event: 0.732 Thread 0x000001be914c9af0 nmethod 1360 0x000001be801b2288 code [0x000001be801b2380, 0x000001be801b2878]
Event: 0.739 Thread 0x000001be914b9900 nmethod 1342% 0x000001be87b2cc08 code [0x000001be87b2cd20, 0x000001be87b2ea50]
Event: 0.740 Thread 0x000001be914b9900 1353 %     4       com.sun.imageio.plugins.png.CRC::update @ 9 (53 bytes)
Event: 0.745 Thread 0x000001be914b9900 nmethod 1353% 0x000001be87b2ea88 code [0x000001be87b2eb80, 0x000001be87b2f098]
Event: 0.745 Thread 0x000001be914b9900 1343 %     4       java.awt.image.SinglePixelPackedSampleModel::getPixels @ 162 (227 bytes)
Event: 0.755 Thread 0x000001be914b9900 nmethod 1343% 0x000001be87b2f108 code [0x000001be87b2f200, 0x000001be87b2f848]
Event: 0.755 Thread 0x000001be914b9900 1362       4       com.sun.imageio.plugins.png.CRC::update (53 bytes)
Event: 0.759 Thread 0x000001be914b9900 nmethod 1362 0x000001be87b2f888 code [0x000001be87b2f980, 0x000001be87b2fd70]
Event: 0.759 Thread 0x000001be914b9900 1363 %     4       java.awt.image.SinglePixelPackedSampleModel::getPixels @ 141 (227 bytes)
Event: 0.765 Thread 0x000001be914b9900 nmethod 1363% 0x000001be87b2fd88 code [0x000001be87b2fe80, 0x000001be87b30318]
Event: 0.765 Thread 0x000001be914b9900 1361 %     4       com.sun.imageio.plugins.png.PNGImageWriter::encodePass @ 882 (1156 bytes)
Event: 0.796 Thread 0x000001be914b9900 nmethod 1361% 0x000001be87b30388 code [0x000001be87b304a0, 0x000001be87b31ed0]
Event: 0.796 Thread 0x000001be914b9900 1364       4       java.awt.image.SinglePixelPackedSampleModel::getPixels (227 bytes)
Event: 0.803 Thread 0x000001be914b9900 nmethod 1364 0x000001be87b31f08 code [0x000001be87b32000, 0x000001be87b325e8]
Event: 0.809 Thread 0x000001be914b9900 1365   !   4       java.io.RandomAccessFile::implWriteBytes (35 bytes)
Event: 0.809 Thread 0x000001be914b9900 nmethod 1365 0x000001be87b32608 code [0x000001be87b32700, 0x000001be87b327e0]
Event: 0.816 Thread 0x000001be914b9900 1366   !   4       java.util.zip.Deflater::needsInput (55 bytes)
Event: 0.817 Thread 0x000001be914b9900 nmethod 1366 0x000001be87b32908 code [0x000001be87b32a00, 0x000001be87b32c58]
Event: 0.848 Thread 0x000001be914b9900 1367   !   4       java.util.zip.Deflater::finished (19 bytes)
Event: 0.848 Thread 0x000001be914b9900 nmethod 1367 0x000001be87b32c88 code [0x000001be87b32d80, 0x000001be87b32f88]

GC Heap Usage History (10 events):
Event: 0.319 {heap Before GC invocations=0 (full 0):
 garbage-first heap   total reserved 4139008K, committed 262144K, used 58515K [0x0000000703600000, 0x0000000800000000)
  region size 2048K, 24 young (49152K), 0 survivors (0K)
}
Event: 0.332 {heap After GC invocations=1 (full 0):
 garbage-first heap   total reserved 4139008K, committed 262144K, used 42532K [0x0000000703600000, 0x0000000800000000)
  region size 2048K, 3 young (6144K), 3 survivors (6144K)
}
Event: 0.423 {heap Before GC invocations=1 (full 0):
 garbage-first heap   total reserved 4139008K, committed 262144K, used 126500K [0x0000000703600000, 0x0000000800000000)
  region size 2048K, 44 young (90112K), 3 survivors (6144K)
}
Event: 0.439 {heap After GC invocations=2 (full 0):
 garbage-first heap   total reserved 4139008K, committed 262144K, used 88211K [0x0000000703600000, 0x0000000800000000)
  region size 2048K, 6 young (12288K), 6 survivors (12288K)
}
Event: 0.588 {heap Before GC invocations=2 (full 0):
 garbage-first heap   total reserved 4139008K, committed 262144K, used 161939K [0x0000000703600000, 0x0000000800000000)
  region size 2048K, 42 young (86016K), 6 survivors (12288K)
}
Event: 0.602 {heap After GC invocations=3 (full 0):
 garbage-first heap   total reserved 4139008K, committed 262144K, used 138387K [0x0000000703600000, 0x0000000800000000)
  region size 2048K, 6 young (12288K), 6 survivors (12288K)
}
Event: 0.614 {heap Before GC invocations=3 (full 0):
 garbage-first heap   total reserved 4139008K, committed 262144K, used 148627K [0x0000000703600000, 0x0000000800000000)
  region size 2048K, 12 young (24576K), 6 survivors (12288K)
}
Event: 0.619 {heap After GC invocations=4 (full 0):
 garbage-first heap   total reserved 4139008K, committed 262144K, used 149651K [0x0000000703600000, 0x0000000800000000)
  region size 2048K, 4 young (8192K), 4 survivors (8192K)
}
Event: 0.680 {heap Before GC invocations=5 (full 0):
 garbage-first heap   total reserved 4139008K, committed 262144K, used 180371K [0x0000000703600000, 0x0000000800000000)
  region size 2048K, 22 young (45056K), 4 survivors (8192K)
}
Event: 0.684 {heap After GC invocations=6 (full 0):
 garbage-first heap   total reserved 4139008K, committed 262144K, used 147705K [0x0000000703600000, 0x0000000800000000)
  region size 2048K, 1 young (2048K), 1 survivors (2048K)
}

Metaspace Usage History (10 events):
Event: 0.319 {metaspace Before GC invocations=0 (full 0):
 Metaspace       used 5903K, committed 6144K, reserved 1114112K
  class space    used 577K, committed 704K, reserved 1048576K
}
Event: 0.332 {metaspace After GC invocations=1 (full 0):
 Metaspace       used 5903K, committed 6144K, reserved 1114112K
  class space    used 577K, committed 704K, reserved 1048576K
}
Event: 0.423 {metaspace Before GC invocations=1 (full 0):
 Metaspace       used 7146K, committed 7360K, reserved 1114112K
  class space    used 725K, committed 832K, reserved 1048576K
}
Event: 0.439 {metaspace After GC invocations=2 (full 0):
 Metaspace       used 7146K, committed 7360K, reserved 1114112K
  class space    used 725K, committed 832K, reserved 1048576K
}
Event: 0.588 {metaspace Before GC invocations=2 (full 0):
 Metaspace       used 7452K, committed 7680K, reserved 1114112K
  class space    used 768K, committed 832K, reserved 1048576K
}
Event: 0.602 {metaspace After GC invocations=3 (full 0):
 Metaspace       used 7452K, committed 7680K, reserved 1114112K
  class space    used 768K, committed 832K, reserved 1048576K
}
Event: 0.614 {metaspace Before GC invocations=3 (full 0):
 Metaspace       used 7457K, committed 7680K, reserved 1114112K
  class space    used 769K, committed 832K, reserved 1048576K
}
Event: 0.619 {metaspace After GC invocations=4 (full 0):
 Metaspace       used 7457K, committed 7680K, reserved 1114112K
  class space    used 769K, committed 832K, reserved 1048576K
}
Event: 0.680 {metaspace Before GC invocations=5 (full 0):
 Metaspace       used 7480K, committed 7680K, reserved 1114112K
  class space    used 770K, committed 832K, reserved 1048576K
}
Event: 0.684 {metaspace After GC invocations=6 (full 0):
 Metaspace       used 7480K, committed 7680K, reserved 1114112K
  class space    used 770K, committed 832K, reserved 1048576K
}

Dll operation events (12 events):
Event: 0.012 Loaded shared library C:\Users\karol\.jdks\liberica-25.0.2\bin\java.dll
Event: 0.081 Loaded shared library C:\Users\karol\.jdks\liberica-25.0.2\bin\zip.dll
Event: 0.088 Loaded shared library C:\Users\karol\.jdks\liberica-25.0.2\bin\instrument.dll
Event: 0.094 Loaded shared library C:\Users\karol\.jdks\liberica-25.0.2\bin\net.dll
Event: 0.096 Loaded shared library C:\Users\karol\.jdks\liberica-25.0.2\bin\nio.dll
Event: 0.100 Loaded shared library C:\Users\karol\.jdks\liberica-25.0.2\bin\zip.dll
Event: 0.115 Loaded shared library C:\Users\karol\.jdks\liberica-25.0.2\bin\jimage.dll
Event: 0.130 Loaded shared library C:\Users\karol\.jdks\liberica-25.0.2\bin\awt.dll
Event: 0.130 Loaded shared library C:\Users\karol\.jdks\liberica-25.0.2\bin\extnet.dll
Event: 0.161 Loaded shared library C:\Users\karol\.jdks\liberica-25.0.2\bin\management.dll
Event: 0.169 Loaded shared library C:\Users\karol\.jdks\liberica-25.0.2\bin\management_ext.dll
Event: 0.498 Loaded shared library C:\Users\karol\OneDrive\Pulpit\studia\karmil4951_javatz_2026\lab08\libnative.dll

Deoptimization events (20 events):
Event: 0.800 Thread 0x000001beef774c40 DEOPT PACKING pc=0x000001be801a7592 sp=0x00000015b2aff1b0
Event: 0.800 Thread 0x000001beef774c40 DEOPT UNPACKING pc=0x000001be875812a2 sp=0x00000015b2afe618 mode 0
Event: 0.800 Thread 0x000001beef774c40 DEOPT PACKING pc=0x000001be801a7592 sp=0x00000015b2aff1b0
Event: 0.800 Thread 0x000001beef774c40 DEOPT UNPACKING pc=0x000001be875812a2 sp=0x00000015b2afe618 mode 0
Event: 0.801 Thread 0x000001beef774c40 DEOPT PACKING pc=0x000001be801a7592 sp=0x00000015b2aff1b0
Event: 0.801 Thread 0x000001beef774c40 DEOPT UNPACKING pc=0x000001be875812a2 sp=0x00000015b2afe618 mode 0
Event: 0.801 Thread 0x000001beef774c40 DEOPT PACKING pc=0x000001be801a7592 sp=0x00000015b2aff1b0
Event: 0.801 Thread 0x000001beef774c40 DEOPT UNPACKING pc=0x000001be875812a2 sp=0x00000015b2afe618 mode 0
Event: 0.801 Thread 0x000001beef774c40 DEOPT PACKING pc=0x000001be801a7592 sp=0x00000015b2aff1b0
Event: 0.801 Thread 0x000001beef774c40 DEOPT UNPACKING pc=0x000001be875812a2 sp=0x00000015b2afe618 mode 0
Event: 0.801 Thread 0x000001beef774c40 DEOPT PACKING pc=0x000001be801a7592 sp=0x00000015b2aff1b0
Event: 0.801 Thread 0x000001beef774c40 DEOPT UNPACKING pc=0x000001be875812a2 sp=0x00000015b2afe618 mode 0
Event: 0.802 Thread 0x000001beef774c40 DEOPT PACKING pc=0x000001be801a7592 sp=0x00000015b2aff1b0
Event: 0.802 Thread 0x000001beef774c40 DEOPT UNPACKING pc=0x000001be875812a2 sp=0x00000015b2afe618 mode 0
Event: 0.803 Thread 0x000001beef774c40 DEOPT PACKING pc=0x000001be801a7592 sp=0x00000015b2aff1b0
Event: 0.803 Thread 0x000001beef774c40 DEOPT UNPACKING pc=0x000001be875812a2 sp=0x00000015b2afe618 mode 0
Event: 0.803 Thread 0x000001beef774c40 DEOPT PACKING pc=0x000001be801a7592 sp=0x00000015b2aff1b0
Event: 0.803 Thread 0x000001beef774c40 DEOPT UNPACKING pc=0x000001be875812a2 sp=0x00000015b2afe618 mode 0
Event: 0.803 Thread 0x000001beef774c40 DEOPT PACKING pc=0x000001be801a7592 sp=0x00000015b2aff1b0
Event: 0.803 Thread 0x000001beef774c40 DEOPT UNPACKING pc=0x000001be875812a2 sp=0x00000015b2afe618 mode 0

Classes loaded (20 events):
Event: 0.687 Loading class com/sun/imageio/plugins/png/RowFilter
Event: 0.687 Loading class com/sun/imageio/plugins/png/RowFilter done
Event: 0.688 Loading class javax/imageio/stream/FileImageOutputStream
Event: 0.688 Loading class javax/imageio/stream/ImageOutputStreamImpl
Event: 0.688 Loading class javax/imageio/stream/ImageOutputStreamImpl done
Event: 0.688 Loading class javax/imageio/stream/FileImageOutputStream done
Event: 0.689 Loading class com/sun/imageio/stream/CloseableDisposerRecord
Event: 0.689 Loading class com/sun/imageio/stream/CloseableDisposerRecord done
Event: 0.689 Loading class javax/imageio/IIOImage
Event: 0.689 Loading class javax/imageio/IIOImage done
Event: 0.689 Loading class com/sun/imageio/plugins/png/ChunkStream
Event: 0.689 Loading class com/sun/imageio/plugins/png/ChunkStream done
Event: 0.689 Loading class com/sun/imageio/plugins/png/CRC
Event: 0.689 Loading class com/sun/imageio/plugins/png/CRC done
Event: 0.691 Loading class com/sun/imageio/plugins/png/IDATOutputStream
Event: 0.691 Loading class com/sun/imageio/plugins/png/IDATOutputStream done
Event: 0.691 Loading class java/util/zip/Deflater
Event: 0.691 Loading class java/util/zip/Deflater done
Event: 0.692 Loading class java/util/zip/Deflater$DeflaterZStreamRef
Event: 0.692 Loading class java/util/zip/Deflater$DeflaterZStreamRef done

Classes unloaded (0 events):
No events

Classes redefined (0 events):
No events

Internal exceptions (20 events):
Event: 0.166 Thread 0x000001beef774c40 Exception <a 'java/lang/NoSuchMethodError'{0x0000000712d65860}: 'java.lang.Object java.lang.invoke.DirectMethodHandle$Holder.invokeStaticInit(java.lang.Object, int, int, int, int)'> (0x0000000712d65860) 
thrown [s\src\hotspot\share\interpreter\linkResolver.cpp, line 804]
Event: 0.173 Thread 0x000001be914a2f10 Exception <a 'java/lang/NoSuchMethodError'{0x0000000712c3fab0}: 'int java.lang.invoke.DirectMethodHandle$Holder.invokeInterface(java.lang.Object, java.lang.Object)'> (0x0000000712c3fab0) 
thrown [s\src\hotspot\share\interpreter\linkResolver.cpp, line 804]
Event: 0.173 Thread 0x000001be914a2f10 Exception <a 'java/lang/IncompatibleClassChangeError'{0x0000000712c47768}: Found class java.lang.Object, but interface was expected> (0x0000000712c47768) 
thrown [s\src\hotspot\share\interpreter\linkResolver.cpp, line 871]
Event: 0.184 Thread 0x000001beef774c40 Exception <a 'java/lang/NoSuchMethodError'{0x0000000712da6c68}: 'java.lang.Object java.lang.invoke.DirectMethodHandle$Holder.invokeStaticInit(java.lang.Object, java.lang.Object, int, int, int, int)'> (0x0000000712da6c68) 
thrown [s\src\hotspot\share\interpreter\linkResolver.cpp, line 804]
Event: 0.201 Thread 0x000001be914a2f10 Exception <a 'java/lang/NoSuchMethodError'{0x0000000712cd8c70}: 'void java.lang.invoke.DirectMethodHandle$Holder.invokeSpecial(java.lang.Object, java.lang.Object, java.lang.Object)'> (0x0000000712cd8c70) 
thrown [s\src\hotspot\share\interpreter\linkResolver.cpp, line 804]
Event: 0.360 Thread 0x000001be914a2f10 Exception <a 'java/lang/ClassNotFoundException'{0x000000071333c980}: javax/management/remote/rmi/RMIServerImpl_Skel> (0x000000071333c980) 
thrown [s\src\hotspot\share\classfile\systemDictionary.cpp, line 327]
Event: 0.370 Thread 0x000001be914a2f10 Exception <a 'java/lang/NoSuchMethodError'{0x000000071334e7a8}: 'long java.lang.invoke.DirectMethodHandle$Holder.invokeSpecial(java.lang.Object, java.lang.Object)'> (0x000000071334e7a8) 
thrown [s\src\hotspot\share\interpreter\linkResolver.cpp, line 804]
Event: 0.371 Thread 0x000001be914a2f10 Exception <a 'java/lang/NoSuchMethodError'{0x0000000713356698}: 'long java.lang.invoke.Invokers$Holder.invokeExact_MT(java.lang.Object, java.lang.Object)'> (0x0000000713356698) 
thrown [s\src\hotspot\share\interpreter\linkResolver.cpp, line 804]
Event: 0.414 Thread 0x000001be96622d10 Exception <a 'java/lang/NoSuchMethodError'{0x0000000710447cf0}: static [B.<clinit>()V> (0x0000000710447cf0) 
thrown [s\src\hotspot\share\prims\jni.cpp, line 1106]
Event: 0.416 Thread 0x000001be96622d10 Exception <a 'java/lang/NoSuchMethodError'{0x00000007104496f8}: 'java.lang.Object java.lang.invoke.DirectMethodHandle$Holder.invokeInterface(java.lang.Object, java.lang.Object, java.lang.Object)'> (0x00000007104496f8) 
thrown [s\src\hotspot\share\interpreter\linkResolver.cpp, line 804]
Event: 0.444 Thread 0x000001be9661ea30 Exception <a 'java/lang/NoSuchMethodError'{0x0000000712e09f60}: 'java.lang.Object java.lang.invoke.DirectMethodHandle$Holder.invokeSpecial(java.lang.Object, java.lang.Object, java.lang.Object, java.lang.Object, long)'> (0x0000000712e09f60) 
thrown [s\src\hotspot\share\interpreter\linkResolver.cpp, line 804]
Event: 0.446 Thread 0x000001be9661ea30 Exception <a 'java/lang/NoSuchMethodError'{0x0000000712e19f80}: 'java.lang.Object java.lang.invoke.Invokers$Holder.linkToTargetMethod(java.lang.Object, long, java.lang.Object)'> (0x0000000712e19f80) 
thrown [s\src\hotspot\share\interpreter\linkResolver.cpp, line 804]
Event: 0.447 Thread 0x000001be96622d10 Exception <a 'java/lang/ClassNotFoundException'{0x00000007132d4270}: javax/management/remote/rmi/RMIConnectionImpl_Skel> (0x00000007132d4270) 
thrown [s\src\hotspot\share\classfile\systemDictionary.cpp, line 327]
Event: 0.452 Thread 0x000001be96622d10 Exception <a 'java/lang/NoSuchMethodError'{0x00000007132f1dc0}: 'java.lang.Object java.lang.invoke.DirectMethodHandle$Holder.invokeInterface(java.lang.Object, java.lang.Object)'> (0x00000007132f1dc0) 
thrown [s\src\hotspot\share\interpreter\linkResolver.cpp, line 804]
Event: 0.462 Thread 0x000001be96622d10 Exception <a 'java/lang/NoSuchMethodError'{0x0000000712c218f8}: 'int java.lang.invoke.DelegatingMethodHandle$Holder.reinvoke_L(java.lang.Object, java.lang.Object, java.lang.Object, java.lang.Object, java.lang.Object)'> (0x0000000712c218f8) 
thrown [s\src\hotspot\share\interpreter\linkResolver.cpp, line 804]
Event: 0.467 Thread 0x000001be96622d10 Exception <a 'java/lang/NoSuchMethodError'{0x0000000712c61000}: 'java.lang.Object java.lang.invoke.DirectMethodHandle$Holder.invokeStatic(java.lang.Object, java.lang.Object, java.lang.Object, java.lang.Object, java.lang.Object, java.lang.Object, java.lang.Object, java.lang.Object, java.lang.Object)'> (0x0000000712c61000) 
thrown [s\src\hotspot\share\interpreter\linkResolver.cpp, line 804]
Event: 0.468 Thread 0x000001be96622d10 Exception <a 'java/lang/NoSuchMethodError'{0x0000000712c74508}: 'java.lang.Object java.lang.invoke.Invokers$Holder.invokeExact_MT(java.lang.Object, java.lang.Object, java.lang.Object, java.lang.Object, java.lang.Object, java.lang.Object)'> (0x0000000712c74508) 
thrown [s\src\hotspot\share\interpreter\linkResolver.cpp, line 804]
Event: 0.471 Thread 0x000001be96622d10 Exception <a 'java/lang/NoSuchMethodError'{0x0000000712c80280}: 'java.lang.Object java.lang.invoke.DirectMethodHandle$Holder.invokeInterface(java.lang.Object, java.lang.Object, java.lang.Object, java.lang.Object, java.lang.Object)'> (0x0000000712c80280) 
thrown [s\src\hotspot\share\interpreter\linkResolver.cpp, line 804]
Event: 0.479 Thread 0x000001be96622d10 Exception <a 'java/lang/NoSuchMethodError'{0x0000000712ccaf38}: 'double java.lang.invoke.DirectMethodHandle$Holder.invokeInterface(java.lang.Object, java.lang.Object)'> (0x0000000712ccaf38) 
thrown [s\src\hotspot\share\interpreter\linkResolver.cpp, line 804]
Event: 0.480 Thread 0x000001be96622d10 Exception <a 'java/lang/NoSuchMethodError'{0x0000000712cdbc38}: 'double java.lang.invoke.DelegatingMethodHandle$Holder.reinvoke_L(java.lang.Object, java.lang.Object)'> (0x0000000712cdbc38) 
thrown [s\src\hotspot\share\interpreter\linkResolver.cpp, line 804]

VM Operations (20 events):
Event: 0.119 Executing non-safepoint VM operation: HandshakeAllThreads (Deoptimize)
Event: 0.119 Executing non-safepoint VM operation: HandshakeAllThreads (Deoptimize) done
Event: 0.122 Executing non-safepoint VM operation: HandshakeAllThreads (Deoptimize)
Event: 0.122 Executing non-safepoint VM operation: HandshakeAllThreads (Deoptimize) done
Event: 0.319 Executing safepoint VM operation: G1CollectForAllocation (G1 Evacuation Pause)
Event: 0.332 Executing safepoint VM operation: G1CollectForAllocation (G1 Evacuation Pause) done
Event: 0.423 Executing safepoint VM operation: G1CollectForAllocation (G1 Evacuation Pause)
Event: 0.439 Executing safepoint VM operation: G1CollectForAllocation (G1 Evacuation Pause) done
Event: 0.445 Executing non-safepoint VM operation: HandshakeAllThreads (Deoptimize)
Event: 0.445 Executing non-safepoint VM operation: HandshakeAllThreads (Deoptimize) done
Event: 0.588 Executing safepoint VM operation: G1CollectForAllocation (G1 Evacuation Pause)
Event: 0.602 Executing safepoint VM operation: G1CollectForAllocation (G1 Evacuation Pause) done
Event: 0.614 Executing safepoint VM operation: G1TryInitiateConcMark (G1 Humongous Allocation)
Event: 0.619 Executing safepoint VM operation: G1TryInitiateConcMark (G1 Humongous Allocation) done
Event: 0.626 Executing safepoint VM operation: G1PauseRemark
Event: 0.627 Executing safepoint VM operation: G1PauseRemark done
Event: 0.629 Executing safepoint VM operation: G1PauseCleanup
Event: 0.629 Executing safepoint VM operation: G1PauseCleanup done
Event: 0.680 Executing safepoint VM operation: G1CollectForAllocation (G1 Evacuation Pause)
Event: 0.684 Executing safepoint VM operation: G1CollectForAllocation (G1 Evacuation Pause) done

Memory protections (0 events):
No events

Nmethod flushes (0 events):
No events

Events (19 events):
Event: 0.029 Thread 0x000001beef774c40 Thread added: 0x000001beef774c40
Event: 0.044 Thread 0x000001beef774c40 Thread added: 0x000001be9149a930
Event: 0.044 Thread 0x000001beef774c40 Thread added: 0x000001be9149bf10
Event: 0.044 Thread 0x000001beef774c40 Thread added: 0x000001be9149efc0
Event: 0.044 Thread 0x000001beef774c40 Thread added: 0x000001be914a2f10
Event: 0.044 Thread 0x000001beef774c40 Thread added: 0x000001be914a4640
Event: 0.044 Thread 0x000001beef774c40 Thread added: 0x000001be914ac1b0
Event: 0.044 Thread 0x000001beef774c40 Thread added: 0x000001be914b9900
Event: 0.045 Thread 0x000001beef774c40 Thread added: 0x000001be914c9af0
Event: 0.090 Thread 0x000001beef774c40 Thread added: 0x000001be916cfc20
Event: 0.111 Thread 0x000001beef774c40 Thread added: 0x000001be916e8770
Event: 0.111 Thread 0x000001beef774c40 Thread added: 0x000001be916eb620
Event: 0.122 Thread 0x000001be914c9af0 Thread added: 0x000001be914c92e0
Event: 0.190 Thread 0x000001beef774c40 Thread added: 0x000001be917324a0
Event: 0.366 Thread 0x000001be914a2f10 Thread added: 0x000001be960748d0
Event: 0.388 Thread 0x000001be960748d0 Thread added: 0x000001be96622d10
Event: 0.413 Thread 0x000001be96622d10 Thread added: 0x000001be965fcf00
Event: 0.439 Thread 0x000001be96622d10 Thread added: 0x000001be9661ea30
Event: 0.624 Thread 0x000001be914c92e0 Thread exited: 0x000001be914c92e0


Dynamic libraries:
0x00007ff61f4a0000 - 0x00007ff61f4ae000 	C:\Users\karol\.jdks\liberica-25.0.2\bin\java.exe
0x00007ffe2aca0000 - 0x00007ffe2af07000 	C:\WINDOWS\SYSTEM32\ntdll.dll
0x00007ffe28a30000 - 0x00007ffe28af9000 	C:\WINDOWS\System32\KERNEL32.DLL
0x00007ffe28600000 - 0x00007ffe289f4000 	C:\WINDOWS\System32\KERNELBASE.dll
0x00007ffe27570000 - 0x00007ffe276bb000 	C:\WINDOWS\System32\ucrtbase.dll
0x00007ffe0bcd0000 - 0x00007ffe0bce6000 	C:\Users\karol\.jdks\liberica-25.0.2\bin\jli.dll
0x00007ffe159d0000 - 0x00007ffe159eb000 	C:\Users\karol\.jdks\liberica-25.0.2\bin\VCRUNTIME140.dll
0x00007ffe291d0000 - 0x00007ffe29395000 	C:\WINDOWS\System32\USER32.dll
0x00007ffe05db0000 - 0x00007ffe06043000 	C:\WINDOWS\WinSxS\amd64_microsoft.windows.common-controls_6595b64144ccf1df_6.0.26100.8115_none_3e075c82e3354f9c\COMCTL32.dll
0x00007ffe28a00000 - 0x00007ffe28a27000 	C:\WINDOWS\System32\win32u.dll
0x00007ffe28cd0000 - 0x00007ffe28d79000 	C:\WINDOWS\System32\msvcrt.dll
0x00007ffe29760000 - 0x00007ffe2978b000 	C:\WINDOWS\System32\GDI32.dll
0x00007ffe284d0000 - 0x00007ffe285fb000 	C:\WINDOWS\System32\gdi32full.dll
0x00007ffe28420000 - 0x00007ffe284c3000 	C:\WINDOWS\System32\msvcp_win.dll
0x00007ffe28c00000 - 0x00007ffe28c32000 	C:\WINDOWS\System32\IMM32.DLL
0x00007ffe16820000 - 0x00007ffe1682c000 	C:\Users\karol\.jdks\liberica-25.0.2\bin\vcruntime140_1.dll
0x00007ffdbe2e0000 - 0x00007ffdbe36e000 	C:\Users\karol\.jdks\liberica-25.0.2\bin\msvcp140.dll
0x00007ffd326b0000 - 0x00007ffd335f1000 	C:\Users\karol\.jdks\liberica-25.0.2\bin\server\jvm.dll
0x00007ffe29e10000 - 0x00007ffe29ec6000 	C:\WINDOWS\System32\ADVAPI32.dll
0x00007ffe28fc0000 - 0x00007ffe29067000 	C:\WINDOWS\System32\sechost.dll
0x00007ffe293b0000 - 0x00007ffe294c8000 	C:\WINDOWS\System32\RPCRT4.dll
0x00007ffe294d0000 - 0x00007ffe29550000 	C:\WINDOWS\System32\WS2_32.dll
0x00007ffe26170000 - 0x00007ffe261ce000 	C:\WINDOWS\SYSTEM32\POWRPROF.dll
0x00007ffe0bf30000 - 0x00007ffe0bf3b000 	C:\WINDOWS\SYSTEM32\VERSION.dll
0x00007ffe1f7b0000 - 0x00007ffe1f7e6000 	C:\WINDOWS\SYSTEM32\WINMM.dll
0x00007ffe26150000 - 0x00007ffe26164000 	C:\WINDOWS\SYSTEM32\UMPDC.dll
0x00007ffe26420000 - 0x00007ffe2643b000 	C:\WINDOWS\SYSTEM32\kernel.appcore.dll
0x00007ffe15a90000 - 0x00007ffe15a9a000 	C:\Users\karol\.jdks\liberica-25.0.2\bin\jimage.dll
0x00007ffe24cd0000 - 0x00007ffe24f12000 	C:\WINDOWS\SYSTEM32\DBGHELP.DLL
0x00007ffe29930000 - 0x00007ffe29cb2000 	C:\WINDOWS\System32\combase.dll
0x00007ffe29cc0000 - 0x00007ffe29d98000 	C:\WINDOWS\System32\OLEAUT32.dll
0x00007ffdf7c20000 - 0x00007ffdf7c5b000 	C:\WINDOWS\SYSTEM32\dbgcore.DLL
0x00007ffe276c0000 - 0x00007ffe27765000 	C:\WINDOWS\System32\bcryptPrimitives.dll
0x00007ffe159c0000 - 0x00007ffe159cf000 	C:\Users\karol\.jdks\liberica-25.0.2\bin\instrument.dll
0x00007ffe0a9e0000 - 0x00007ffe0a9fe000 	C:\Users\karol\.jdks\liberica-25.0.2\bin\java.dll
0x00007ffe29790000 - 0x00007ffe29927000 	C:\WINDOWS\System32\ole32.dll
0x00007ffe2a490000 - 0x00007ffe2abf7000 	C:\WINDOWS\System32\SHELL32.dll
0x00007ffe278f0000 - 0x00007ffe27a5a000 	C:\WINDOWS\System32\wintypes.dll
0x00007ffe27bb0000 - 0x00007ffe28418000 	C:\WINDOWS\System32\windows.storage.dll
0x00007ffe28b00000 - 0x00007ffe28bf8000 	C:\WINDOWS\System32\SHCORE.dll
0x00007ffe29da0000 - 0x00007ffe29e06000 	C:\WINDOWS\System32\shlwapi.dll
0x00007ffe27490000 - 0x00007ffe274b9000 	C:\WINDOWS\SYSTEM32\profapi.dll
0x00007ffe0a270000 - 0x00007ffe0a287000 	C:\Users\karol\.jdks\liberica-25.0.2\bin\zip.dll
0x00007ffe15970000 - 0x00007ffe15980000 	C:\Users\karol\.jdks\liberica-25.0.2\bin\net.dll
0x00007ffe26990000 - 0x00007ffe269fc000 	C:\WINDOWS\system32\mswsock.dll
0x00007ffe0a120000 - 0x00007ffe0a136000 	C:\Users\karol\.jdks\liberica-25.0.2\bin\nio.dll
0x00007ffda1cd0000 - 0x00007ffda1e4e000 	C:\Users\karol\.jdks\liberica-25.0.2\bin\awt.dll
0x00007ffe24a70000 - 0x00007ffe24b0f000 	C:\WINDOWS\SYSTEM32\apphelp.dll
0x00007ffe157d0000 - 0x00007ffe157d9000 	C:\Users\karol\.jdks\liberica-25.0.2\bin\extnet.dll
0x00007ffe25e60000 - 0x00007ffe25f92000 	C:\WINDOWS\SYSTEM32\DNSAPI.dll
0x00007ffe25d70000 - 0x00007ffe25da2000 	C:\WINDOWS\SYSTEM32\IPHLPAPI.DLL
0x00007ffe2ac00000 - 0x00007ffe2ac0a000 	C:\WINDOWS\System32\NSI.dll
0x00007ffe1f3e0000 - 0x00007ffe1f3eb000 	C:\Windows\System32\rasadhlp.dll
0x00007ffe22180000 - 0x00007ffe22206000 	C:\WINDOWS\System32\fwpuclnt.dll
0x00007ffe0a260000 - 0x00007ffe0a26a000 	C:\Users\karol\.jdks\liberica-25.0.2\bin\management.dll
0x00007ffe26c70000 - 0x00007ffe26c8b000 	C:\WINDOWS\SYSTEM32\CRYPTSP.dll
0x00007ffe26380000 - 0x00007ffe263b9000 	C:\WINDOWS\system32\rsaenh.dll
0x00007ffe0a240000 - 0x00007ffe0a24b000 	C:\Users\karol\.jdks\liberica-25.0.2\bin\management_ext.dll
0x00007ffe28cc0000 - 0x00007ffe28cc8000 	C:\WINDOWS\System32\PSAPI.DLL
0x00007ffe26a40000 - 0x00007ffe26a73000 	C:\WINDOWS\SYSTEM32\USERENV.dll
0x00007ffe27460000 - 0x00007ffe2748a000 	C:\WINDOWS\SYSTEM32\bcrypt.dll
0x00007ffe26c90000 - 0x00007ffe26c9c000 	C:\WINDOWS\SYSTEM32\CRYPTBASE.dll
0x00007ffdedbf0000 - 0x00007ffdedc08000 	C:\WINDOWS\system32\napinsp.dll
0x00007ffdee200000 - 0x00007ffdee213000 	C:\WINDOWS\System32\winrnr.dll
0x00007ffdedc70000 - 0x00007ffdedc92000 	C:\WINDOWS\system32\nlansp_c.dll
0x00007ffdedc50000 - 0x00007ffdedc66000 	C:\WINDOWS\system32\wshbth.dll
0x00007ffe0a170000 - 0x00007ffe0a17e000 	C:\Users\karol\OneDrive\Pulpit\studia\karmil4951_javatz_2026\lab08\libnative.dll
0x00007ffdf67d0000 - 0x00007ffdf6826000 	C:\WINDOWS\SYSTEM32\pdh.dll

JVMTI agents:
C:\Program Files\JetBrains\IntelliJ IDEA 2025.3.4\lib\idea_rt.jar path:C:\Users\karol\.jdks\liberica-25.0.2\bin\instrument.dll, loaded, initialized, instrumentlib options:49728

dbghelp: loaded successfully - version: 4.0.5 - missing functions: none
symbol engine: initialized successfully - sym options: 0x614 - pdb path: .;C:\Users\karol\.jdks\liberica-25.0.2\bin;C:\WINDOWS\SYSTEM32;C:\WINDOWS\WinSxS\amd64_microsoft.windows.common-controls_6595b64144ccf1df_6.0.26100.8115_none_3e075c82e3354f9c;C:\Users\karol\.jdks\liberica-25.0.2\bin\server;C:\Users\karol\OneDrive\Pulpit\studia\karmil4951_javatz_2026\lab08

VM Arguments:
jvm_args: -javaagent:C:\Program Files\JetBrains\IntelliJ IDEA 2025.3.4\lib\idea_rt.jar=49728 -Dfile.encoding=UTF-8 -Dsun.stdout.encoding=UTF-8 -Dsun.stderr.encoding=UTF-8 
java_command: pwr.karmil.Main
java_class_path (initial): C:\Users\karol\OneDrive\Pulpit\studia\karmil4951_javatz_2026\lab08\target\classes
Launcher Type: SUN_STANDARD

[Global flags]
     intx CICompilerCount                          = 4                                         {product} {ergonomic}
     uint ConcGCThreads                            = 2                                         {product} {ergonomic}
     uint G1ConcRefinementThreads                  = 8                                         {product} {ergonomic}
   size_t G1HeapRegionSize                         = 2097152                                   {product} {ergonomic}
   size_t InitialHeapSize                          = 266338304                                 {product} {ergonomic}
   size_t MarkStackSize                            = 4194304                                   {product} {ergonomic}
   size_t MarkStackSizeMax                         = 536870912                                 {product} {ergonomic}
   size_t MaxHeapSize                              = 4238344192                                {product} {ergonomic}
   size_t MaxNewSize                               = 2541748224                                {product} {ergonomic}
   size_t MinHeapDeltaBytes                        = 2097152                                   {product} {ergonomic}
   size_t MinHeapSize                              = 8388608                                   {product} {ergonomic}
    uintx NonNMethodCodeHeapSize                   = 5832704                                {pd product} {ergonomic}
    uintx NonProfiledCodeHeapSize                  = 122945536                              {pd product} {ergonomic}
    uintx ProfiledCodeHeapSize                     = 122880000                              {pd product} {ergonomic}
    uintx ReservedCodeCacheSize                    = 251658240                              {pd product} {ergonomic}
     bool SegmentedCodeCache                       = true                                      {product} {ergonomic}
   size_t SoftMaxHeapSize                          = 4238344192                             {manageable} {ergonomic}
     bool UseCompressedOops                        = true                           {product lp64_product} {ergonomic}
     bool UseG1GC                                  = true                                      {product} {ergonomic}
     bool UseLargePagesIndividualAllocation        = false                                  {pd product} {ergonomic}

Logging:
Log output configuration:
 #0: stdout all=warning uptime,level,tags foldmultilines=false
 #1: stderr all=off uptime,level,tags foldmultilines=false

Release file:
IMPLEMENTOR="BellSoft" 
JAVA_RUNTIME_VERSION="25.0.2+12-LTS" 
JAVA_VERSION="25.0.2" 
JAVA_VERSION_DATE="2026-01-20" 
LIBC="default" 
MODULES="java.base java.compiler java.datatransfer java.xml java.prefs java.desktop java.instrument java.logging java.management java.security.sasl java.naming java.rmi java.management.rmi java.net.http java.scripting java.security.jgss java.transaction.xa java.sql java.sql.rowset java.xml.crypto java.se java.smartcardio jdk.accessibility jdk.internal.jvmstat jdk.attach jdk.charsets jdk.internal.opt jdk.zipfs jdk.compiler jdk.crypto.cryptoki jdk.crypto.ec jdk.crypto.mscapi jdk.dynalink jdk.internal.ed jdk.editpad jdk.internal.vm.ci jdk.graal.compiler jdk.graal.compiler.management jdk.hotspot.agent jdk.httpserver jdk.incubator.vector jdk.internal.le jdk.internal.md jdk.jartool jdk.javadoc jdk.jcmd jdk.management jdk.management.agent jdk.jconsole jdk.jdeps jdk.jdwp.agent jdk.jdi jdk.jfr jdk.jlink jdk.jpackage jdk.jshell jdk.jsobject jdk.jstatd jdk.localedata jdk.management.jfr jdk.naming.dns jdk.naming.rmi jdk.net jdk.nio.mapmode jdk.sctp jdk.security.auth jdk.security.jgss jdk.unsupported jdk.unsupported.desktop jdk.xml.dom" 
OS_ARCH="x86_64" 
OS_NAME="Windows" 
SOURCE=".:git:a1073b668410+" 

Environment Variables:
JAVA_HOME=C:\Users\karol\.jdks\jbr-17.0.9
PATH=C:\Program Files\Common Files\Oracle\Java\javapath;C:\Program Files (x86)\Common Files\Oracle\Java\java8path;C:\Program Files (x86)\Common Files\Oracle\Java\javapath;C:\Windows\system32;C:\Windows;C:\Windows\System32\Wbem;C:\Windows\System32\WindowsPowerShell\v1.0\;C:\Windows\System32\OpenSSH\;C:\Program Files (x86)\NVIDIA Corporation\PhysX\Common;C:\Program Files\NVIDIA Corporation\NVIDIA NvDLISR;C:\WINDOWS\system32;C:\WINDOWS;C:\WINDOWS\System32\Wbem;C:\WINDOWS\System32\WindowsPowerShell\v1.0\;C:\WINDOWS\System32\OpenSSH\;C:\Program Files\PuTTY\;C:\Program Files\Git\cmd;C:\Users\karol\AppData\Local\Programs\Python\Python314\Scripts\;C:\Users\karol\AppData\Local\Programs\Python\Python314\;C:\Users\karol\AppData\Local\Programs\Python\Launcher\;C:\Users\karol\AppData\Local\Microsoft\WindowsApps;C:\Users\karol\AppData\Local\Programs\Microsoft VS Code\bin;C:\Program Files\JetBrains\PyCharm 2025.3.1\bin;C:\Program Files\JetBrains\CLion 2024.3.4\bin;;C:\Program Files\JetBrains\IntelliJ IDEA 2025.3.4\bin;C:\Users\karol\AppData\Local\Android\Sdk\platform-tools;C:\Users\karol\AppData\Local\Android\Sdk\emulator;C:\Users\karol\.jdks\jbr-17.0.9\bin;
USERNAME=karol
OS=Windows_NT
PROCESSOR_IDENTIFIER=Intel64 Family 6 Model 140 Stepping 2, GenuineIntel
TMP=C:\Users\karol\AppData\Local\Temp
TEMP=C:\Users\karol\AppData\Local\Temp




Compilation memory statistics disabled.

Periodic native trim disabled

---------------  S Y S T E M  ---------------

OS:
 Windows 11 , 64 bit Build 26100 (10.0.26100.8246)
OS uptime: 8 days 3:51 hours
Hyper-V role detected

CPU: total 8 (initial active 8) (4 cores per cpu, 2 threads per core) family 6 model 140 stepping 2 microcode 0x26, cx8, cmov, fxsr, ht, mmx, 3dnowpref, sse, sse2, sse3, ssse3, sse4.1, sse4.2, popcnt, lzcnt, tsc, tscinvbit, avx, avx2, aes, erms, clmul, bmi1, bmi2, adx, avx512f, avx512dq, avx512cd, avx512bw, avx512vl, sha, fma, vzeroupper, avx512_vpopcntdq, avx512_vpclmulqdq, avx512_vaes, avx512_vnni, clflush, clflushopt, clwb, avx512_vbmi2, avx512_vbmi, hv, rdtscp, rdpid, fsrm, gfni, avx512_bitalg, f16c, cet_ibt, cet_ss, avx512_ifma
Processor Information for the first 8 processors :
  Max Mhz: 3187, Current Mhz: 3187, Mhz Limit: 3187

Memory: 4k page, system-wide physical 16167M (289M free)
TotalPageFile size 44445M (AvailPageFile size 2237M)
current process WorkingSet (physical memory assigned to process): 327M, peak: 327M
current process commit charge ("private bytes"): 384M, peak: 385M

vm_info: OpenJDK 64-Bit Server VM (25.0.2+12-LTS) for windows-amd64 JRE (25.0.2+12-LTS), built on 2026-01-15T12:42:03Z with MS VC++ 17.1 (VS2022)

END.
