#
# A fatal error has been detected by the Java Runtime Environment:
#
#  EXCEPTION_ACCESS_VIOLATION (0xc0000005) at pc=0x00007ffd32bb846e, pid=35288, tid=2244
#
# JRE version: OpenJDK Runtime Environment (25.0.2+12) (build 25.0.2+12-LTS)
# Java VM: OpenJDK 64-Bit Server VM (25.0.2+12-LTS, mixed mode, sharing, tiered, compressed oops, compressed class ptrs, g1 gc, windows-amd64)
# Problematic frame:
# V  [jvm.dll+0x50846e]
#
# No core dump will be written. Minidumps are not enabled by default on client versions of Windows
#
# If you would like to submit a bug report, please visit:
#   https://bell-sw.com/support
#

---------------  S U M M A R Y ------------

Command Line: -javaagent:C:\Program Files\JetBrains\IntelliJ IDEA 2025.3.4\lib\idea_rt.jar=55771 -Dfile.encoding=UTF-8 -Dsun.stdout.encoding=UTF-8 -Dsun.stderr.encoding=UTF-8 pwr.karmil.Main

Host: 11th Gen Intel(R) Core(TM) i5-11320H @ 3.20GHz, 8 cores, 15G,  Windows 11 , 64 bit Build 26100 (10.0.26100.8246)
Time: Wed May 13 02:41:07 2026 GMT (czas letni) elapsed time: 0.992761 seconds (0d 0h 0m 0s)

---------------  T H R E A D  ---------------

Current thread (0x0000025ab3405b40):  JavaThread "main"             [_thread_in_vm, id=2244, stack(0x0000007c46b00000,0x0000007c46c00000) (1024K)]

Stack: [0x0000007c46b00000,0x0000007c46c00000],  sp=0x0000007c46bff5a0,  free space=1021k
Native frames: (J=compiled Java code, j=interpreted, Vv=VM code, C=native code)
V  [jvm.dll+0x50846e]  (no source info available)
C  [libnative.dll+0x1528]  (no source info available)
C  0x0000025ac578d2b3  (no source info available)

The last pc belongs to native method entry point (kind = native) (printed below).
Java frames: (J=compiled Java code, j=interpreted, Vv=VM code)
j  pwr.karmil.DiscreteFunc.nativeFunc([[D[[D)[[D+0
j  pwr.karmil.Main.useFilter(Ljava/lang/String;Ljava/lang/String;)V+286
j  pwr.karmil.Main.main([Ljava/lang/String;)V+13
v  ~StubRoutines::call_stub 0x0000025ac57812ed

siginfo: EXCEPTION_ACCESS_VIOLATION (0xc0000005), reading address 0x0000000000000000


Registers:
RAX=0x0000000000000000, RBX=0x0000025ab3405b40, RCX=0x0000025ab3405f88, RDX=0x0000000000000000
RSP=0x0000007c46bff5a0, RBP=0x0000007c46bff858, RSI=0x0000000000000000, RDI=0x0000000000000000
R8 =0x0000000000000000, R9 =0x0000007c46bff850, R10=0x0000025ac578d353, R11=0x000000070b001590
R12=0x0000000000000000, R13=0x0000025ad6409290, R14=0x0000007c46bff858, R15=0x0000025ab3405b40
RIP=0x00007ffd32bb846e, EFLAGS=0x0000000000010293

XMM[0]=0x0000000000000000 0x0000000000000000
XMM[1]=0x0000000000000000 0x0000000000000000
XMM[2]=0x0000000000000000 0x0000000000000000
XMM[3]=0x0000000000000000 0x0000000000000000
XMM[4]=0x0000000000000000 0x0000000000000000
XMM[5]=0x0000000000000000 0x0000000000000000
XMM[6]=0x0000000000000000 0x0000000000000160
XMM[7]=0x0000000000000000 0x0000000710753ac8
XMM[8]=0x0000000000000000 0x0000000000000054
XMM[9]=0x0000000000000000 0x0000000000000000
XMM[10]=0x0000000000000000 0x0000000000000000
XMM[11]=0x0000000000000000 0x0000000000000000
XMM[12]=0x0000000000000000 0x8000000000000000
XMM[13]=0x0000000000000000 0xbff0000000000000
XMM[14]=0x0000000000000000 0x8000000000000000
XMM[15]=0x0000000000000000 0xc000000000000000
  MXCSR=0x00001fa0


Register to memory mapping:

RAX=0x0 is null
RBX=0x0000025ab3405b40 is a thread
RCX=0x0000025ab3405f88 points into unknown readable memory: 0x00007ffd334631d0 | d0 31 46 33 fd 7f 00 00
RDX=0x0 is null
RSP=0x0000007c46bff5a0 is pointing into the stack for thread: 0x0000025ab3405b40
RBP=0x0000007c46bff858 is pointing into the stack for thread: 0x0000025ab3405b40
RSI=0x0 is null
RDI=0x0 is null
R8 =0x0 is null
R9 =0x0000007c46bff850 is pointing into the stack for thread: 0x0000025ab3405b40
R10=0x0000025ac578d353 is at code_begin+1139 in an Interpreter codelet
native method entry point (kind = native)  [0x0000025ac578cee0, 0x0000025ac578dae0]  3072 bytes
R11=0x000000070b001590 is an oop: java.lang.Class 
{0x000000070b001590} - klass: 'java/lang/Class' - flags: 

 - ---- fields (total size 16 words):
 - private volatile transient 'classRedefinedCount' 'I' @12  0 (0x00000000)
 - injected 'klass' 'J' @16  151267896 (0x0000000009042a38)
 - injected 'array_klass' 'J' @24  0 (0x0000000000000000)
 - injected 'oop_size' 'I' @32  16 (0x00000010)
 - injected 'static_oop_field_count' 'I' @36  1 (0x00000001)
 - private final transient 'modifiers' 'C' @40    1 (0x0001)
 - private final transient 'primitive' 'Z' @42  false (0x00)
 - private volatile transient 'cachedConstructor' 'Ljava/lang/reflect/Constructor;' @44  null (0x00000000)
 - private transient 'name' 'Ljava/lang/String;' @48  "pwr.karmil.DiscreteFunc"{0x000000070b395460} (0xe1672a8c)
 - private transient 'module' 'Ljava/lang/Module;' @52  a 'java/lang/Module'{0x000000070810b148} (0xe1021629)
 - private final 'classLoader' 'Ljava/lang/ClassLoader;' @56  a 'jdk/internal/loader/ClassLoaders$AppClassLoader'{0x0000000708200000} (0xe1040000)
 - private transient 'classData' 'Ljava/lang/Object;' @60  null (0x00000000)
 - private transient 'signers' '[Ljava/lang/Object;' @64  null (0x00000000)
 - private transient 'packageName' 'Ljava/lang/String;' @68  "pwr.karmil"{0x0000000707e45538} (0xe0fc8aa7)
 - private final transient 'componentType' 'Ljava/lang/Class;' @72  null (0x00000000)
 - private final transient 'protectionDomain' 'Ljava/security/ProtectionDomain;' @76  a 'java/security/ProtectionDomain'{0x0000000707e45340} (0xe0fc8a68)
 - private volatile transient 'reflectionData' 'Ljava/lang/ref/SoftReference;' @80  null (0x00000000)
 - private volatile transient 'genericInfo' 'Lsun/reflect/generics/repository/ClassRepository;' @84  null (0x00000000)
 - private volatile transient 'enumConstants' '[Ljava/lang/Object;' @88  null (0x00000000)
 - private volatile transient 'enumConstantDirectory' 'Ljava/util/Map;' @92  null (0x00000000)
 - private volatile transient 'annotationData' 'Ljava/lang/Class$AnnotationData;' @96  null (0x00000000)
 - private volatile transient 'annotationType' 'Lsun/reflect/annotation/AnnotationType;' @100  null (0x00000000)
 - transient 'classValueMap' 'Ljava/lang/ClassValue$ClassValueMap;' @104  null (0x00000000)
 - injected 'source_file' 'Ljava/lang/Object;' @108  null (0x00000000)
 - injected '<init_lock>' 'Ljava/lang/Object;' @112  null (0x00000000)
 - signature: Lpwr/karmil/DiscreteFunc;
 - ---- static fields (1):
 - private static 'result' '[[D' @120  a {type array double}[1275] {0x000000070b004a60} (0xe160094c)
R12=0x0 is null
R13={method} {0x0000025ad6409298} 'nativeFunc' '([[D[[D)[[D' in 'pwr/karmil/DiscreteFunc'
R14=0x0000007c46bff858 is pointing into the stack for thread: 0x0000025ab3405b40
R15=0x0000025ab3405b40 is a thread

Top of Stack: (sp=0x0000007c46bff5a0)
0x0000007c46bff5a0:   0000025ab3730000 0000025a00000000   ..s.Z.......Z...
0x0000007c46bff5b0:   0000007c46bff858 0000007c46bff850   X..F|...P..F|...
0x0000007c46bff5c0:   0000007c46bff850 00007ffdfc041528   P..F|...(.......
0x0000007c46bff5d0:   0000025ab3405f88 0000000000000000   ._@.Z...........
0x0000007c46bff5e0:   0000025ab373d860 0000007c46bff858   `.s.Z...X..F|...
0x0000007c46bff5f0:   0000025ad5e0cac0 0000007c46bff4f0   ....Z......F|...
0x0000007c46bff600:   0000025ab373b070 000004fd000004fd   p.s.Z...........
0x0000007c46bff610:   00000000000004fd 00000000000027e8   .........'......
0x0000007c46bff620:   0000025ad5cdd828 0000025ad5e0cac8   (...Z.......Z...
0x0000007c46bff630:   0000025ad5e0a2c0 0000025ab3731f80   ....Z.....s.Z...
0x0000007c46bff640:   0000025ab3731f60 0000025ad5e0f2a8   `.s.Z.......Z...
0x0000007c46bff650:   0000025ad5cde920 00000000000004fd    ...Z...........
0x0000007c46bff660:   00000000000004fc 00000000000004ff   ................
0x0000007c46bff670:   00000000000027e8 00000000000027f8   .'.......'......
0x0000007c46bff680:   000004fc000004ff 00000000000027e0   .........'......
0x0000007c46bff690:   0000025ab3731f60 0000025ab3731f78   `.s.Z...x.s.Z...
0x0000007c46bff6a0:   0000025ab3731f78 0000000800000000   x.s.Z...........
0x0000007c46bff6b0:   0000025ab3731f80 0000025ab3731f98   ..s.Z.....s.Z...
0x0000007c46bff6c0:   0000025ab3731f98 0000000000001bbb   ..s.Z...........
0x0000007c46bff6d0:   0000025ad5e0a2c0 0000025ad5e0cab8   ....Z.......Z...
0x0000007c46bff6e0:   0000025ad5e0cab8 0000025a00000002   ....Z.......Z...
0x0000007c46bff6f0:   0000025ab373b070 0000025ab373d868   p.s.Z...h.s.Z...
0x0000007c46bff700:   0000025ab373d868 0000025ad6409290   h.s.Z.....@.Z...
0x0000007c46bff710:   0000000000000160 0000000000000000   `...............
0x0000007c46bff720:   0000000710753ac8 0000000000000000   .:u.............
0x0000007c46bff730:   0000000000000054 0000000000000000   T...............
0x0000007c46bff740:   0000000000000000 0000000000000000   ................
0x0000007c46bff750:   0000000000000000 0000000000000000   ................
0x0000007c46bff760:   0000025acdeb6000 0000025ad6409290   .`..Z.....@.Z...
0x0000007c46bff770:   0000000000000000 0000025ac5788cb2   ..........x.Z...
0x0000007c46bff780:   0000007c46bff830 0000000000000000   0..F|...........
0x0000007c46bff790:   0000025ad6409290 0000007c46bff858   ..@.Z...X..F|...

Instructions: (pc=0x00007ffd32bb846e)
  0x00007ffd32bb836e:   5e 5b c3 cc cc cc cc cc cc cc cc cc cc cc cc cc
  0x00007ffd32bb837e:   cc cc 40 53 48 83 ec 20 8b 81 a0 00 00 00 48 81
  0x00007ffd32bb838e:   c1 b8 fb ff ff 05 53 21 ff ff 49 8b d8 83 f8 01
  0x00007ffd32bb839e:   77 05 e8 fb 4d f9 ff 48 85 db 74 0d 48 8b cb 48
  0x00007ffd32bb83ae:   83 c4 20 5b e9 99 32 bf ff 48 83 c4 20 5b c3 cc
  0x00007ffd32bb83be:   cc cc 48 89 5c 24 08 48 89 74 24 10 57 48 83 ec
  0x00007ffd32bb83ce:   20 8b 81 a0 00 00 00 48 8d 99 b8 fb ff ff 05 53
  0x00007ffd32bb83de:   21 ff ff 48 8b fa 83 f8 01 77 08 48 8b cb e8 af
  0x00007ffd32bb83ee:   4d f9 ff 80 3d e2 a9 91 00 00 c7 83 d4 04 00 00
  0x00007ffd32bb83fe:   06 00 00 00 75 06 e8 f7 04 2a 00 90 48 8b 43 28
  0x00007ffd32bb840e:   a8 01 74 0d 45 33 c0 b2 01 48 8b cb e8 71 a0 31
  0x00007ffd32bb841e:   00 8b 83 d0 04 00 00 c1 e8 03 a8 01 74 08 48 8b
  0x00007ffd32bb842e:   cb e8 ec 67 f9 ff 48 8b c7 c7 83 d4 04 00 00 06
  0x00007ffd32bb843e:   00 00 00 83 e0 03 48 83 f8 01 75 0f 48 8d 4f ff
  0x00007ffd32bb844e:   ff 15 d4 47 8a 00 48 8b c8 eb 18 48 83 f8 02 75
  0x00007ffd32bb845e:   0f 48 8d 4f fe ff 15 ff ab 89 00 48 8b c8 eb 03
=>0x00007ffd32bb846e:   48 8b 0f 48 63 05 a8 92 94 00 48 8b bb a8 01 00
  0x00007ffd32bb847e:   00 8b 34 08 48 8b 47 10 48 83 38 00 74 08 48 8b
  0x00007ffd32bb848e:   cf e8 5c 33 f4 ff 48 8b 57 08 48 8b 4f 10 48 89
  0x00007ffd32bb849e:   4a 18 48 8b 57 08 48 8b 4f 18 48 89 4a 20 48 8b
  0x00007ffd32bb84ae:   4f 20 48 8b 57 08 48 89 4a 28 48 8d 8b 28 04 00
  0x00007ffd32bb84be:   00 e8 9c 1d eb ff 90 8b c6 48 8b 74 24 38 c7 83
  0x00007ffd32bb84ce:   d4 04 00 00 04 00 00 00 48 8b 5c 24 30 48 83 c4
  0x00007ffd32bb84de:   20 5f c3 cc cc cc cc cc cc cc cc cc cc cc cc cc
  0x00007ffd32bb84ee:   cc cc 40 53 56 57 48 83 ec 40 8b 81 a0 00 00 00
  0x00007ffd32bb84fe:   48 8d 99 b8 fb ff ff 48 89 6c 24 60 05 53 21 ff
  0x00007ffd32bb850e:   ff 4c 89 74 24 68 4d 8b f1 8b ea 49 8b f0 83 f8
  0x00007ffd32bb851e:   01 77 08 48 8b cb e8 77 4c f9 ff 80 3d aa a8 91
  0x00007ffd32bb852e:   00 00 c7 83 d4 04 00 00 06 00 00 00 75 06 e8 bf
  0x00007ffd32bb853e:   03 2a 00 90 48 8b 43 28 a8 01 74 0d 45 33 c0 b2
  0x00007ffd32bb854e:   01 48 8b cb e8 39 9f 31 00 8b 83 d0 04 00 00 c1
  0x00007ffd32bb855e:   e8 03 a8 01 74 08 48 8b cb e8 b4 66 f9 ff 33 ff


Stack slot to memory mapping:

stack at sp + 0 slots: 0x0000025ab3730000 points into unknown readable memory: 0x0000000000000000 | 00 00 00 00 00 00 00 00
stack at sp + 1 slots: 0x0000025a00000000 is an unknown value
stack at sp + 2 slots: 0x0000007c46bff858 is pointing into the stack for thread: 0x0000025ab3405b40
stack at sp + 3 slots: 0x0000007c46bff850 is pointing into the stack for thread: 0x0000025ab3405b40
stack at sp + 4 slots: 0x0000007c46bff850 is pointing into the stack for thread: 0x0000025ab3405b40
stack at sp + 5 slots: 0x00007ffdfc041528 libnative.dll
stack at sp + 6 slots: 0x0000025ab3405f88 points into unknown readable memory: 0x00007ffd334631d0 | d0 31 46 33 fd 7f 00 00
stack at sp + 7 slots: 0x0 is null

Lock stack of current Java thread (top to bottom):

native method entry point (kind = native)  [0x0000025ac578cee0, 0x0000025ac578dae0]  3072 bytes
[MachCode]
  0x0000025ac578cee0: 488b 4b08 | 0fb7 492e | 584c 8d74 | ccf8 6800 | 0000 0068 | 0000 0000 | 5055 488b | ec41 5548 
  0x0000025ac578cf00: 8b43 084c | 8d68 3848 | 8b40 0868 | 0000 0000 | 5348 8b50 | 1848 8b52 | 7048 8b12 | 5248 8b53 
  0x0000025ac578cf20: 1048 85d2 | 7407 4881 | c2d0 0000 | 0052 488b | 5010 5249 | 8bc6 482b | c548 c1e8 | 0350 6800 
  0x0000025ac578cf40: 0000 0068 | f7ff ffff | 41c6 87f1 | 0400 0001 | 488b 4310 | 4885 c074 | 208b 8890 | 0000 0083 
  0x0000025ac578cf60: c102 8988 | 9000 0000 | 2388 a400 | 0000 0f84 | b80a 0000 | e9cf 0000 | 0048 8b43 | 1848 85c0 
  0x0000025ac578cf80: 0f85 b000 | 0000 e805 | 0000 00e9 | 9900 0000 | 488b d348 | 8d44 2408 | 4c89 6dc0 | 498b cfc5 
  0x0000025ac578cfa0: f877 4989 | af38 0400 | 0049 8987 | 2804 0000 | 4883 ec20 | 40f6 c40f | 0f84 1900 | 0000 4883 
  0x0000025ac578cfc0: ec08 48b8 | 5041 b332 | fd7f 0000 | ffd0 4883 | c408 e90c | 0000 0048 | b850 41b3 | 32fd 7f00 
  0x0000025ac578cfe0: 00ff d048 | 83c4 2049 | c787 2804 | 0000 0000 | 0000 49c7 | 8738 0400 | 0000 0000 | 0049 c787 
  0x0000025ac578d000: 3004 0000 | 0000 0000 | c5f8 7749 | 837f 0800 | 0f84 0500 | 0000 e9c5 | 41ff ff4c | 8b6d c04c 
  0x0000025ac578d020: 8b75 c84e | 8d74 f500 | c348 8b43 | 1848 85c0 | 0f84 1200 | 0000 8b48 | 0883 c102 | 8948 0823 
  0x0000025ac578d040: 482c 0f84 | e409 0000 | 493b a770 | 0500 000f | 8748 0000 | 0089 8424 | 00f0 ffff | 8984 2400 
  0x0000025ac578d060: e0ff ff89 | 8424 00d0 | ffff 8984 | 2400 c0ff | ff89 8424 | 00b0 ffff | 8984 2400 | a0ff ff89 
  0x0000025ac578d080: 8424 0090 | ffff 8984 | 2400 80ff | ff49 3ba7 | 6805 0000 | 7607 4989 | a770 0500 | 0041 c687 
  0x0000025ac578d0a0: f104 0000 | 0048 8b5d | e84c 8b5b | 0845 0fb7 | 5b2e 41c1 | e303 492b | e348 83ec | 2048 83e4 
  0x0000025ac578d0c0: f04c 8b5b | 604d 85db | 0f85 ab00 | 0000 e805 | 0000 00e9 | 9900 0000 | 488b d348 | 8d44 2408 
  0x0000025ac578d0e0: 4c89 6dc0 | 498b cfc5 | f877 4989 | af38 0400 | 0049 8987 | 2804 0000 | 4883 ec20 | 40f6 c40f 
  0x0000025ac578d100: 0f84 1900 | 0000 4883 | ec08 48b8 | 506a b332 | fd7f 0000 | ffd0 4883 | c408 e90c | 0000 0048 
  0x0000025ac578d120: b850 6ab3 | 32fd 7f00 | 00ff d048 | 83c4 2049 | c787 2804 | 0000 0000 | 0000 49c7 | 8738 0400 
  0x0000025ac578d140: 0000 0000 | 0049 c787 | 3004 0000 | 0000 0000 | c5f8 7749 | 837f 0800 | 0f84 0500 | 0000 e97d 
  0x0000025ac578d160: 40ff ff4c | 8b6d c04c | 8b75 c84e | 8d74 f500 | c348 8b5d | e84c 8b5b | 6041 ffd3 | 488b 5de8 
  0x0000025ac578d180: 4889 4518 | 440f b75b | 2c41 f6c3 | 080f 841b | 0000 004c | 8b5b 084d | 8b5b 084d | 8b5b 184d 
  0x0000025ac578d1a0: 8b5b 704d | 8b1b 4c89 | 5d10 488d | 5510 488b | 4358 49ba | 404a ee32 | fd7f 0000 | 493b c20f 
  0x0000025ac578d1c0: 85ab 0000 | 00e8 0500 | 0000 e999 | 0000 0048 | 8bd3 488d | 4424 084c | 896d c049 | 8bcf c5f8 
  0x0000025ac578d1e0: 7749 89af | 3804 0000 | 4989 8728 | 0400 0048 | 83ec 2040 | f6c4 0f0f | 8419 0000 | 0048 83ec 
  0x0000025ac578d200: 0848 b850 | 6ab3 32fd | 7f00 00ff | d048 83c4 | 08e9 0c00 | 0000 48b8 | 506a b332 | fd7f 0000 
  0x0000025ac578d220: ffd0 4883 | c420 49c7 | 8728 0400 | 0000 0000 | 0049 c787 | 3804 0000 | 0000 0000 | 49c7 8730 
  0x0000025ac578d240: 0400 0000 | 0000 00c5 | f877 4983 | 7f08 000f | 8405 0000 | 00e9 863f | ffff 4c8b | 6dc0 4c8b 
  0x0000025ac578d260: 75c8 4e8d | 74f5 00c3 | 488b 5de8 | 488b 4358 | 498d 8f48 | 0400 004c | 8d15 d500 | 0000 4d89 
  0x0000025ac578d280: 9730 0400 | 00c5 f877 | 4989 af38 | 0400 0049 | 89a7 2804 | 0000 41c7 | 87d4 0400 | 0004 0000 
  0x0000025ac578d2a0: 0049 3ba7 | c805 0000 | 7607 4989 | a7c8 0500 | 00ff d049 | 3ba7 c805 | 0000 720b | 49c7 87c8 
  0x0000025ac578d2c0: 0500 0000 | 0000 00c5 | f877 4883 | ec10 c5fb | 1104 2448 | 83ec 1048 | 8904 2448 | c744 2408 
  0x0000025ac578d2e0: 0000 0000 | 41c7 87d4 | 0400 0005 | 0000 00f0 | 8344 24c0 | 0049 3b6f | 280f 870e | 0000 0041 
  0x0000025ac578d300: 83bf d004 | 0000 000f | 8420 0000 | 0049 8bcf | 4c8b e448 | 83ec 2048 | 83e4 f048 | b810 d4b4 
  0x0000025ac578d320: 32fd 7f00 | 00ff d049 | 8be4 4d33 | e441 c787 | d404 0000 | 0800 0000 | 4d8b 97f0 | 0500 0049 
  0x0000025ac578d340: 83fa 0074 | 3549 c787 | f005 0000 | 0000 0000 | 41ff e249 | ba60 be78 | c55a 0200 | 0041 ffd2 
  0x0000025ac578d360: 4883 ec10 | c5fb 1104 | 2448 83ec | 1048 8904 | 2448 c744 | 2408 0000 | 0000 49c7 | 8728 0400 
  0x0000025ac578d380: 0000 0000 | 0049 c787 | 3804 0000 | 0000 0000 | 49c7 8730 | 0400 0000 | 0000 00c5 | f877 4d8b 
  0x0000025ac578d3a0: 9fb8 0400 | 0041 c783 | 0001 0000 | 0000 0000 | 49bb 5aa7 | 78c5 5a02 | 0000 4c3b | 5d18 0f85 
  0x0000025ac578d3c0: 5b02 0000 | 488b 0424 | 4883 c410 | 4885 c00f | 8435 0200 | 00a8 030f | 8508 0000 | 0048 8b00 
  0x0000025ac578d3e0: e925 0200 | 00a8 010f | 8509 0000 | 0048 8b40 | fee9 1402 | 0000 488b | 40ff 4180 | 7f48 000f 
  0x0000025ac578d400: 8405 0200 | 0048 83f8 | 000f 84fb | 0100 004d | 8b5f 384d | 85db 0f84 | 1400 0000 | 4983 eb08 
  0x0000025ac578d420: 4d89 5f38 | 4d03 5f40 | 4989 03e9 | da01 0000 | 4881 ecf0 | 0000 0048 | 8904 2448 | 894c 2408 
  0x0000025ac578d440: 4889 5424 | 104c 8944 | 2418 4c89 | 4c24 204c | 8954 2428 | 4c89 5c24 | 30c5 fb11 | 4424 40c5 
  0x0000025ac578d460: fb11 4c24 | 48c5 fb11 | 5424 50c5 | fb11 5c24 | 58c5 fb11 | 6424 60c5 | fb11 6c24 | 6862 e1ff 
  0x0000025ac578d480: 0811 4424 | 0e62 e1ff | 0811 4c24 | 0f62 e1ff | 0811 5424 | 1062 e1ff | 0811 5c24 | 1162 e1ff 
  0x0000025ac578d4a0: 0811 6424 | 1262 e1ff | 0811 6c24 | 1362 e1ff | 0811 7424 | 1462 e1ff | 0811 7c24 | 1562 61ff 
  0x0000025ac578d4c0: 0811 4424 | 1662 61ff | 0811 4c24 | 1762 61ff | 0811 5424 | 1862 61ff | 0811 5c24 | 1962 61ff 
  0x0000025ac578d4e0: 0811 6424 | 1a62 61ff | 0811 6c24 | 1b62 61ff | 0811 7424 | 1c62 61ff | 0811 7c24 | 1d49 8bd7 
  0x0000025ac578d500: 488b c848 | 83ec 2040 | f6c4 0f0f | 8419 0000 | 0048 83ec | 0848 b8e0 | 76a7 32fd | 7f00 00ff 
  0x0000025ac578d520: d048 83c4 | 08e9 0c00 | 0000 48b8 | e076 a732 | fd7f 0000 | ffd0 4883 | c420 6261 | ff08 107c 
  0x0000025ac578d540: 241d 6261 | ff08 1074 | 241c 6261 | ff08 106c | 241b 6261 | ff08 1064 | 241a 6261 | ff08 105c 
  0x0000025ac578d560: 2419 6261 | ff08 1054 | 2418 6261 | ff08 104c | 2417 6261 | ff08 1044 | 2416 62e1 | ff08 107c 
  0x0000025ac578d580: 2415 62e1 | ff08 1074 | 2414 62e1 | ff08 106c | 2413 62e1 | ff08 1064 | 2412 62e1 | ff08 105c 
  0x0000025ac578d5a0: 2411 62e1 | ff08 1054 | 2410 62e1 | ff08 104c | 240f 62e1 | ff08 1044 | 240e c5fb | 106c 2468 
  0x0000025ac578d5c0: c5fb 1064 | 2460 c5fb | 105c 2458 | c5fb 1054 | 2450 c5fb | 104c 2448 | c5fb 1044 | 2440 4c8b 
  0x0000025ac578d5e0: 5c24 304c | 8b54 2428 | 4c8b 4c24 | 204c 8b44 | 2418 488b | 5424 1048 | 8b4c 2408 | 488b 0424 
  0x0000025ac578d600: 4881 c4f0 | 0000 00c5 | f877 4889 | 4510 4883 | ec10 4889 | 0424 48c7 | 4424 0800 | 0000 0041 
  0x0000025ac578d620: 83bf 5005 | 0000 020f | 85bf 0000 | 0048 81ec | 8000 0000 | 4889 4424 | 7848 894c | 2470 4889 
  0x0000025ac578d640: 5424 6848 | 895c 2460 | 4889 6c24 | 5048 8974 | 2448 4889 | 7c24 404c | 8944 2438 | 4c89 4c24 
  0x0000025ac578d660: 304c 8954 | 2428 4c89 | 5c24 204c | 8964 2418 | 4c89 6c24 | 104c 8974 | 2408 4c89 | 3c24 4c8b 
  0x0000025ac578d680: e448 83ec | 2048 83e4 | f048 b8c0 | 31ee 32fd | 7f00 00ff | d049 8be4 | 4c8b 3c24 | 4c8b 7424 
  0x0000025ac578d6a0: 084c 8b6c | 2410 4c8b | 6424 184c | 8b5c 2420 | 4c8b 5424 | 284c 8b4c | 2430 4c8b | 4424 3848 
  0x0000025ac578d6c0: 8b7c 2440 | 488b 7424 | 4848 8b6c | 2450 488b | 5c24 6048 | 8b54 2468 | 488b 4c24 | 7048 8b44 
  0x0000025ac578d6e0: 2478 4881 | c480 0000 | 004d 33e4 | 488b 5de8 | 4c8b 6b08 | 4d8d 6d38 | 4983 7f08 | 000f 84bb 
  0x0000025ac578d700: 0000 00e8 | 0500 0000 | e996 0000 | 0048 8d44 | 2408 4c89 | 6dc0 498b | cfc5 f877 | 4989 af38 
  0x0000025ac578d720: 0400 0049 | 8987 2804 | 0000 4883 | ec20 40f6 | c40f 0f84 | 1900 0000 | 4883 ec08 | 48b8 f088 
  0x0000025ac578d740: b332 fd7f | 0000 ffd0 | 4883 c408 | e90c 0000 | 0048 b8f0 | 88b3 32fd | 7f00 00ff | d048 83c4 
  0x0000025ac578d760: 2049 c787 | 2804 0000 | 0000 0000 | 49c7 8738 | 0400 0000 | 0000 0049 | c787 3004 | 0000 0000 
  0x0000025ac578d780: 0000 c5f8 | 7749 837f | 0800 0f84 | 0500 0000 | e94b 3aff | ff4c 8b6d | c04c 8b75 | c84e 8d74 
  0x0000025ac578d7a0: f500 c348 | b9f8 2620 | 33fd 7f00 | 0048 83e4 | f048 b8c0 | afda 32fd | 7f00 00ff | d0f4 440f 
  0x0000025ac578d7c0: b75b 2c41 | f6c3 200f | 8472 0100 | 0048 8d55 | a84c 8b5a | 084d 85db | 0f85 bb00 | 0000 e805 
  0x0000025ac578d7e0: 0000 00e9 | 9600 0000 | 488d 4424 | 084c 896d | c049 8bcf | c5f8 7749 | 89af 3804 | 0000 4989 
  0x0000025ac578d800: 8728 0400 | 0048 83ec | 2040 f6c4 | 0f0f 8419 | 0000 0048 | 83ec 0848 | b820 88b3 | 32fd 7f00 
  0x0000025ac578d820: 00ff d048 | 83c4 08e9 | 0c00 0000 | 48b8 2088 | b332 fd7f | 0000 ffd0 | 4883 c420 | 49c7 8728 
  0x0000025ac578d840: 0400 0000 | 0000 0049 | c787 3804 | 0000 0000 | 0000 49c7 | 8730 0400 | 0000 0000 | 00c5 f877 
  0x0000025ac578d860: 4983 7f08 | 000f 8405 | 0000 00e9 | 7039 ffff | 4c8b 6dc0 | 4c8b 75c8 | 4e8d 74f5 | 00c3 48b9 
  0x0000025ac578d880: f826 2033 | fd7f 0000 | 4883 e4f0 | 48b8 c0af | da32 fd7f | 0000 ffd0 | f44c 896d | c04c 8b4a 
  0x0000025ac578d8a0: 0848 c742 | 0800 0000 | 0045 8b87 | d806 0000 | 4f3b 4c07 | f80f 8542 | 0000 0041 | 83af d806 
  0x0000025ac578d8c0: 0000 084f | 3b4c 07f0 | 0f84 2a00 | 0000 498b | 01a8 020f | 8512 0000 | 004c 8bc0 | 4983 c801 
  0x0000025ac578d8e0: f04d 0fb1 | 010f 840d | 0000 0041 | 8387 d806 | 0000 08e9 | 0500 0000 | e93e 0000 | 004c 894a 
  0x0000025ac578d900: 0848 8bca | 4883 ec20 | 40f6 c40f | 0f84 1900 | 0000 4883 | ec08 48b8 | 205a b332 | fd7f 0000 
  0x0000025ac578d920: ffd0 4883 | c408 e90c | 0000 0048 | b820 5ab3 | 32fd 7f00 | 00ff d048 | 83c4 204c | 8b6d c041 
  0x0000025ac578d940: c687 9603 | 0000 0149 | 3b6f 280f | 8705 0000 | 00e9 ab00 | 0000 4883 | ec10 c5fb | 1104 2448 
  0x0000025ac578d960: 83ec 1048 | 8904 2448 | c744 2408 | 0000 0000 | c5f8 7749 | 89af 3804 | 0000 49ba | 70d9 78c5 
  0x0000025ac578d980: 5a02 0000 | 4d89 9730 | 0400 0049 | 89a7 2804 | 0000 498b | cf48 83ec | 2040 f6c4 | 0f0f 8419 
  0x0000025ac578d9a0: 0000 0048 | 83ec 0848 | b8e0 40b3 | 32fd 7f00 | 00ff d048 | 83c4 08e9 | 0c00 0000 | 48b8 e040 
  0x0000025ac578d9c0: b332 fd7f | 0000 ffd0 | 4883 c420 | 49c7 8728 | 0400 0000 | 0000 0049 | c787 3804 | 0000 0000 
  0x0000025ac578d9e0: 0000 49c7 | 8730 0400 | 0000 0000 | 00c5 f877 | 488b 0424 | 4883 c410 | c5fb 1004 | 2448 83c4 
  0x0000025ac578da00: 1048 8b04 | 2448 83c4 | 10c5 fb10 | 0424 4883 | c410 4c8b | 5d18 41ff | d34c 8b5d | f8c9 41c6 
  0x0000025ac578da20: 8796 0300 | 0000 5f49 | 8be3 ffe7 | ba00 0000 | 00e8 0500 | 0000 e996 | 0000 0048 | 8d44 2408 
  0x0000025ac578da40: 4c89 6dc0 | 498b cfc5 | f877 4989 | af38 0400 | 0049 8987 | 2804 0000 | 4883 ec20 | 40f6 c40f 
  0x0000025ac578da60: 0f84 1900 | 0000 4883 | ec08 48b8 | 3050 b332 | fd7f 0000 | ffd0 4883 | c408 e90c | 0000 0048 
  0x0000025ac578da80: b830 50b3 | 32fd 7f00 | 00ff d048 | 83c4 2049 | c787 2804 | 0000 0000 | 0000 49c7 | 8738 0400 
  0x0000025ac578daa0: 0000 0000 | 0049 c787 | 3004 0000 | 0000 0000 | c5f8 7749 | 837f 0800 | 0f84 0500 | 0000 e91d 
  0x0000025ac578dac0: 37ff ff4c | 8b6d c04c | 8b75 c84e | 8d74 f500 | c348 8b5d | e8e9 6ef5 | ffff 660f | 1f44 0000 
[/MachCode]

---------------  P R O C E S S  ---------------

Threads class SMR info:
_java_thread_list=0x0000025ad56f5390, length=19, elements={
0x0000025ab3405b40, 0x0000025ad50448c0, 0x0000025ad5045320, 0x0000025ad5040600,
0x0000025ad50421d0, 0x0000025ad50431a0, 0x0000025ad504ffd0, 0x0000025ad5061000,
0x0000025ad5061e70, 0x0000025ad526cf40, 0x0000025ad5287880, 0x0000025ad5288040,
0x0000025ad570f7d0, 0x0000025ad5a44f10, 0x0000025ad5a2f8b0, 0x0000025ad5aebc00,
0x0000025ad5c70f80, 0x0000025ad5c8bbf0, 0x0000025ad5ac53f0
}

Java Threads: ( => current thread )
=>0x0000025ab3405b40 JavaThread "main"                              [_thread_in_vm, id=2244, stack(0x0000007c46b00000,0x0000007c46c00000) (1024K)]
  0x0000025ad50448c0 JavaThread "Reference Handler"          daemon [_thread_blocked, id=27048, stack(0x0000007c47300000,0x0000007c47400000) (1024K)]
  0x0000025ad5045320 JavaThread "Finalizer"                  daemon [_thread_blocked, id=20860, stack(0x0000007c47400000,0x0000007c47500000) (1024K)]
  0x0000025ad5040600 JavaThread "Signal Dispatcher"          daemon [_thread_blocked, id=2972, stack(0x0000007c47500000,0x0000007c47600000) (1024K)]
  0x0000025ad50421d0 JavaThread "Attach Listener"            daemon [_thread_blocked, id=40520, stack(0x0000007c47600000,0x0000007c47700000) (1024K)]
  0x0000025ad50431a0 JavaThread "Service Thread"             daemon [_thread_blocked, id=30576, stack(0x0000007c47700000,0x0000007c47800000) (1024K)]
  0x0000025ad504ffd0 JavaThread "Monitor Deflation Thread"   daemon [_thread_blocked, id=38608, stack(0x0000007c47800000,0x0000007c47900000) (1024K)]
  0x0000025ad5061000 JavaThread "C2 CompilerThread0"         daemon [_thread_blocked, id=38096, stack(0x0000007c47900000,0x0000007c47a00000) (1024K)]
  0x0000025ad5061e70 JavaThread "C1 CompilerThread0"         daemon [_thread_blocked, id=23912, stack(0x0000007c47a00000,0x0000007c47b00000) (1024K)]
  0x0000025ad526cf40 JavaThread "Common-Cleaner"             daemon [_thread_blocked, id=31168, stack(0x0000007c47b00000,0x0000007c47c00000) (1024K)]
  0x0000025ad5287880 JavaThread "Monitor Ctrl-Break"         daemon [_thread_in_native, id=18848, stack(0x0000007c47c00000,0x0000007c47d00000) (1024K)]
  0x0000025ad5288040 JavaThread "Notification Thread"        daemon [_thread_blocked, id=42864, stack(0x0000007c47d00000,0x0000007c47e00000) (1024K)]
  0x0000025ad570f7d0 JavaThread "Java2D Disposer"            daemon [_thread_blocked, id=36036, stack(0x0000007c47e00000,0x0000007c47f00000) (1024K)]
  0x0000025ad5a44f10 JavaThread "C2 CompilerThread1"         daemon [_thread_blocked, id=39796, stack(0x0000007c47f00000,0x0000007c48000000) (1024K)]
  0x0000025ad5a2f8b0 JavaThread "C2 CompilerThread2"         daemon [_thread_blocked, id=29196, stack(0x0000007c48000000,0x0000007c48100000) (1024K)]
  0x0000025ad5aebc00 JavaThread "RMI TCP Accept-0"           daemon [_thread_in_native, id=27148, stack(0x0000007c48600000,0x0000007c48700000) (1024K)]
  0x0000025ad5c70f80 JavaThread "RMI TCP Connection(1)-192.168.0.208" daemon [_thread_in_native, id=34548, stack(0x0000007c48700000,0x0000007c48800000) (1024K)]
  0x0000025ad5c8bbf0 JavaThread "RMI Scheduler(0)"           daemon [_thread_blocked, id=5320, stack(0x0000007c48800000,0x0000007c48900000) (1024K)]
  0x0000025ad5ac53f0 JavaThread "JMX server connection timeout 38" daemon [_thread_blocked, id=38800, stack(0x0000007c48900000,0x0000007c48a00000) (1024K)]
Total: 19

Other Threads:
  0x0000025ad502b6d0 VMThread "VM Thread"                           [id=41112, stack(0x0000007c47200000,0x0000007c47300000) (1024K)]
  0x0000025ad501cb30 WatcherThread "VM Periodic Task Thread"        [id=36124, stack(0x0000007c47100000,0x0000007c47200000) (1024K)]
  0x0000025ab57c5fa0 WorkerThread "GC Thread#0"                     [id=20200, stack(0x0000007c46c00000,0x0000007c46d00000) (1024K)]
  0x0000025ad5ab6350 WorkerThread "GC Thread#1"                     [id=21756, stack(0x0000007c48100000,0x0000007c48200000) (1024K)]
  0x0000025ad5c8d7a0 WorkerThread "GC Thread#2"                     [id=37936, stack(0x0000007c48200000,0x0000007c48300000) (1024K)]
  0x0000025ad5c8dbd0 WorkerThread "GC Thread#3"                     [id=35588, stack(0x0000007c48300000,0x0000007c48400000) (1024K)]
  0x0000025ad5c8e000 WorkerThread "GC Thread#4"                     [id=26032, stack(0x0000007c48400000,0x0000007c48500000) (1024K)]
  0x0000025ad5c8e430 WorkerThread "GC Thread#5"                     [id=30836, stack(0x0000007c48500000,0x0000007c48600000) (1024K)]
  0x0000025ab57df8c0 ConcurrentGCThread "G1 Main Marker"            [id=42732, stack(0x0000007c46d00000,0x0000007c46e00000) (1024K)]
  0x0000025ab57e0460 WorkerThread "G1 Conc#0"                       [id=39432, stack(0x0000007c46e00000,0x0000007c46f00000) (1024K)]
  0x0000025ad5d63d10 WorkerThread "G1 Conc#1"                       [id=40868, stack(0x0000007c48a00000,0x0000007c48b00000) (1024K)]
  0x0000025ad4eed910 ConcurrentGCThread "G1 Refine#0"               [id=16624, stack(0x0000007c46f00000,0x0000007c47000000) (1024K)]
  0x0000025ad4ef0430 ConcurrentGCThread "G1 Service"                [id=34968, stack(0x0000007c47000000,0x0000007c47100000) (1024K)]
Total: 13

Threads with active compile tasks:
Total: 0

VM state: not at safepoint (normal execution)

VM Mutex/Monitor currently owned by a thread: None

Heap address: 0x0000000703600000, size: 4042 MB, Compressed Oops mode: Zero based, Oop shift amount: 3

CDS archive(s) mapped at: [0x0000000008000000-0x0000000008dd0000-0x0000000008dd0000), size 14483456, SharedBaseAddress: 0x0000000008000000, ArchiveRelocationMode: 1.
Compressed class space mapped at: 0x0000000009000000-0x0000000049000000, reserved size: 1073741824
UseCompressedClassPointers 1, UseCompactObjectHeaders 0
Narrow klass pointer bits 32, Max shift 3
Narrow klass base: 0x0000000008000000, Narrow klass shift: 0
Encoding Range: [0x0000000008000000 - 0x0000000108000000), (4294967296 bytes)
Klass Range:    [0x0000000008010000 - 0x0000000049000000), (1090453504 bytes)
Klass ID Range:  [65536 - 1090519033) (1090453497)
Protection zone: [0x0000000008000000 - 0x0000000008010000), (65536 bytes)

GC Precious Log:
 CardTable entry size: 512
 Card Set container configuration: InlinePtr #cards 4 size 8 Array Of Cards #cards 16 size 48 Howl #buckets 8 coarsen threshold 3686 Howl Bitmap #cards 512 size 80 coarsen threshold 460 Card regions per heap region 1 cards per card region 4096
 CPUs: 8 total, 8 available
 Memory: 16167M
 Large Page Support: Disabled
 NUMA Support: Disabled
 Compressed Oops: Enabled (Zero based)
 Heap Region Size: 2M
 Heap Min Capacity: 8M
 Heap Initial Capacity: 254M
 Heap Max Capacity: 4042M
 Pre-touch: Disabled
 Parallel Workers: 8
 Concurrent Workers: 2
 Concurrent Refinement Workers: 8
 Periodic GC: Disabled

Heap:
 garbage-first heap   total reserved 4139008K, committed 262144K, used 151226K [0x0000000703600000, 0x0000000800000000)
  region size 2048K, 8 young (16384K), 1 survivors (2048K)

Heap Regions: E=young(eden), S=young(survivor), O=old, HS=humongous(starts), HC=humongous(continues), CS=collection set, F=free, TAMS=top-at-mark-start, PB=parsable bottom
|   0|0x0000000703600000, 0x0000000703800000, 0x0000000703800000|100%| O|  |TAMS 0x0000000703600000| PB 0x0000000703600000| Untracked |  0
|   1|0x0000000703800000, 0x0000000703a00000, 0x0000000703a00000|100%| O|  |TAMS 0x0000000703800000| PB 0x0000000703800000| Untracked |  0
|   2|0x0000000703a00000, 0x0000000703c00000, 0x0000000703c00000|100%| O|  |TAMS 0x0000000703a00000| PB 0x0000000703a00000| Untracked |  0
|   3|0x0000000703c00000, 0x0000000703e00000, 0x0000000703e00000|100%| O|  |TAMS 0x0000000703c00000| PB 0x0000000703c00000| Untracked |  0
|   4|0x0000000703e00000, 0x0000000704000000, 0x0000000704000000|100%| O|  |TAMS 0x0000000703e00000| PB 0x0000000703e00000| Untracked |  0
|   5|0x0000000704000000, 0x0000000704200000, 0x0000000704200000|100%| O|  |TAMS 0x0000000704000000| PB 0x0000000704000000| Untracked |  0
|   6|0x0000000704200000, 0x0000000704400000, 0x0000000704400000|100%| O|  |TAMS 0x0000000704200000| PB 0x0000000704200000| Untracked |  0
|   7|0x0000000704400000, 0x0000000704600000, 0x0000000704600000|100%| O|  |TAMS 0x0000000704400000| PB 0x0000000704400000| Untracked |  0
|   8|0x0000000704600000, 0x0000000704800000, 0x0000000704800000|100%| O|  |TAMS 0x0000000704600000| PB 0x0000000704600000| Untracked |  0
|   9|0x0000000704800000, 0x0000000704a00000, 0x0000000704a00000|100%| O|  |TAMS 0x0000000704800000| PB 0x0000000704800000| Untracked |  0
|  10|0x0000000704a00000, 0x0000000704c00000, 0x0000000704c00000|100%| O|  |TAMS 0x0000000704a00000| PB 0x0000000704a00000| Untracked |  0
|  11|0x0000000704c00000, 0x0000000704e00000, 0x0000000704e00000|100%| O|  |TAMS 0x0000000704c00000| PB 0x0000000704c00000| Untracked |  0
|  12|0x0000000704e00000, 0x0000000705000000, 0x0000000705000000|100%| O|  |TAMS 0x0000000704e00000| PB 0x0000000704e00000| Untracked |  0
|  13|0x0000000705000000, 0x0000000705200000, 0x0000000705200000|100%| O|  |TAMS 0x0000000705000000| PB 0x0000000705000000| Untracked |  0
|  14|0x0000000705200000, 0x0000000705400000, 0x0000000705400000|100%| O|  |TAMS 0x0000000705200000| PB 0x0000000705200000| Untracked |  0
|  15|0x0000000705400000, 0x0000000705600000, 0x0000000705600000|100%| O|  |TAMS 0x0000000705400000| PB 0x0000000705400000| Untracked |  0
|  16|0x0000000705600000, 0x0000000705800000, 0x0000000705800000|100%| O|  |TAMS 0x0000000705600000| PB 0x0000000705600000| Untracked |  0
|  17|0x0000000705800000, 0x0000000705a00000, 0x0000000705a00000|100%| O|  |TAMS 0x0000000705800000| PB 0x0000000705800000| Untracked |  0
|  18|0x0000000705a00000, 0x0000000705c00000, 0x0000000705c00000|100%| O|  |TAMS 0x0000000705a00000| PB 0x0000000705a00000| Untracked |  0
|  19|0x0000000705c00000, 0x0000000705e00000, 0x0000000705e00000|100%| O|  |TAMS 0x0000000705c00000| PB 0x0000000705c00000| Untracked |  0
|  20|0x0000000705e00000, 0x0000000706000000, 0x0000000706000000|100%| O|  |TAMS 0x0000000705e00000| PB 0x0000000705e00000| Untracked |  0
|  21|0x0000000706000000, 0x0000000706200000, 0x0000000706200000|100%| O|  |TAMS 0x0000000706000000| PB 0x0000000706000000| Untracked |  0
|  22|0x0000000706200000, 0x0000000706400000, 0x0000000706400000|100%| O|  |TAMS 0x0000000706200000| PB 0x0000000706200000| Untracked |  0
|  23|0x0000000706400000, 0x0000000706600000, 0x0000000706600000|100%| O|  |TAMS 0x0000000706400000| PB 0x0000000706400000| Untracked |  0
|  24|0x0000000706600000, 0x0000000706800000, 0x0000000706800000|100%| O|  |TAMS 0x0000000706600000| PB 0x0000000706600000| Untracked |  0
|  25|0x0000000706800000, 0x0000000706a00000, 0x0000000706a00000|100%| O|  |TAMS 0x0000000706800000| PB 0x0000000706800000| Untracked |  0
|  26|0x0000000706a00000, 0x0000000706c00000, 0x0000000706c00000|100%| O|  |TAMS 0x0000000706a00000| PB 0x0000000706a00000| Untracked |  0
|  27|0x0000000706c00000, 0x0000000706e00000, 0x0000000706e00000|100%| O|  |TAMS 0x0000000706c00000| PB 0x0000000706c00000| Untracked |  0
|  28|0x0000000706e00000, 0x0000000707000000, 0x0000000707000000|100%| O|  |TAMS 0x0000000706e00000| PB 0x0000000706e00000| Untracked |  0
|  29|0x0000000707000000, 0x0000000707200000, 0x0000000707200000|100%| O|  |TAMS 0x0000000707000000| PB 0x0000000707000000| Untracked |  0
|  30|0x0000000707200000, 0x0000000707400000, 0x0000000707400000|100%| O|  |TAMS 0x0000000707200000| PB 0x0000000707200000| Untracked |  0
|  31|0x0000000707400000, 0x0000000707600000, 0x0000000707600000|100%| O|  |TAMS 0x0000000707400000| PB 0x0000000707400000| Untracked |  0
|  32|0x0000000707600000, 0x0000000707800000, 0x0000000707800000|100%| O|  |TAMS 0x0000000707600000| PB 0x0000000707600000| Untracked |  0
|  33|0x0000000707800000, 0x0000000707a00000, 0x0000000707a00000|100%| O|  |TAMS 0x0000000707800000| PB 0x0000000707800000| Untracked |  0
|  34|0x0000000707a00000, 0x0000000707c00000, 0x0000000707c00000|100%| O|  |TAMS 0x0000000707a00000| PB 0x0000000707a00000| Untracked |  0
|  35|0x0000000707c00000, 0x0000000707e00000, 0x0000000707e00000|100%| O|  |TAMS 0x0000000707c00000| PB 0x0000000707c00000| Untracked |  0
|  36|0x0000000707e00000, 0x0000000708000000, 0x0000000708000000|100%| O|  |TAMS 0x0000000707e00000| PB 0x0000000707e00000| Untracked |  0
|  37|0x0000000708000000, 0x0000000708200000, 0x0000000708200000|100%| O|  |TAMS 0x0000000708000000| PB 0x0000000708000000| Untracked |  0
|  38|0x0000000708200000, 0x0000000708400000, 0x0000000708400000|100%| O|  |TAMS 0x0000000708200000| PB 0x0000000708200000| Untracked |  0
|  39|0x0000000708400000, 0x0000000708600000, 0x0000000708600000|100%| O|  |TAMS 0x0000000708400000| PB 0x0000000708400000| Untracked |  0
|  40|0x0000000708600000, 0x0000000708800000, 0x0000000708800000|100%| O|  |TAMS 0x0000000708600000| PB 0x0000000708600000| Untracked |  0
|  41|0x0000000708800000, 0x0000000708a00000, 0x0000000708a00000|100%| O|  |TAMS 0x0000000708800000| PB 0x0000000708800000| Untracked |  0
|  42|0x0000000708a00000, 0x0000000708c00000, 0x0000000708c00000|100%| O|  |TAMS 0x0000000708a00000| PB 0x0000000708a00000| Untracked |  0
|  43|0x0000000708c00000, 0x0000000708e00000, 0x0000000708e00000|100%| O|  |TAMS 0x0000000708c00000| PB 0x0000000708c00000| Untracked |  0
|  44|0x0000000708e00000, 0x0000000709000000, 0x0000000709000000|100%| O|  |TAMS 0x0000000708e00000| PB 0x0000000708e00000| Untracked |  0
|  45|0x0000000709000000, 0x0000000709200000, 0x0000000709200000|100%| O|  |TAMS 0x0000000709000000| PB 0x0000000709000000| Untracked |  0
|  46|0x0000000709200000, 0x0000000709400000, 0x0000000709400000|100%| O|  |TAMS 0x0000000709200000| PB 0x0000000709200000| Untracked |  0
|  47|0x0000000709400000, 0x0000000709600000, 0x0000000709600000|100%| O|  |TAMS 0x0000000709400000| PB 0x0000000709400000| Untracked |  0
|  48|0x0000000709600000, 0x0000000709800000, 0x0000000709800000|100%| O|  |TAMS 0x0000000709600000| PB 0x0000000709600000| Untracked |  0
|  49|0x0000000709800000, 0x0000000709a00000, 0x0000000709a00000|100%| O|  |TAMS 0x0000000709800000| PB 0x0000000709800000| Untracked |  0
|  50|0x0000000709a00000, 0x0000000709c00000, 0x0000000709c00000|100%| O|  |TAMS 0x0000000709a00000| PB 0x0000000709a00000| Untracked |  0
|  51|0x0000000709c00000, 0x0000000709e00000, 0x0000000709e00000|100%| O|  |TAMS 0x0000000709c00000| PB 0x0000000709c00000| Untracked |  0
|  52|0x0000000709e00000, 0x000000070a000000, 0x000000070a000000|100%| O|  |TAMS 0x0000000709e00000| PB 0x0000000709e00000| Untracked |  0
|  53|0x000000070a000000, 0x000000070a200000, 0x000000070a200000|100%| O|Cm|TAMS 0x000000070a000000| PB 0x000000070a000000| Complete |  0
|  54|0x000000070a200000, 0x000000070a400000, 0x000000070a400000|100%| O|  |TAMS 0x000000070a200000| PB 0x000000070a200000| Untracked |  0
|  55|0x000000070a400000, 0x000000070a600000, 0x000000070a600000|100%| O|  |TAMS 0x000000070a400000| PB 0x000000070a400000| Untracked |  0
|  56|0x000000070a600000, 0x000000070a800000, 0x000000070a800000|100%| O|  |TAMS 0x000000070a600000| PB 0x000000070a600000| Untracked |  0
|  57|0x000000070a800000, 0x000000070aa00000, 0x000000070aa00000|100%| O|  |TAMS 0x000000070a800000| PB 0x000000070a800000| Untracked |  0
|  58|0x000000070aa00000, 0x000000070ac00000, 0x000000070ac00000|100%| O|  |TAMS 0x000000070aa00000| PB 0x000000070aa00000| Untracked |  0
|  59|0x000000070ac00000, 0x000000070ae00000, 0x000000070ae00000|100%| O|Cm|TAMS 0x000000070ac00000| PB 0x000000070ac00000| Complete |  0
|  60|0x000000070ae00000, 0x000000070b000000, 0x000000070b000000|100%| O|  |TAMS 0x000000070ae00000| PB 0x000000070ae00000| Untracked |  0
|  61|0x000000070b000000, 0x000000070b200000, 0x000000070b200000|100%| O|  |TAMS 0x000000070b000000| PB 0x000000070b000000| Untracked |  0
|  62|0x000000070b200000, 0x000000070b400000, 0x000000070b400000|100%| O|  |TAMS 0x000000070b200000| PB 0x000000070b200000| Untracked |  0
|  63|0x000000070b400000, 0x000000070b600000, 0x000000070b600000|100%| O|  |TAMS 0x000000070b400000| PB 0x000000070b400000| Untracked |  0
|  64|0x000000070b600000, 0x000000070b800000, 0x000000070b800000|100%| O|  |TAMS 0x000000070b600000| PB 0x000000070b600000| Untracked |  0
|  65|0x000000070b800000, 0x000000070ba00000, 0x000000070ba00000|100%| O|  |TAMS 0x000000070b800000| PB 0x000000070b800000| Untracked |  0
|  66|0x000000070ba00000, 0x000000070ba00000, 0x000000070bc00000|  0%| F|  |TAMS 0x000000070ba00000| PB 0x000000070ba00000| Untracked |  0
|  67|0x000000070bc00000, 0x000000070bc00000, 0x000000070be00000|  0%| F|  |TAMS 0x000000070bc00000| PB 0x000000070bc00000| Untracked |  0
|  68|0x000000070be00000, 0x000000070be00000, 0x000000070c000000|  0%| F|  |TAMS 0x000000070be00000| PB 0x000000070be00000| Untracked |  0
|  69|0x000000070c000000, 0x000000070c000000, 0x000000070c200000|  0%| F|  |TAMS 0x000000070c000000| PB 0x000000070c000000| Untracked |  0
|  70|0x000000070c200000, 0x000000070c331b00, 0x000000070c400000| 59%| O|  |TAMS 0x000000070c200000| PB 0x000000070c200000| Untracked |  0
|  71|0x000000070c400000, 0x000000070c400000, 0x000000070c600000|  0%| F|  |TAMS 0x000000070c400000| PB 0x000000070c400000| Untracked |  0
|  72|0x000000070c600000, 0x000000070c600000, 0x000000070c800000|  0%| F|  |TAMS 0x000000070c600000| PB 0x000000070c600000| Untracked |  0
|  73|0x000000070c800000, 0x000000070c800000, 0x000000070ca00000|  0%| F|  |TAMS 0x000000070c800000| PB 0x000000070c800000| Untracked |  0
|  74|0x000000070ca00000, 0x000000070ca00000, 0x000000070cc00000|  0%| F|  |TAMS 0x000000070ca00000| PB 0x000000070ca00000| Untracked |  0
|  75|0x000000070cc00000, 0x000000070cc00000, 0x000000070ce00000|  0%| F|  |TAMS 0x000000070cc00000| PB 0x000000070cc00000| Untracked |  0
|  76|0x000000070ce00000, 0x000000070ce00000, 0x000000070d000000|  0%| F|  |TAMS 0x000000070ce00000| PB 0x000000070ce00000| Untracked |  0
|  77|0x000000070d000000, 0x000000070d000000, 0x000000070d200000|  0%| F|  |TAMS 0x000000070d000000| PB 0x000000070d000000| Untracked |  0
|  78|0x000000070d200000, 0x000000070d200000, 0x000000070d400000|  0%| F|  |TAMS 0x000000070d200000| PB 0x000000070d200000| Untracked |  0
|  79|0x000000070d400000, 0x000000070d400000, 0x000000070d600000|  0%| F|  |TAMS 0x000000070d400000| PB 0x000000070d400000| Untracked |  0
|  80|0x000000070d600000, 0x000000070d600000, 0x000000070d800000|  0%| F|  |TAMS 0x000000070d600000| PB 0x000000070d600000| Untracked |  0
|  81|0x000000070d800000, 0x000000070d800000, 0x000000070da00000|  0%| F|  |TAMS 0x000000070d800000| PB 0x000000070d800000| Untracked |  0
|  82|0x000000070da00000, 0x000000070da00000, 0x000000070dc00000|  0%| F|  |TAMS 0x000000070da00000| PB 0x000000070da00000| Untracked |  0
|  83|0x000000070dc00000, 0x000000070dc00000, 0x000000070de00000|  0%| F|  |TAMS 0x000000070dc00000| PB 0x000000070dc00000| Untracked |  0
|  84|0x000000070de00000, 0x000000070de00000, 0x000000070e000000|  0%| F|  |TAMS 0x000000070de00000| PB 0x000000070de00000| Untracked |  0
|  85|0x000000070e000000, 0x000000070e000000, 0x000000070e200000|  0%| F|  |TAMS 0x000000070e000000| PB 0x000000070e000000| Untracked |  0
|  86|0x000000070e200000, 0x000000070e200000, 0x000000070e400000|  0%| F|  |TAMS 0x000000070e200000| PB 0x000000070e200000| Untracked |  0
|  87|0x000000070e400000, 0x000000070e400000, 0x000000070e600000|  0%| F|  |TAMS 0x000000070e400000| PB 0x000000070e400000| Untracked |  0
|  88|0x000000070e600000, 0x000000070e600000, 0x000000070e800000|  0%| F|  |TAMS 0x000000070e600000| PB 0x000000070e600000| Untracked |  0
|  89|0x000000070e800000, 0x000000070e800000, 0x000000070ea00000|  0%| F|  |TAMS 0x000000070e800000| PB 0x000000070e800000| Untracked |  0
|  90|0x000000070ea00000, 0x000000070ea00000, 0x000000070ec00000|  0%| F|  |TAMS 0x000000070ea00000| PB 0x000000070ea00000| Untracked |  0
|  91|0x000000070ec00000, 0x000000070ec00000, 0x000000070ee00000|  0%| F|  |TAMS 0x000000070ec00000| PB 0x000000070ec00000| Untracked |  0
|  92|0x000000070ee00000, 0x000000070ee00000, 0x000000070f000000|  0%| F|  |TAMS 0x000000070ee00000| PB 0x000000070ee00000| Untracked |  0
|  93|0x000000070f000000, 0x000000070f000000, 0x000000070f200000|  0%| F|  |TAMS 0x000000070f000000| PB 0x000000070f000000| Untracked |  0
|  94|0x000000070f200000, 0x000000070f200000, 0x000000070f400000|  0%| F|  |TAMS 0x000000070f200000| PB 0x000000070f200000| Untracked |  0
|  95|0x000000070f400000, 0x000000070f400000, 0x000000070f600000|  0%| F|  |TAMS 0x000000070f400000| PB 0x000000070f400000| Untracked |  0
|  96|0x000000070f600000, 0x000000070f600000, 0x000000070f800000|  0%| F|  |TAMS 0x000000070f600000| PB 0x000000070f600000| Untracked |  0
|  97|0x000000070f800000, 0x000000070f800000, 0x000000070fa00000|  0%| F|  |TAMS 0x000000070f800000| PB 0x000000070f800000| Untracked |  0
|  98|0x000000070fa00000, 0x000000070fa00000, 0x000000070fc00000|  0%| F|  |TAMS 0x000000070fa00000| PB 0x000000070fa00000| Untracked |  0
|  99|0x000000070fc00000, 0x000000070fc00000, 0x000000070fe00000|  0%| F|  |TAMS 0x000000070fc00000| PB 0x000000070fc00000| Untracked |  0
| 100|0x000000070fe00000, 0x000000070fe00000, 0x0000000710000000|  0%| F|  |TAMS 0x000000070fe00000| PB 0x000000070fe00000| Untracked |  0
| 101|0x0000000710000000, 0x0000000710000000, 0x0000000710200000|  0%| F|  |TAMS 0x0000000710000000| PB 0x0000000710000000| Untracked |  0
| 102|0x0000000710200000, 0x0000000710200000, 0x0000000710400000|  0%| F|  |TAMS 0x0000000710200000| PB 0x0000000710200000| Untracked |  0
| 103|0x0000000710400000, 0x0000000710558218, 0x0000000710600000| 67%| S|CS|TAMS 0x0000000710400000| PB 0x0000000710400000| Complete |  0
| 104|0x0000000710600000, 0x0000000710600000, 0x0000000710800000|  0%| F|  |TAMS 0x0000000710600000| PB 0x0000000710600000| Untracked |  0
| 105|0x0000000710800000, 0x0000000710800000, 0x0000000710a00000|  0%| F|  |TAMS 0x0000000710800000| PB 0x0000000710800000| Untracked |  0
| 106|0x0000000710a00000, 0x0000000710a00000, 0x0000000710c00000|  0%| F|  |TAMS 0x0000000710a00000| PB 0x0000000710a00000| Untracked |  0
| 107|0x0000000710c00000, 0x0000000710c00000, 0x0000000710e00000|  0%| F|  |TAMS 0x0000000710c00000| PB 0x0000000710c00000| Untracked |  0
| 108|0x0000000710e00000, 0x0000000710e00000, 0x0000000711000000|  0%| F|  |TAMS 0x0000000710e00000| PB 0x0000000710e00000| Untracked |  0
| 109|0x0000000711000000, 0x0000000711000000, 0x0000000711200000|  0%| F|  |TAMS 0x0000000711000000| PB 0x0000000711000000| Untracked |  0
| 110|0x0000000711200000, 0x0000000711200000, 0x0000000711400000|  0%| F|  |TAMS 0x0000000711200000| PB 0x0000000711200000| Untracked |  0
| 111|0x0000000711400000, 0x0000000711400000, 0x0000000711600000|  0%| F|  |TAMS 0x0000000711400000| PB 0x0000000711400000| Untracked |  0
| 112|0x0000000711600000, 0x0000000711600000, 0x0000000711800000|  0%| F|  |TAMS 0x0000000711600000| PB 0x0000000711600000| Untracked |  0
| 113|0x0000000711800000, 0x0000000711800000, 0x0000000711a00000|  0%| F|  |TAMS 0x0000000711800000| PB 0x0000000711800000| Untracked |  0
| 114|0x0000000711a00000, 0x0000000711a00000, 0x0000000711c00000|  0%| F|  |TAMS 0x0000000711a00000| PB 0x0000000711a00000| Untracked |  0
| 115|0x0000000711c00000, 0x0000000711c00000, 0x0000000711e00000|  0%| F|  |TAMS 0x0000000711c00000| PB 0x0000000711c00000| Untracked |  0
| 116|0x0000000711e00000, 0x0000000711e00000, 0x0000000712000000|  0%| F|  |TAMS 0x0000000711e00000| PB 0x0000000711e00000| Untracked |  0
| 117|0x0000000712000000, 0x0000000712000000, 0x0000000712200000|  0%| F|  |TAMS 0x0000000712000000| PB 0x0000000712000000| Untracked |  0
| 118|0x0000000712200000, 0x0000000712200000, 0x0000000712400000|  0%| F|  |TAMS 0x0000000712200000| PB 0x0000000712200000| Untracked |  0
| 119|0x0000000712400000, 0x0000000712400000, 0x0000000712600000|  0%| F|  |TAMS 0x0000000712400000| PB 0x0000000712400000| Untracked |  0
| 120|0x0000000712600000, 0x00000007126dd7c0, 0x0000000712800000| 43%| E|  |TAMS 0x0000000712600000| PB 0x0000000712600000| Complete |  0
| 121|0x0000000712800000, 0x0000000712a00000, 0x0000000712a00000|100%| E|CS|TAMS 0x0000000712800000| PB 0x0000000712800000| Complete |  0
| 122|0x0000000712a00000, 0x0000000712c00000, 0x0000000712c00000|100%| E|CS|TAMS 0x0000000712a00000| PB 0x0000000712a00000| Complete |  0
| 123|0x0000000712c00000, 0x0000000712e00000, 0x0000000712e00000|100%| E|CS|TAMS 0x0000000712c00000| PB 0x0000000712c00000| Complete |  0
| 124|0x0000000712e00000, 0x0000000713000000, 0x0000000713000000|100%| E|CS|TAMS 0x0000000712e00000| PB 0x0000000712e00000| Complete |  0
| 125|0x0000000713000000, 0x0000000713200000, 0x0000000713200000|100%| E|CS|TAMS 0x0000000713000000| PB 0x0000000713000000| Complete |  0
| 126|0x0000000713200000, 0x0000000713400000, 0x0000000713400000|100%| E|CS|TAMS 0x0000000713200000| PB 0x0000000713200000| Complete |  0
|2020|0x00000007ffe00000, 0x00000007fff24c48, 0x0000000800000000| 57%| O|  |TAMS 0x00000007ffe00000| PB 0x00000007ffe00000| Untracked |  0

Card table byte_map: [0x0000025acde90000,0x0000025ace680000] _byte_map_base: 0x0000025aca675000

Marking Bits: (CMBitMap*) 0x0000025ab57c6730
 Bits: [0x0000025ace680000, 0x0000025ad25a8000)

Polling page: 0x0000025ab33b0000

Metaspace:
Metaspace        used 7568K, committed 7808K, reserved 1114112K
 class space     used 781K, committed 896K, reserved 1048576K

Usage:
  Non-class:      6.63 MB used.
      Class:    781.95 KB used.
       Both:      7.39 MB used.

Virtual space:
  Non-class space:       64.00 MB reserved,       6.75 MB ( 11%) committed,  1 nodes.
      Class space:        1.00 GB reserved,     896.00 KB ( <1%) committed,  1 nodes.
             Both:        1.06 GB reserved,       7.62 MB ( <1%) committed. 

Chunk freelists:
   Non-Class:  8.92 MB
       Class:  15.08 MB
        Both:  24.00 MB

MaxMetaspaceSize: unlimited
CompressedClassSpaceSize: 1.00 GB
Initial GC threshold: 21.00 MB
Current GC threshold: 21.00 MB
CDS: on
 - commit_granule_bytes: 65536.
 - commit_granule_words: 8192.
 - virtual_space_node_default_size: 8388608.
 - enlarge_chunks_in_place: 1.
UseCompressedClassPointers 1, UseCompactObjectHeaders 0
Narrow klass pointer bits 32, Max shift 3
Narrow klass base: 0x0000000008000000, Narrow klass shift: 0
Encoding Range: [0x0000000008000000 - 0x0000000108000000), (4294967296 bytes)
Klass Range:    [0x0000000008010000 - 0x0000000049000000), (1090453504 bytes)
Klass ID Range:  [65536 - 1090519033) (1090453497)
Protection zone: [0x0000000008000000 - 0x0000000008010000), (65536 bytes)


Internal statistics:

num_allocs_failed_limit: 0.
num_arena_births: 146.
num_arena_deaths: 0.
num_vsnodes_births: 2.
num_vsnodes_deaths: 0.
num_space_committed: 122.
num_space_uncommitted: 0.
num_chunks_returned_to_freelist: 0.
num_chunks_taken_from_freelist: 172.
num_chunk_merges: 0.
num_chunk_splits: 114.
num_chunks_enlarged: 64.
num_inconsistent_stats: 0.

CodeHeap 'non-profiled nmethods': size=120064Kb used=449Kb max_used=449Kb free=119614Kb
 bounds [0x0000025ac5d10000, 0x0000025ac5f80000, 0x0000025acd250000]
CodeHeap 'profiled nmethods': size=120000Kb used=1732Kb max_used=1732Kb free=118268Kb
 bounds [0x0000025abe250000, 0x0000025abe4c0000, 0x0000025ac5780000]
CodeHeap 'non-nmethods': size=5696Kb used=1545Kb max_used=1567Kb free=4151Kb
 bounds [0x0000025ac5780000, 0x0000025ac59f0000, 0x0000025ac5d10000]
CodeCache: size=245760Kb, used=3726Kb, max_used=3748Kb, free=242033Kb
 total_blobs=1927, nmethods=1381, adapters=450, full_count=0
Compilation: enabled, stopped_count=0, restarted_count=0

Compilation events (20 events):
Event: 0.827 Thread 0x0000025ad5061000 nmethod 1369 0x0000025ac5d7c708 code [0x0000025ac5d7c800, 0x0000025ac5d7cde8]
Event: 0.827 Thread 0x0000025ad5061e70 nmethod 1373 0x0000025abe3fef88 code [0x0000025abe3ff080, 0x0000025abe3ff4b8]
Event: 0.828 Thread 0x0000025ad5a2f8b0 nmethod 1370% 0x0000025ac5d7ce08 code [0x0000025ac5d7cf00, 0x0000025ac5d7d418]
Event: 0.829 Thread 0x0000025ad5a2f8b0 1374       4       com.sun.imageio.plugins.png.CRC::update (53 bytes)
Event: 0.835 Thread 0x0000025ad5a2f8b0 nmethod 1374 0x0000025ac5d7d488 code [0x0000025ac5d7d580, 0x0000025ac5d7d970]
Event: 0.835 Thread 0x0000025ad5061e70 1375       3       java.awt.image.Raster::getPixels (29 bytes)
Event: 0.835 Thread 0x0000025ad5061e70 nmethod 1375 0x0000025abe3ff508 code [0x0000025abe3ff600, 0x0000025abe3ff7f0]
Event: 0.835 Thread 0x0000025ad5061e70 1376       3       com.sun.imageio.plugins.png.IDATOutputStream::write (19 bytes)
Event: 0.835 Thread 0x0000025ad5061e70 nmethod 1376 0x0000025abe3ff808 code [0x0000025abe3ff900, 0x0000025abe3ffaf8]
Event: 0.839 Thread 0x0000025ad5061e70 1377       3       com.sun.imageio.plugins.png.RowFilter::filterRow (426 bytes)
Event: 0.840 Thread 0x0000025ad5061e70 nmethod 1377 0x0000025abe3ffb08 code [0x0000025abe3ffc00, 0x0000025abe4009b0]
Event: 0.840 Thread 0x0000025ad5061e70 1378       3       javax.imageio.ImageWriter::processImageProgress (56 bytes)
Event: 0.840 Thread 0x0000025ad5061e70 nmethod 1378 0x0000025abe400a08 code [0x0000025abe400b00, 0x0000025abe400ff8]
Event: 0.860 Thread 0x0000025ad5a44f10 nmethod 1358% 0x0000025ac5d7d988 code [0x0000025ac5d7daa0, 0x0000025ac5d7fb28]
Event: 0.886 Thread 0x0000025ad5061000 1379   !   4       java.util.zip.Deflater::finished (19 bytes)
Event: 0.887 Thread 0x0000025ad5061000 nmethod 1379 0x0000025ac5d7fb88 code [0x0000025ac5d7fc80, 0x0000025ac5d7fe88]
Event: 0.906 Thread 0x0000025ad5061000 1380   !   4       java.io.RandomAccessFile::implWriteBytes (35 bytes)
Event: 0.907 Thread 0x0000025ad5061000 nmethod 1380 0x0000025ac5d7ff08 code [0x0000025ac5d80000, 0x0000025ac5d800e0]
Event: 0.917 Thread 0x0000025ad5061000 1381   !   4       java.util.zip.Deflater::needsInput (55 bytes)
Event: 0.918 Thread 0x0000025ad5061000 nmethod 1381 0x0000025ac5d80208 code [0x0000025ac5d80300, 0x0000025ac5d80558]

GC Heap Usage History (10 events):
Event: 0.377 {heap Before GC invocations=0 (full 0):
 garbage-first heap   total reserved 4139008K, committed 262144K, used 58515K [0x0000000703600000, 0x0000000800000000)
  region size 2048K, 24 young (49152K), 0 survivors (0K)
}
Event: 0.391 {heap After GC invocations=1 (full 0):
 garbage-first heap   total reserved 4139008K, committed 262144K, used 42131K [0x0000000703600000, 0x0000000800000000)
  region size 2048K, 3 young (6144K), 3 survivors (6144K)
}
Event: 0.478 {heap Before GC invocations=1 (full 0):
 garbage-first heap   total reserved 4139008K, committed 262144K, used 126099K [0x0000000703600000, 0x0000000800000000)
  region size 2048K, 44 young (90112K), 3 survivors (6144K)
}
Event: 0.492 {heap After GC invocations=2 (full 0):
 garbage-first heap   total reserved 4139008K, committed 262144K, used 86973K [0x0000000703600000, 0x0000000800000000)
  region size 2048K, 6 young (12288K), 6 survivors (12288K)
}
Event: 0.694 {heap Before GC invocations=2 (full 0):
 garbage-first heap   total reserved 4139008K, committed 262144K, used 162749K [0x0000000703600000, 0x0000000800000000)
  region size 2048K, 43 young (88064K), 6 survivors (12288K)
}
Event: 0.709 {heap After GC invocations=3 (full 0):
 garbage-first heap   total reserved 4139008K, committed 262144K, used 136339K [0x0000000703600000, 0x0000000800000000)
  region size 2048K, 6 young (12288K), 6 survivors (12288K)
}
Event: 0.724 {heap Before GC invocations=3 (full 0):
 garbage-first heap   total reserved 4139008K, committed 262144K, used 144531K [0x0000000703600000, 0x0000000800000000)
  region size 2048K, 11 young (22528K), 6 survivors (12288K)
}
Event: 0.728 {heap After GC invocations=4 (full 0):
 garbage-first heap   total reserved 4139008K, committed 262144K, used 144531K [0x0000000703600000, 0x0000000800000000)
  region size 2048K, 4 young (8192K), 4 survivors (8192K)
}
Event: 0.965 {heap Before GC invocations=5 (full 0):
 garbage-first heap   total reserved 4139008K, committed 262144K, used 183443K [0x0000000703600000, 0x0000000800000000)
  region size 2048K, 23 young (47104K), 4 survivors (8192K)
}
Event: 0.967 {heap After GC invocations=6 (full 0):
 garbage-first heap   total reserved 4139008K, committed 262144K, used 138938K [0x0000000703600000, 0x0000000800000000)
  region size 2048K, 1 young (2048K), 1 survivors (2048K)
}

Metaspace Usage History (10 events):
Event: 0.377 {metaspace Before GC invocations=0 (full 0):
 Metaspace       used 5709K, committed 5888K, reserved 1114112K
  class space    used 553K, committed 640K, reserved 1048576K
}
Event: 0.391 {metaspace After GC invocations=1 (full 0):
 Metaspace       used 5709K, committed 5888K, reserved 1114112K
  class space    used 553K, committed 640K, reserved 1048576K
}
Event: 0.478 {metaspace Before GC invocations=1 (full 0):
 Metaspace       used 6771K, committed 6912K, reserved 1114112K
  class space    used 675K, committed 768K, reserved 1048576K
}
Event: 0.492 {metaspace After GC invocations=2 (full 0):
 Metaspace       used 6771K, committed 6912K, reserved 1114112K
  class space    used 675K, committed 768K, reserved 1048576K
}
Event: 0.694 {metaspace Before GC invocations=2 (full 0):
 Metaspace       used 7444K, committed 7616K, reserved 1114112K
  class space    used 768K, committed 832K, reserved 1048576K
}
Event: 0.709 {metaspace After GC invocations=3 (full 0):
 Metaspace       used 7444K, committed 7616K, reserved 1114112K
  class space    used 768K, committed 832K, reserved 1048576K
}
Event: 0.724 {metaspace Before GC invocations=3 (full 0):
 Metaspace       used 7450K, committed 7616K, reserved 1114112K
  class space    used 769K, committed 832K, reserved 1048576K
}
Event: 0.728 {metaspace After GC invocations=4 (full 0):
 Metaspace       used 7450K, committed 7616K, reserved 1114112K
  class space    used 769K, committed 832K, reserved 1048576K
}
Event: 0.965 {metaspace Before GC invocations=5 (full 0):
 Metaspace       used 7568K, committed 7808K, reserved 1114112K
  class space    used 781K, committed 896K, reserved 1048576K
}
Event: 0.967 {metaspace After GC invocations=6 (full 0):
 Metaspace       used 7568K, committed 7808K, reserved 1114112K
  class space    used 781K, committed 896K, reserved 1048576K
}

Dll operation events (12 events):
Event: 0.017 Loaded shared library C:\Users\karol\.jdks\liberica-25.0.2\bin\java.dll
Event: 0.083 Loaded shared library C:\Users\karol\.jdks\liberica-25.0.2\bin\zip.dll
Event: 0.089 Loaded shared library C:\Users\karol\.jdks\liberica-25.0.2\bin\instrument.dll
Event: 0.097 Loaded shared library C:\Users\karol\.jdks\liberica-25.0.2\bin\net.dll
Event: 0.099 Loaded shared library C:\Users\karol\.jdks\liberica-25.0.2\bin\nio.dll
Event: 0.106 Loaded shared library C:\Users\karol\.jdks\liberica-25.0.2\bin\zip.dll
Event: 0.122 Loaded shared library C:\Users\karol\.jdks\liberica-25.0.2\bin\jimage.dll
Event: 0.137 Loaded shared library C:\Users\karol\.jdks\liberica-25.0.2\bin\extnet.dll
Event: 0.154 Loaded shared library C:\Users\karol\.jdks\liberica-25.0.2\bin\awt.dll
Event: 0.182 Loaded shared library C:\Users\karol\.jdks\liberica-25.0.2\bin\management.dll
Event: 0.200 Loaded shared library C:\Users\karol\.jdks\liberica-25.0.2\bin\management_ext.dll
Event: 0.604 Loaded shared library C:\Users\karol\OneDrive\Pulpit\studia\karmil4951_javatz_2026\lab08\libnative.dll

Deoptimization events (20 events):
Event: 0.827 Thread 0x0000025ab3405b40 DEOPT PACKING pc=0x0000025abe3f6812 sp=0x0000007c46bff090
Event: 0.827 Thread 0x0000025ab3405b40 DEOPT UNPACKING pc=0x0000025ac57d12a2 sp=0x0000007c46bfe530 mode 0
Event: 0.829 Thread 0x0000025ab3405b40 DEOPT PACKING pc=0x0000025abe3fbc7d sp=0x0000007c46bff020
Event: 0.829 Thread 0x0000025ab3405b40 DEOPT UNPACKING pc=0x0000025ac57d12a2 sp=0x0000007c46bfe4a8 mode 0
Event: 0.829 Thread 0x0000025ab3405b40 DEOPT PACKING pc=0x0000025abe3fbc7d sp=0x0000007c46bff020
Event: 0.829 Thread 0x0000025ab3405b40 DEOPT UNPACKING pc=0x0000025ac57d12a2 sp=0x0000007c46bfe4a8 mode 0
Event: 0.829 Thread 0x0000025ab3405b40 DEOPT PACKING pc=0x0000025abe3fbc7d sp=0x0000007c46bff020
Event: 0.829 Thread 0x0000025ab3405b40 DEOPT UNPACKING pc=0x0000025ac57d12a2 sp=0x0000007c46bfe4a8 mode 0
Event: 0.831 Thread 0x0000025ab3405b40 DEOPT PACKING pc=0x0000025abe3fbc7d sp=0x0000007c46bff020
Event: 0.831 Thread 0x0000025ab3405b40 DEOPT UNPACKING pc=0x0000025ac57d12a2 sp=0x0000007c46bfe4a8 mode 0
Event: 0.831 Thread 0x0000025ab3405b40 DEOPT PACKING pc=0x0000025abe3fbc7d sp=0x0000007c46bff020
Event: 0.831 Thread 0x0000025ab3405b40 DEOPT UNPACKING pc=0x0000025ac57d12a2 sp=0x0000007c46bfe4a8 mode 0
Event: 0.833 Thread 0x0000025ab3405b40 DEOPT PACKING pc=0x0000025abe3fbc7d sp=0x0000007c46bff020
Event: 0.833 Thread 0x0000025ab3405b40 DEOPT UNPACKING pc=0x0000025ac57d12a2 sp=0x0000007c46bfe4a8 mode 0
Event: 0.833 Thread 0x0000025ab3405b40 DEOPT PACKING pc=0x0000025abe3fbc7d sp=0x0000007c46bff020
Event: 0.833 Thread 0x0000025ab3405b40 DEOPT UNPACKING pc=0x0000025ac57d12a2 sp=0x0000007c46bfe4a8 mode 0
Event: 0.833 Thread 0x0000025ab3405b40 DEOPT PACKING pc=0x0000025abe3fbc7d sp=0x0000007c46bff020
Event: 0.833 Thread 0x0000025ab3405b40 DEOPT UNPACKING pc=0x0000025ac57d12a2 sp=0x0000007c46bfe4a8 mode 0
Event: 0.860 Thread 0x0000025ab3405b40 DEOPT PACKING pc=0x0000025abe3f5cd5 sp=0x0000007c46bff1e0
Event: 0.860 Thread 0x0000025ab3405b40 DEOPT UNPACKING pc=0x0000025ac57d12a2 sp=0x0000007c46bfe860 mode 0

Classes loaded (20 events):
Event: 0.789 Loading class com/sun/imageio/plugins/png/RowFilter
Event: 0.789 Loading class com/sun/imageio/plugins/png/RowFilter done
Event: 0.791 Loading class javax/imageio/stream/FileImageOutputStream
Event: 0.791 Loading class javax/imageio/stream/ImageOutputStreamImpl
Event: 0.792 Loading class javax/imageio/stream/ImageOutputStreamImpl done
Event: 0.792 Loading class javax/imageio/stream/FileImageOutputStream done
Event: 0.792 Loading class com/sun/imageio/stream/CloseableDisposerRecord
Event: 0.792 Loading class com/sun/imageio/stream/CloseableDisposerRecord done
Event: 0.792 Loading class javax/imageio/IIOImage
Event: 0.793 Loading class javax/imageio/IIOImage done
Event: 0.793 Loading class com/sun/imageio/plugins/png/ChunkStream
Event: 0.794 Loading class com/sun/imageio/plugins/png/ChunkStream done
Event: 0.794 Loading class com/sun/imageio/plugins/png/CRC
Event: 0.794 Loading class com/sun/imageio/plugins/png/CRC done
Event: 0.795 Loading class com/sun/imageio/plugins/png/IDATOutputStream
Event: 0.795 Loading class com/sun/imageio/plugins/png/IDATOutputStream done
Event: 0.795 Loading class java/util/zip/Deflater
Event: 0.796 Loading class java/util/zip/Deflater done
Event: 0.797 Loading class java/util/zip/Deflater$DeflaterZStreamRef
Event: 0.797 Loading class java/util/zip/Deflater$DeflaterZStreamRef done

Classes unloaded (0 events):
No events

Classes redefined (0 events):
No events

Internal exceptions (20 events):
Event: 0.204 Thread 0x0000025ad50421d0 Exception <a 'java/lang/NoSuchMethodError'{0x0000000712c555f8}: 'int java.lang.invoke.DirectMethodHandle$Holder.invokeInterface(java.lang.Object, java.lang.Object)'> (0x0000000712c555f8) 
thrown [s\src\hotspot\share\interpreter\linkResolver.cpp, line 804]
Event: 0.205 Thread 0x0000025ad50421d0 Exception <a 'java/lang/IncompatibleClassChangeError'{0x0000000712c5d2b0}: Found class java.lang.Object, but interface was expected> (0x0000000712c5d2b0) 
thrown [s\src\hotspot\share\interpreter\linkResolver.cpp, line 871]
Event: 0.205 Thread 0x0000025ab3405b40 Exception <a 'java/lang/NoSuchMethodError'{0x0000000712d65370}: 'java.lang.Object java.lang.invoke.DirectMethodHandle$Holder.invokeStaticInit(java.lang.Object, int, int, int, int)'> (0x0000000712d65370) 
thrown [s\src\hotspot\share\interpreter\linkResolver.cpp, line 804]
Event: 0.225 Thread 0x0000025ab3405b40 Exception <a 'java/lang/NoSuchMethodError'{0x0000000712da6458}: 'java.lang.Object java.lang.invoke.DirectMethodHandle$Holder.invokeStaticInit(java.lang.Object, java.lang.Object, int, int, int, int)'> (0x0000000712da6458) 
thrown [s\src\hotspot\share\interpreter\linkResolver.cpp, line 804]
Event: 0.254 Thread 0x0000025ad50421d0 Exception <a 'java/lang/NoSuchMethodError'{0x0000000712cee7e0}: 'void java.lang.invoke.DirectMethodHandle$Holder.invokeSpecial(java.lang.Object, java.lang.Object, java.lang.Object)'> (0x0000000712cee7e0) 
thrown [s\src\hotspot\share\interpreter\linkResolver.cpp, line 804]
Event: 0.450 Thread 0x0000025ad50421d0 Exception <a 'java/lang/ClassNotFoundException'{0x00000007119b6780}: javax/management/remote/rmi/RMIServerImpl_Skel> (0x00000007119b6780) 
thrown [s\src\hotspot\share\classfile\systemDictionary.cpp, line 327]
Event: 0.465 Thread 0x0000025ad50421d0 Exception <a 'java/lang/NoSuchMethodError'{0x00000007119c85a8}: 'long java.lang.invoke.DirectMethodHandle$Holder.invokeSpecial(java.lang.Object, java.lang.Object)'> (0x00000007119c85a8) 
thrown [s\src\hotspot\share\interpreter\linkResolver.cpp, line 804]
Event: 0.465 Thread 0x0000025ad50421d0 Exception <a 'java/lang/NoSuchMethodError'{0x00000007119d0498}: 'long java.lang.invoke.Invokers$Holder.invokeExact_MT(java.lang.Object, java.lang.Object)'> (0x00000007119d0498) 
thrown [s\src\hotspot\share\interpreter\linkResolver.cpp, line 804]
Event: 0.517 Thread 0x0000025ad5c70f80 Exception <a 'java/lang/NoSuchMethodError'{0x0000000712c47d98}: static [B.<clinit>()V> (0x0000000712c47d98) 
thrown [s\src\hotspot\share\prims\jni.cpp, line 1106]
Event: 0.519 Thread 0x0000025ad5c70f80 Exception <a 'java/lang/NoSuchMethodError'{0x0000000712c496f8}: 'java.lang.Object java.lang.invoke.DirectMethodHandle$Holder.invokeInterface(java.lang.Object, java.lang.Object, java.lang.Object)'> (0x0000000712c496f8) 
thrown [s\src\hotspot\share\interpreter\linkResolver.cpp, line 804]
Event: 0.606 Thread 0x0000025ad5ac53f0 Exception <a 'java/lang/NoSuchMethodError'{0x0000000712d06968}: 'java.lang.Object java.lang.invoke.DirectMethodHandle$Holder.invokeSpecial(java.lang.Object, java.lang.Object, java.lang.Object, java.lang.Object, long)'> (0x0000000712d06968) 
thrown [s\src\hotspot\share\interpreter\linkResolver.cpp, line 804]
Event: 0.607 Thread 0x0000025ad5c70f80 Exception <a 'java/lang/ClassNotFoundException'{0x0000000712c69aa8}: javax/management/remote/rmi/RMIConnectionImpl_Skel> (0x0000000712c69aa8) 
thrown [s\src\hotspot\share\classfile\systemDictionary.cpp, line 327]
Event: 0.607 Thread 0x0000025ad5ac53f0 Exception <a 'java/lang/NoSuchMethodError'{0x0000000712d16988}: 'java.lang.Object java.lang.invoke.Invokers$Holder.linkToTargetMethod(java.lang.Object, long, java.lang.Object)'> (0x0000000712d16988) 
thrown [s\src\hotspot\share\interpreter\linkResolver.cpp, line 804]
Event: 0.613 Thread 0x0000025ad5c70f80 Exception <a 'java/lang/NoSuchMethodError'{0x0000000711e09388}: 'java.lang.Object java.lang.invoke.DirectMethodHandle$Holder.invokeInterface(java.lang.Object, java.lang.Object)'> (0x0000000711e09388) 
thrown [s\src\hotspot\share\interpreter\linkResolver.cpp, line 804]
Event: 0.620 Thread 0x0000025ad5c70f80 Exception <a 'java/lang/NoSuchMethodError'{0x0000000711e4a330}: 'int java.lang.invoke.DelegatingMethodHandle$Holder.reinvoke_L(java.lang.Object, java.lang.Object, java.lang.Object, java.lang.Object, java.lang.Object)'> (0x0000000711e4a330) 
thrown [s\src\hotspot\share\interpreter\linkResolver.cpp, line 804]
Event: 0.625 Thread 0x0000025ad5c70f80 Exception <a 'java/lang/NoSuchMethodError'{0x0000000711e89a40}: 'java.lang.Object java.lang.invoke.DirectMethodHandle$Holder.invokeStatic(java.lang.Object, java.lang.Object, java.lang.Object, java.lang.Object, java.lang.Object, java.lang.Object, java.lang.Object, java.lang.Object, java.lang.Object)'> (0x0000000711e89a40) 
thrown [s\src\hotspot\share\interpreter\linkResolver.cpp, line 804]
Event: 0.626 Thread 0x0000025ad5c70f80 Exception <a 'java/lang/NoSuchMethodError'{0x0000000711e9cf48}: 'java.lang.Object java.lang.invoke.Invokers$Holder.invokeExact_MT(java.lang.Object, java.lang.Object, java.lang.Object, java.lang.Object, java.lang.Object, java.lang.Object)'> (0x0000000711e9cf48) 
thrown [s\src\hotspot\share\interpreter\linkResolver.cpp, line 804]
Event: 0.629 Thread 0x0000025ad5c70f80 Exception <a 'java/lang/NoSuchMethodError'{0x0000000711ea8cc0}: 'java.lang.Object java.lang.invoke.DirectMethodHandle$Holder.invokeInterface(java.lang.Object, java.lang.Object, java.lang.Object, java.lang.Object, java.lang.Object)'> (0x0000000711ea8cc0) 
thrown [s\src\hotspot\share\interpreter\linkResolver.cpp, line 804]
Event: 0.637 Thread 0x0000025ad5c70f80 Exception <a 'java/lang/NoSuchMethodError'{0x0000000711ef34d8}: 'double java.lang.invoke.DirectMethodHandle$Holder.invokeInterface(java.lang.Object, java.lang.Object)'> (0x0000000711ef34d8) 
thrown [s\src\hotspot\share\interpreter\linkResolver.cpp, line 804]
Event: 0.638 Thread 0x0000025ad5c70f80 Exception <a 'java/lang/NoSuchMethodError'{0x0000000711307a98}: 'double java.lang.invoke.DelegatingMethodHandle$Holder.reinvoke_L(java.lang.Object, java.lang.Object)'> (0x0000000711307a98) 
thrown [s\src\hotspot\share\interpreter\linkResolver.cpp, line 804]

VM Operations (20 events):
Event: 0.127 Executing non-safepoint VM operation: HandshakeAllThreads (Deoptimize)
Event: 0.127 Executing non-safepoint VM operation: HandshakeAllThreads (Deoptimize) done
Event: 0.135 Executing non-safepoint VM operation: HandshakeAllThreads (Deoptimize)
Event: 0.138 Executing non-safepoint VM operation: HandshakeAllThreads (Deoptimize) done
Event: 0.377 Executing safepoint VM operation: G1CollectForAllocation (G1 Evacuation Pause)
Event: 0.391 Executing safepoint VM operation: G1CollectForAllocation (G1 Evacuation Pause) done
Event: 0.478 Executing safepoint VM operation: G1CollectForAllocation (G1 Evacuation Pause)
Event: 0.492 Executing safepoint VM operation: G1CollectForAllocation (G1 Evacuation Pause) done
Event: 0.526 Executing non-safepoint VM operation: HandshakeAllThreads (Deoptimize)
Event: 0.605 Executing non-safepoint VM operation: HandshakeAllThreads (Deoptimize) done
Event: 0.694 Executing safepoint VM operation: G1CollectForAllocation (G1 Evacuation Pause)
Event: 0.709 Executing safepoint VM operation: G1CollectForAllocation (G1 Evacuation Pause) done
Event: 0.724 Executing safepoint VM operation: G1TryInitiateConcMark (G1 Humongous Allocation)
Event: 0.728 Executing safepoint VM operation: G1TryInitiateConcMark (G1 Humongous Allocation) done
Event: 0.734 Executing safepoint VM operation: G1PauseRemark
Event: 0.736 Executing safepoint VM operation: G1PauseRemark done
Event: 0.738 Executing safepoint VM operation: G1PauseCleanup
Event: 0.738 Executing safepoint VM operation: G1PauseCleanup done
Event: 0.965 Executing safepoint VM operation: G1CollectForAllocation (G1 Evacuation Pause)
Event: 0.967 Executing safepoint VM operation: G1CollectForAllocation (G1 Evacuation Pause) done

Memory protections (0 events):
No events

Nmethod flushes (0 events):
No events

Events (19 events):
Event: 0.034 Thread 0x0000025ab3405b40 Thread added: 0x0000025ab3405b40
Event: 0.050 Thread 0x0000025ab3405b40 Thread added: 0x0000025ad50448c0
Event: 0.050 Thread 0x0000025ab3405b40 Thread added: 0x0000025ad5045320
Event: 0.050 Thread 0x0000025ab3405b40 Thread added: 0x0000025ad5040600
Event: 0.050 Thread 0x0000025ab3405b40 Thread added: 0x0000025ad50421d0
Event: 0.050 Thread 0x0000025ab3405b40 Thread added: 0x0000025ad50431a0
Event: 0.050 Thread 0x0000025ab3405b40 Thread added: 0x0000025ad504ffd0
Event: 0.050 Thread 0x0000025ab3405b40 Thread added: 0x0000025ad5061000
Event: 0.051 Thread 0x0000025ab3405b40 Thread added: 0x0000025ad5061e70
Event: 0.095 Thread 0x0000025ab3405b40 Thread added: 0x0000025ad526cf40
Event: 0.117 Thread 0x0000025ab3405b40 Thread added: 0x0000025ad5287880
Event: 0.117 Thread 0x0000025ab3405b40 Thread added: 0x0000025ad5288040
Event: 0.233 Thread 0x0000025ab3405b40 Thread added: 0x0000025ad570f7d0
Event: 0.307 Thread 0x0000025ad5061e70 Thread added: 0x0000025ad5a44f10
Event: 0.309 Thread 0x0000025ad5061000 Thread added: 0x0000025ad5a2f8b0
Event: 0.459 Thread 0x0000025ad50421d0 Thread added: 0x0000025ad5aebc00
Event: 0.496 Thread 0x0000025ad5aebc00 Thread added: 0x0000025ad5c70f80
Event: 0.516 Thread 0x0000025ad5c70f80 Thread added: 0x0000025ad5c8bbf0
Event: 0.524 Thread 0x0000025ad5c70f80 Thread added: 0x0000025ad5ac53f0


Dynamic libraries:
0x00007ff61f4a0000 - 0x00007ff61f4ae000 	C:\Users\karol\.jdks\liberica-25.0.2\bin\java.exe
0x00007ffe2aca0000 - 0x00007ffe2af07000 	C:\WINDOWS\SYSTEM32\ntdll.dll
0x00007ffe28a30000 - 0x00007ffe28af9000 	C:\WINDOWS\System32\KERNEL32.DLL
0x00007ffe28600000 - 0x00007ffe289f4000 	C:\WINDOWS\System32\KERNELBASE.dll
0x00007ffe27570000 - 0x00007ffe276bb000 	C:\WINDOWS\System32\ucrtbase.dll
0x00007ffe16820000 - 0x00007ffe1683b000 	C:\Users\karol\.jdks\liberica-25.0.2\bin\VCRUNTIME140.dll
0x00007ffe159d0000 - 0x00007ffe159e6000 	C:\Users\karol\.jdks\liberica-25.0.2\bin\jli.dll
0x00007ffe291d0000 - 0x00007ffe29395000 	C:\WINDOWS\System32\USER32.dll
0x00007ffe28a00000 - 0x00007ffe28a27000 	C:\WINDOWS\System32\win32u.dll
0x00007ffe29760000 - 0x00007ffe2978b000 	C:\WINDOWS\System32\GDI32.dll
0x00007ffe284d0000 - 0x00007ffe285fb000 	C:\WINDOWS\System32\gdi32full.dll
0x00007ffe05db0000 - 0x00007ffe06043000 	C:\WINDOWS\WinSxS\amd64_microsoft.windows.common-controls_6595b64144ccf1df_6.0.26100.8115_none_3e075c82e3354f9c\COMCTL32.dll
0x00007ffe28cd0000 - 0x00007ffe28d79000 	C:\WINDOWS\System32\msvcrt.dll
0x00007ffe28420000 - 0x00007ffe284c3000 	C:\WINDOWS\System32\msvcp_win.dll
0x00007ffe28c00000 - 0x00007ffe28c32000 	C:\WINDOWS\System32\IMM32.DLL
0x00007ffe15a90000 - 0x00007ffe15a9c000 	C:\Users\karol\.jdks\liberica-25.0.2\bin\vcruntime140_1.dll
0x00007ffdbe2e0000 - 0x00007ffdbe36e000 	C:\Users\karol\.jdks\liberica-25.0.2\bin\msvcp140.dll
0x00007ffd326b0000 - 0x00007ffd335f1000 	C:\Users\karol\.jdks\liberica-25.0.2\bin\server\jvm.dll
0x00007ffe29e10000 - 0x00007ffe29ec6000 	C:\WINDOWS\System32\ADVAPI32.dll
0x00007ffe28fc0000 - 0x00007ffe29067000 	C:\WINDOWS\System32\sechost.dll
0x00007ffe293b0000 - 0x00007ffe294c8000 	C:\WINDOWS\System32\RPCRT4.dll
0x00007ffe294d0000 - 0x00007ffe29550000 	C:\WINDOWS\System32\WS2_32.dll
0x00007ffe1f7b0000 - 0x00007ffe1f7e6000 	C:\WINDOWS\SYSTEM32\WINMM.dll
0x00007ffe0bf30000 - 0x00007ffe0bf3b000 	C:\WINDOWS\SYSTEM32\VERSION.dll
0x00007ffe26170000 - 0x00007ffe261ce000 	C:\WINDOWS\SYSTEM32\POWRPROF.dll
0x00007ffe26150000 - 0x00007ffe26164000 	C:\WINDOWS\SYSTEM32\UMPDC.dll
0x00007ffe26420000 - 0x00007ffe2643b000 	C:\WINDOWS\SYSTEM32\kernel.appcore.dll
0x00007ffe159c0000 - 0x00007ffe159ca000 	C:\Users\karol\.jdks\liberica-25.0.2\bin\jimage.dll
0x00007ffe24cd0000 - 0x00007ffe24f12000 	C:\WINDOWS\SYSTEM32\DBGHELP.DLL
0x00007ffe29930000 - 0x00007ffe29cb2000 	C:\WINDOWS\System32\combase.dll
0x00007ffe29cc0000 - 0x00007ffe29d98000 	C:\WINDOWS\System32\OLEAUT32.dll
0x00007ffdf7c20000 - 0x00007ffdf7c5b000 	C:\WINDOWS\SYSTEM32\dbgcore.DLL
0x00007ffe276c0000 - 0x00007ffe27765000 	C:\WINDOWS\System32\bcryptPrimitives.dll
0x00007ffe15970000 - 0x00007ffe1597f000 	C:\Users\karol\.jdks\liberica-25.0.2\bin\instrument.dll
0x00007ffe0cac0000 - 0x00007ffe0cade000 	C:\Users\karol\.jdks\liberica-25.0.2\bin\java.dll
0x00007ffe29790000 - 0x00007ffe29927000 	C:\WINDOWS\System32\ole32.dll
0x00007ffe2a490000 - 0x00007ffe2abf7000 	C:\WINDOWS\System32\SHELL32.dll
0x00007ffe278f0000 - 0x00007ffe27a5a000 	C:\WINDOWS\System32\wintypes.dll
0x00007ffe27bb0000 - 0x00007ffe28418000 	C:\WINDOWS\System32\windows.storage.dll
0x00007ffe28b00000 - 0x00007ffe28bf8000 	C:\WINDOWS\System32\SHCORE.dll
0x00007ffe29da0000 - 0x00007ffe29e06000 	C:\WINDOWS\System32\shlwapi.dll
0x00007ffe27490000 - 0x00007ffe274b9000 	C:\WINDOWS\SYSTEM32\profapi.dll
0x00007ffe0bcd0000 - 0x00007ffe0bce7000 	C:\Users\karol\.jdks\liberica-25.0.2\bin\zip.dll
0x00007ffe157d0000 - 0x00007ffe157e0000 	C:\Users\karol\.jdks\liberica-25.0.2\bin\net.dll
0x00007ffe26990000 - 0x00007ffe269fc000 	C:\WINDOWS\system32\mswsock.dll
0x00007ffe0a9e0000 - 0x00007ffe0a9f6000 	C:\Users\karol\.jdks\liberica-25.0.2\bin\nio.dll
0x00007ffe0a280000 - 0x00007ffe0a289000 	C:\Users\karol\.jdks\liberica-25.0.2\bin\extnet.dll
0x00007ffda1cd0000 - 0x00007ffda1e4e000 	C:\Users\karol\.jdks\liberica-25.0.2\bin\awt.dll
0x00007ffe24a70000 - 0x00007ffe24b0f000 	C:\WINDOWS\SYSTEM32\apphelp.dll
0x00007ffe25e60000 - 0x00007ffe25f92000 	C:\WINDOWS\SYSTEM32\DNSAPI.dll
0x00007ffe25d70000 - 0x00007ffe25da2000 	C:\WINDOWS\SYSTEM32\IPHLPAPI.DLL
0x00007ffe2ac00000 - 0x00007ffe2ac0a000 	C:\WINDOWS\System32\NSI.dll
0x00007ffe1f3e0000 - 0x00007ffe1f3eb000 	C:\Windows\System32\rasadhlp.dll
0x00007ffe22180000 - 0x00007ffe22206000 	C:\WINDOWS\System32\fwpuclnt.dll
0x00007ffe0a270000 - 0x00007ffe0a27a000 	C:\Users\karol\.jdks\liberica-25.0.2\bin\management.dll
0x00007ffe0a260000 - 0x00007ffe0a26b000 	C:\Users\karol\.jdks\liberica-25.0.2\bin\management_ext.dll
0x00007ffe28cc0000 - 0x00007ffe28cc8000 	C:\WINDOWS\System32\PSAPI.DLL
0x00007ffe26c70000 - 0x00007ffe26c8b000 	C:\WINDOWS\SYSTEM32\CRYPTSP.dll
0x00007ffe26380000 - 0x00007ffe263b9000 	C:\WINDOWS\system32\rsaenh.dll
0x00007ffe26a40000 - 0x00007ffe26a73000 	C:\WINDOWS\SYSTEM32\USERENV.dll
0x00007ffe27460000 - 0x00007ffe2748a000 	C:\WINDOWS\SYSTEM32\bcrypt.dll
0x00007ffe26c90000 - 0x00007ffe26c9c000 	C:\WINDOWS\SYSTEM32\CRYPTBASE.dll
0x00007ffdedbf0000 - 0x00007ffdedc08000 	C:\WINDOWS\system32\napinsp.dll
0x00007ffdee200000 - 0x00007ffdee213000 	C:\WINDOWS\System32\winrnr.dll
0x00007ffdedc70000 - 0x00007ffdedc92000 	C:\WINDOWS\system32\nlansp_c.dll
0x00007ffdedc50000 - 0x00007ffdedc66000 	C:\WINDOWS\system32\wshbth.dll
0x00007ffdfc040000 - 0x00007ffdfc079000 	C:\Users\karol\OneDrive\Pulpit\studia\karmil4951_javatz_2026\lab08\libnative.dll
0x00007ffdf67d0000 - 0x00007ffdf6826000 	C:\WINDOWS\SYSTEM32\pdh.dll

JVMTI agents:
C:\Program Files\JetBrains\IntelliJ IDEA 2025.3.4\lib\idea_rt.jar path:C:\Users\karol\.jdks\liberica-25.0.2\bin\instrument.dll, loaded, initialized, instrumentlib options:55771

dbghelp: loaded successfully - version: 4.0.5 - missing functions: none
symbol engine: initialized successfully - sym options: 0x614 - pdb path: .;C:\Users\karol\.jdks\liberica-25.0.2\bin;C:\WINDOWS\SYSTEM32;C:\WINDOWS\WinSxS\amd64_microsoft.windows.common-controls_6595b64144ccf1df_6.0.26100.8115_none_3e075c82e3354f9c;C:\Users\karol\.jdks\liberica-25.0.2\bin\server;C:\Users\karol\OneDrive\Pulpit\studia\karmil4951_javatz_2026\lab08

VM Arguments:
jvm_args: -javaagent:C:\Program Files\JetBrains\IntelliJ IDEA 2025.3.4\lib\idea_rt.jar=55771 -Dfile.encoding=UTF-8 -Dsun.stdout.encoding=UTF-8 -Dsun.stderr.encoding=UTF-8 
java_command: pwr.karmil.Main
java_class_path (initial): C:\Users\karol\OneDrive\Pulpit\studia\karmil4951_javatz_2026\lab08\target\classes
Launcher Type: SUN_STANDARD

[Global flags]
     intx CICompilerCount                          = 4                                         {product} {ergonomic}
     uint ConcGCThreads                            = 2                                         {product} {ergonomic}
     uint G1ConcRefinementThreads                  = 8                                         {product} {ergonomic}
   size_t G1HeapRegionSize                         = 2097152                                   {product} {ergonomic}
   size_t InitialHeapSize                          = 266338304                                 {product} {ergonomic}
   size_t MarkStackSize                            = 4194304                                   {product} {ergonomic}
   size_t MarkStackSizeMax                         = 536870912                                 {product} {ergonomic}
   size_t MaxHeapSize                              = 4238344192                                {product} {ergonomic}
   size_t MaxNewSize                               = 2541748224                                {product} {ergonomic}
   size_t MinHeapDeltaBytes                        = 2097152                                   {product} {ergonomic}
   size_t MinHeapSize                              = 8388608                                   {product} {ergonomic}
    uintx NonNMethodCodeHeapSize                   = 5832704                                {pd product} {ergonomic}
    uintx NonProfiledCodeHeapSize                  = 122945536                              {pd product} {ergonomic}
    uintx ProfiledCodeHeapSize                     = 122880000                              {pd product} {ergonomic}
    uintx ReservedCodeCacheSize                    = 251658240                              {pd product} {ergonomic}
     bool SegmentedCodeCache                       = true                                      {product} {ergonomic}
   size_t SoftMaxHeapSize                          = 4238344192                             {manageable} {ergonomic}
     bool UseCompressedOops                        = true                           {product lp64_product} {ergonomic}
     bool UseG1GC                                  = true                                      {product} {ergonomic}
     bool UseLargePagesIndividualAllocation        = false                                  {pd product} {ergonomic}

Logging:
Log output configuration:
 #0: stdout all=warning uptime,level,tags foldmultilines=false
 #1: stderr all=off uptime,level,tags foldmultilines=false

Release file:
IMPLEMENTOR="BellSoft" 
JAVA_RUNTIME_VERSION="25.0.2+12-LTS" 
JAVA_VERSION="25.0.2" 
JAVA_VERSION_DATE="2026-01-20" 
LIBC="default" 
MODULES="java.base java.compiler java.datatransfer java.xml java.prefs java.desktop java.instrument java.logging java.management java.security.sasl java.naming java.rmi java.management.rmi java.net.http java.scripting java.security.jgss java.transaction.xa java.sql java.sql.rowset java.xml.crypto java.se java.smartcardio jdk.accessibility jdk.internal.jvmstat jdk.attach jdk.charsets jdk.internal.opt jdk.zipfs jdk.compiler jdk.crypto.cryptoki jdk.crypto.ec jdk.crypto.mscapi jdk.dynalink jdk.internal.ed jdk.editpad jdk.internal.vm.ci jdk.graal.compiler jdk.graal.compiler.management jdk.hotspot.agent jdk.httpserver jdk.incubator.vector jdk.internal.le jdk.internal.md jdk.jartool jdk.javadoc jdk.jcmd jdk.management jdk.management.agent jdk.jconsole jdk.jdeps jdk.jdwp.agent jdk.jdi jdk.jfr jdk.jlink jdk.jpackage jdk.jshell jdk.jsobject jdk.jstatd jdk.localedata jdk.management.jfr jdk.naming.dns jdk.naming.rmi jdk.net jdk.nio.mapmode jdk.sctp jdk.security.auth jdk.security.jgss jdk.unsupported jdk.unsupported.desktop jdk.xml.dom" 
OS_ARCH="x86_64" 
OS_NAME="Windows" 
SOURCE=".:git:a1073b668410+" 

Environment Variables:
JAVA_HOME=C:\Users\karol\.jdks\jbr-17.0.9
PATH=C:\Program Files\Common Files\Oracle\Java\javapath;C:\Program Files (x86)\Common Files\Oracle\Java\java8path;C:\Program Files (x86)\Common Files\Oracle\Java\javapath;C:\Windows\system32;C:\Windows;C:\Windows\System32\Wbem;C:\Windows\System32\WindowsPowerShell\v1.0\;C:\Windows\System32\OpenSSH\;C:\Program Files (x86)\NVIDIA Corporation\PhysX\Common;C:\Program Files\NVIDIA Corporation\NVIDIA NvDLISR;C:\WINDOWS\system32;C:\WINDOWS;C:\WINDOWS\System32\Wbem;C:\WINDOWS\System32\WindowsPowerShell\v1.0\;C:\WINDOWS\System32\OpenSSH\;C:\Program Files\PuTTY\;C:\Program Files\Git\cmd;C:\Users\karol\AppData\Local\Programs\Python\Python314\Scripts\;C:\Users\karol\AppData\Local\Programs\Python\Python314\;C:\Users\karol\AppData\Local\Programs\Python\Launcher\;C:\Users\karol\AppData\Local\Microsoft\WindowsApps;C:\Users\karol\AppData\Local\Programs\Microsoft VS Code\bin;C:\Program Files\JetBrains\PyCharm 2025.3.1\bin;C:\Program Files\JetBrains\CLion 2024.3.4\bin;;C:\Program Files\JetBrains\IntelliJ IDEA 2025.3.4\bin;C:\Users\karol\AppData\Local\Android\Sdk\platform-tools;C:\Users\karol\AppData\Local\Android\Sdk\emulator;C:\Users\karol\.jdks\jbr-17.0.9\bin;
USERNAME=karol
OS=Windows_NT
PROCESSOR_IDENTIFIER=Intel64 Family 6 Model 140 Stepping 2, GenuineIntel
TMP=C:\Users\karol\AppData\Local\Temp
TEMP=C:\Users\karol\AppData\Local\Temp




Compilation memory statistics disabled.

Periodic native trim disabled

---------------  S Y S T E M  ---------------

OS:
 Windows 11 , 64 bit Build 26100 (10.0.26100.8246)
OS uptime: 8 days 4:13 hours
Hyper-V role detected

CPU: total 8 (initial active 8) (4 cores per cpu, 2 threads per core) family 6 model 140 stepping 2 microcode 0x26, cx8, cmov, fxsr, ht, mmx, 3dnowpref, sse, sse2, sse3, ssse3, sse4.1, sse4.2, popcnt, lzcnt, tsc, tscinvbit, avx, avx2, aes, erms, clmul, bmi1, bmi2, adx, avx512f, avx512dq, avx512cd, avx512bw, avx512vl, sha, fma, vzeroupper, avx512_vpopcntdq, avx512_vpclmulqdq, avx512_vaes, avx512_vnni, clflush, clflushopt, clwb, avx512_vbmi2, avx512_vbmi, hv, rdtscp, rdpid, fsrm, gfni, avx512_bitalg, f16c, cet_ibt, cet_ss, avx512_ifma
Processor Information for the first 8 processors :
  Max Mhz: 3187, Current Mhz: 3187, Mhz Limit: 3187

Memory: 4k page, system-wide physical 16167M (495M free)
TotalPageFile size 44445M (AvailPageFile size 2405M)
current process WorkingSet (physical memory assigned to process): 305M, peak: 317M
current process commit charge ("private bytes"): 362M, peak: 375M

vm_info: OpenJDK 64-Bit Server VM (25.0.2+12-LTS) for windows-amd64 JRE (25.0.2+12-LTS), built on 2026-01-15T12:42:03Z with MS VC++ 17.1 (VS2022)

END.
